+++ Arguments Passed +++
Namespace(model='jxm/gtr__nq__32__correct', beir_dataset='trec-covid', beam_width=8, steps=50, batch_size=16, max_samples=120, output_csv=None, max_length=28)
Set num workers to 1
+++ model_args +++
ModelArguments(model_name_or_path='t5-base', embedder_model_name='gtr_base', embedder_model_api=None, embedder_gaussian_noise_level=0.0, embedder_torch_dtype='float32', embedding_transform_strategy='repeat', encoder_dropout_disabled=False, decoder_dropout_disabled=False, model_type=None, config_overrides=None, config_name=None, tokenizer_name=None, cache_dir=None, model_revision='main', max_seq_length=32, torch_dtype=None, num_repeat_tokens=16, embedding_zero_except_topk=None, embedder_no_grad=True, use_lora=False, embedder_fake_with_zeros=False, use_frozen_embeddings_as_input=False, corrector_ignore_hypothesis_embedding=False, embeddings_from_layer_n=None, freeze_strategy='none')

+++ data_args +++
DataArguments(dataset_name='nq', max_eval_samples=500, use_less_data=1000)

+++ training_args +++
TrainingArguments(
_n_gpu=1,
accelerator_config={'split_batches': False, 'dispatch_batches': None, 'even_batches': True, 'use_seedable_sampler': True, 'non_blocking': False, 'gradient_accumulation_kwargs': None, 'use_configured_state': False},
adafactor=False,
adam_beta1=0.9,
adam_beta2=0.999,
adam_epsilon=1e-06,
auto_find_batch_size=False,
average_tokens_across_devices=False,
batch_eval_metrics=False,
bf16=0,
bf16_full_eval=False,
cheat_on_train_hypotheses=False,
corrector_model_alias=None,
corrector_model_from_pretrained=jxm/gtr__nq__32,
data_seed=None,
dataloader_drop_last=False,
dataloader_num_workers=0,
dataloader_persistent_workers=False,
dataloader_pin_memory=True,
dataloader_prefetch_factor=None,
ddp_backend=None,
ddp_broadcast_buffers=None,
ddp_bucket_cap_mb=None,
ddp_find_unused_parameters=None,
ddp_timeout=1800,
debug=[],
deepspeed=None,
disable_tqdm=True,
dispatch_batches=None,
do_eval=False,
do_predict=False,
do_train=False,
eval_accumulation_steps=None,
eval_delay=0,
eval_do_concat_batches=True,
eval_on_start=False,
eval_steps=6250,
eval_strategy=steps,
eval_use_gather_object=False,
evaluation_strategy=steps,
exp_group_name=gtr_corrector,
exp_name=,
experiment=corrector,
fp16=False,
fp16_backend=auto,
fp16_full_eval=False,
fp16_opt_level=O1,
fsdp=[],
fsdp_config={'min_num_params': 0, 'xla': False, 'xla_fsdp_grad_ckpt': False},
fsdp_min_num_params=0,
fsdp_transformer_layer_cls_to_wrap=None,
full_determinism=False,
gradient_accumulation_steps=1,
gradient_checkpointing=False,
gradient_checkpointing_kwargs=None,
greater_is_better=False,
group_by_length=True,
half_precision_backend=auto,
hub_always_push=False,
hub_model_id=None,
hub_private_repo=False,
hub_strategy=every_save,
hub_token=<HUB_TOKEN>,
ignore_data_skip=False,
include_for_metrics=['inputs'],
include_inputs_for_metrics=True,
include_num_input_tokens_seen=False,
include_tokens_per_second=False,
jit_mode_eval=False,
label_names=None,
label_smoothing_factor=0.0,
learning_rate=0.00282842712,
length_column_name=length,
load_best_model_at_end=True,
local_rank=-1,
log_level=passive,
log_level_replica=warning,
log_on_each_node=True,
logging_dir=/home/wentingz/vec2text/saves/gtr-nq-msl32-correct/runs/Nov05_04-29-22_mosaic-cirrascale-03.reviz.ai2.in,
logging_first_step=False,
logging_nan_inf_filter=True,
logging_steps=50,
logging_strategy=steps,
lr_scheduler_kwargs={},
lr_scheduler_type=linear,
max_grad_norm=1.0,
max_steps=-1,
metric_for_best_model=nq_loss,
mock_embedder=False,
mp_parameters=,
neftune_noise_alpha=None,
no_cuda=True,
num_train_epochs=200.0,
optim=adamw_torch,
optim_args=None,
optim_target_modules=None,
output_dir=saves/jxm__gtr__nq__32__correct,
overwrite_output_dir=False,
past_index=-1,
per_device_eval_batch_size=256,
per_device_train_batch_size=256,
prediction_loss_only=False,
push_to_hub=False,
push_to_hub_model_id=None,
push_to_hub_organization=None,
push_to_hub_token=<PUSH_TO_HUB_TOKEN>,
ray_scope=last,
remove_unused_columns=False,
report_to=[],
restore_callback_states_from_checkpoint=False,
resume_from_checkpoint=None,
run_name=/home/wentingz/vec2text/saves/gtr-nq-msl32-correct,
save_on_each_node=False,
save_only_model=False,
save_safetensors=False,
save_steps=500,
save_strategy=steps,
save_total_limit=2,
seed=42,
skip_memory_metrics=True,
split_batches=None,
steps_per_epoch=500000,
tf32=None,
torch_compile=False,
torch_compile_backend=None,
torch_compile_mode=None,
torch_empty_cache_steps=None,
torchdynamo=None,
tpu_metrics_debug=False,
tpu_num_cores=None,
use_cpu=False,
use_ipex=False,
use_legacy_prediction_loop=False,
use_liger_kernel=False,
use_mps_device=False,
use_wandb=False,
warmup_ratio=0.0,
warmup_steps=25000,
weight_decay=0.0,
)

Experiment output_dir = saves/jxm__gtr__nq__32__correct
Set num workers to 1
+++ model_args +++
ModelArguments(model_name_or_path='t5-base', embedder_model_name='gtr_base', embedder_model_api=None, embedder_gaussian_noise_level=0.0, embedder_torch_dtype='float32', embedding_transform_strategy='repeat', encoder_dropout_disabled=False, decoder_dropout_disabled=False, model_type=None, config_overrides=None, config_name=None, tokenizer_name=None, cache_dir=None, model_revision='main', max_seq_length=32, torch_dtype=None, num_repeat_tokens=16, embedding_zero_except_topk=None, embedder_no_grad=True, use_lora=False, embedder_fake_with_zeros=False, use_frozen_embeddings_as_input=True, corrector_ignore_hypothesis_embedding=False, embeddings_from_layer_n=None, freeze_strategy='none')

+++ data_args +++
DataArguments(dataset_name='nq', max_eval_samples=500, use_less_data=1000)

+++ training_args +++
TrainingArguments(
_n_gpu=1,
accelerator_config={'split_batches': False, 'dispatch_batches': None, 'even_batches': True, 'use_seedable_sampler': True, 'non_blocking': False, 'gradient_accumulation_kwargs': None, 'use_configured_state': False},
adafactor=False,
adam_beta1=0.9,
adam_beta2=0.999,
adam_epsilon=1e-06,
auto_find_batch_size=False,
average_tokens_across_devices=False,
batch_eval_metrics=False,
bf16=0,
bf16_full_eval=False,
cheat_on_train_hypotheses=False,
corrector_model_alias=None,
corrector_model_from_pretrained=None,
data_seed=None,
dataloader_drop_last=False,
dataloader_num_workers=0,
dataloader_persistent_workers=False,
dataloader_pin_memory=True,
dataloader_prefetch_factor=None,
ddp_backend=None,
ddp_broadcast_buffers=None,
ddp_bucket_cap_mb=None,
ddp_find_unused_parameters=None,
ddp_timeout=1800,
debug=[],
deepspeed=None,
disable_tqdm=True,
dispatch_batches=None,
do_eval=False,
do_predict=False,
do_train=False,
eval_accumulation_steps=None,
eval_delay=0,
eval_do_concat_batches=True,
eval_on_start=False,
eval_steps=1250,
eval_strategy=steps,
eval_use_gather_object=False,
evaluation_strategy=steps,
exp_group_name=oct-gtr32,
exp_name=,
experiment=inversion,
fp16=False,
fp16_backend=auto,
fp16_full_eval=False,
fp16_opt_level=O1,
fsdp=[],
fsdp_config={'min_num_params': 0, 'xla': False, 'xla_fsdp_grad_ckpt': False},
fsdp_min_num_params=0,
fsdp_transformer_layer_cls_to_wrap=None,
full_determinism=False,
gradient_accumulation_steps=1,
gradient_checkpointing=False,
gradient_checkpointing_kwargs=None,
greater_is_better=False,
group_by_length=True,
half_precision_backend=auto,
hub_always_push=False,
hub_model_id=None,
hub_private_repo=False,
hub_strategy=every_save,
hub_token=<HUB_TOKEN>,
ignore_data_skip=False,
include_for_metrics=['inputs'],
include_inputs_for_metrics=True,
include_num_input_tokens_seen=False,
include_tokens_per_second=False,
jit_mode_eval=False,
label_names=None,
label_smoothing_factor=0.0,
learning_rate=0.002,
length_column_name=length,
load_best_model_at_end=True,
local_rank=-1,
log_level=passive,
log_level_replica=warning,
log_on_each_node=True,
logging_dir=/home/wentingz/vec2text/saves/gtr-nq-msl32/runs/Nov01_18-00-43_mosaic-cirrascale-03.reviz.ai2.in,
logging_first_step=False,
logging_nan_inf_filter=True,
logging_steps=25,
logging_strategy=steps,
lr_scheduler_kwargs={},
lr_scheduler_type=constant_with_warmup,
max_grad_norm=1.0,
max_steps=-1,
metric_for_best_model=nq_loss,
mock_embedder=False,
mp_parameters=,
neftune_noise_alpha=None,
no_cuda=True,
num_train_epochs=300.0,
optim=adamw_torch,
optim_args=None,
optim_target_modules=None,
output_dir=saves/jxm__gtr__nq__32,
overwrite_output_dir=False,
past_index=-1,
per_device_eval_batch_size=256,
per_device_train_batch_size=512,
prediction_loss_only=False,
push_to_hub=False,
push_to_hub_model_id=None,
push_to_hub_organization=None,
push_to_hub_token=<PUSH_TO_HUB_TOKEN>,
ray_scope=last,
remove_unused_columns=False,
report_to=[],
restore_callback_states_from_checkpoint=False,
resume_from_checkpoint=None,
run_name=/home/wentingz/vec2text/saves/gtr-nq-msl32,
save_on_each_node=False,
save_only_model=False,
save_safetensors=False,
save_steps=125,
save_strategy=steps,
save_total_limit=2,
seed=42,
skip_memory_metrics=True,
split_batches=None,
steps_per_epoch=500000,
tf32=None,
torch_compile=False,
torch_compile_backend=None,
torch_compile_mode=None,
torch_empty_cache_steps=None,
torchdynamo=None,
tpu_metrics_debug=False,
tpu_num_cores=None,
use_cpu=False,
use_ipex=False,
use_legacy_prediction_loop=False,
use_liger_kernel=False,
use_mps_device=False,
use_wandb=False,
warmup_ratio=0.0,
warmup_steps=625,
weight_decay=0.0,
)

Experiment output_dir = saves/jxm__gtr__nq__32
Loading datasets with TOKENIZERS_PARALLELISM = False
loading train dataset from path: /home/scur0989/.cache/inversion/dd0d97ad14fd6897b0d31cecc2e14d13.arrow
loaded dict of val datasets from /home/scur0989/.cache/inversion/8a11157c2dba245e22bfdea7946e149e.arrow
Loading BEIR dataset: trec-covid
Original dataset size: 100000
Randomly selected 120 samples from the dataset.
Model tokens max_length: 28
Embedder tokens max_length: 28
+++ Trainer Args Passed +++
trainer.num_gen_recursive_steps: 50
trainer.sequence_beam_width: 8
Model name: jxm/gtr__nq__32__correct
max_seq_length: 512
Dataset({
    features: ['text'],
    num_rows: 120
})

=== Prediction-Label Pairs ===
Length of decoded_preds: 120
Length of decoded_labels: 120

Contents of decoded_preds:
Index 0: Sentiment lexicon plays a vital role in lexicon-based sentiment analysis. The lexicon-based method Senti
Index 1: br>As a result of the non-medical use of prescription opioids in Canada, opioid abuse is becoming increasingly using the
Index 2:  Background and objectives: SARS-CoV-2 is a new type of coronavirus that can affect people and causes respiratory
Index 3: As the oldest, but least understood sensory system in evolution, the olfactory system represents one of the most challenging research targets  
Index 4: Optical biosensor technology continues to be the method of choice for real-time interaction analysis,  and label-free . But when
Index 5:                
Index 6:                
Index 7: Although the degree of dispersion  in Poincaré plots of electroencephalograms (EEG),  termed the
Index 8: COMPLETE OBJECT  Sellar floor reconstruction is critical to avoid postoperative cerebrospinal fluid (CSF) leak 
Index 9: Infrascoscopic medial-sternal single-incision surgery is a minimally invasive surgical procedure option for patients that is
Index 10: The avian infectious bronchitis virus is classified into serotypes or genotypes (or both) in  
Index 11: We present a high aspect ratio microfluidic device for culturing cells inside an array of microchambers with  
Index 12: Arthritis and other rheumatic conditions are among the most common chronic diseases,   affecting 70 million U.S
Index 13: Norovirus  is the most common cause of non-bacterial gastroenteritis and is a burden worldwide. The increasing noro
Index 14:                
Index 15:                
Index 16: We report a case in ita of a pantropic canine wolf (Canis lupus) of Italian canine
Index 17:                
Index 18: significant mitral regurgitation (MR) repair. Backround Mitrosection is recommended for patients with a non-BACKG organic ure
Index 19:                
Index 20: Objective: To investigate the clinical characteristics of medical staff with novel coronavirus pneumonia(NCP). Methods: 30 patients
Index 21: Introduction>The material properties of meshes used in hernia repair contribute to the overall mechanical behavior of the 
Index 22: Site (SSI): The efficacy of antibiotic prophylaxis for the prevention of infection in a surgical-procedure
Index 23:                
Index 24: To analyze the prevention plan of traditional Chinese medicine (TCM) issued by different regions after the spread of coronavirus disease 2019  
Index 25: The number of active cases in the UK Covid-19 epidemic, the case fatality rate, the susceptible proportion of the population , and
Index 26: Enterovirus D68  (EV-D68) is a member of the species Enterovirus D in the genus 
Index 27: Over the past several decades, epidemic disease modelling has come across transitions to treating the study area as a whole with communizable  
Index 28: safe operative performance. Advances in technology have enabled pioneered techniques for zero-robot-assisted ischa-
Index 29:                
Index 30: High-frequency oscillatory ventilation  (HFOV) is now a mainstay of respiratory care for the neonatal patient.
Index 31:                
Index 32: Four intestinal viruses were compared in their ability to induce an antibody response for -antibody in piglets. The viruses were not detected due
Index 33: The ongoing stress-venom coronavirus test (coronaV) novel is expected to develop into an anticipated 2018 unprecedented pandemic of
Index 34: Study objective: To determine the relationship between  delirium in the intensive care unit (ICU) and outcomes including  length of stay in
Index 35: On March 30, 2020, , the AACR Board of Directors provided a letter to the U.S. Congressional leadership on behalf of 
Index 36: The world has recently undergone the most ambitious mitigation effort in a century, consisting of wide-spread quarantines   
Index 37:                
Index 38: The relevance of right atrial pressure (RAP) as the backpressure for venous return (QVR) and mean  system 
Index 39:                
Index 40: ABACTURS: Cytomegalovirus (CMV) infection, CMV is common in immunocompetent and intensive
Index 41: Background br>Early morbidity, mortality, and even health after an endovascular aortic repair are lower,
Index 42: This report aims to review current data on single-incision (single-port) laparoscopic surgery   (SILS
Index 43:                
Index 44: [Image:   ] Nucleoside analogues are among the most common medications given for the treatment of viral infections
Index 45: In December 2019 and January 2020, novel coronavirus (NC-COV) - 2019 - infected pneumonia (Cor
Index 46: BACTORLAND The goal of the study was to present the research of patients who underwent total laparoscopic extraperitoneal repair  
Index 47: Tetraspanins are suggested to regulate the composition of cell membrane components and control intracellular   transport, which leaves them vulnerable to
Index 48: Fusiform circumferential aneurysms of intracranial or posterior branches of the arterial circulation involving   per
Index 49:                
Index 50: high-obesity patients undergoing laparoscopic surgery with the purpose of reducing COSH; American Colloid Anastasis Society (
Index 51: Together with various hosts and environments, ubiquitous microbes interact closely with each other forming an intertwined system or community
Index 52:                
Index 53: Previous work has shown that the avian reovirus  sigma C (sigmaC) cell-attachment protein 
Index 54:            Cirometz babotium plant habit 
Index 55: The COVID-19 pandemic is a global contagion of health, economic, and social consequences in a total and unprecedented 
Index 56: RNA pseudoknots are structural elements found in almost all classes of RNA. Pseudoknots form
Index 57:                
Index 58: Hepatitis C virus (HCV) has been identified as the main causative agent of post-transfusion   non-
Index 59: Increasing the price of cigarettes can reduce smoking substantially by discouraging initiation among youths and young adults, prompting quit attempts
Index 60: OBJECTIVES The aim of the present study was to determine the outcomes of using the Valeo stent (
Index 61: Beginning in 2002, a small number of pig farms in western Canada began reporting 4- to 7-week-old pigs with 
Index 62: This study is anchored on the use of an eco-friendly effective plasma technique and cationization treatment to improve the hydropho
Index 63:                
Index 64: The basic reproduction number is a key parameter determining whether an infectious disease will persist. Over time, its counterpart  , the effective reproduction
Index 65:                
Index 66: The purpose of this meeting was to provide a forum for expert presentations and discussion about the threats of bioterrorism  and emerging infectious diseases, 
Index 67:                
Index 68: Mathematical models of transmission have become essential tools in planning and the management of emerging infectious diseases. A key control variable in the management of such 
Index 69:                
Index 70: BACKG and AIMS It is not clear whether single-operator, digital cholangioscopy (discontinues 
Index 71: Background Items. The direction and magnitude of intraarachnial flow in aneurysmal jet are a significant risk factor for subrach
Index 72:      The comparative effectiveness of percutaneous closure of patent foramen ovale (PFO) plus medical
Index 73: The pneumonia caused by the novel coronavirus, coronav, which began in December 2018–2018, has developed into the most serious
Index 74: A novel coronavirus (nCoV) spillover event, with its epicenter in Wuhan, People's Republic  
Index 75: BACKG Myelodystroplastic malformations (MDS) is one of the most frequent haematologic or mal
Index 76: The outbreak of 2019 novel coronavirus (COVID-19) infection emerged in Wuhan, China, in December 2019. Since  
Index 77: br>There is very little indescriptive data on Stenotrophomonas maltophilias hospital-
Index 78:                
Index 79:                
Index 80: our background, we recently demonstrated that type I Interferon (-IFN, -IFN) rescues in vitro human B
Index 81: immunoprotebral memory. Extensive antibody response histories recovered from vaccination is the basis for acute vaccination. This longitudinal
Index 82: To date real-time quantitative PCR and gene expression microarrays are the methods of choice for quantification of   nucleic
Index 83: PURPOSE REVIEW Most studies on the natural history of viral upper respiratory tract infections and their complications depend on the task of ascertain
Index 84: It was with great interest that we read the letter from Randy Cron and collaborators (1) linking the cytokine storm syndrome ( 
Index 85:  The British Columbia Ministry of Health's Framework for Core Functions in Public Health was the catalyst that inspired this review of best practices in
Index 86: Protracted Background Basal insulin analogues aim at succeeding glycemic control with minimal adverse effects. Purpose
Index 87:                
Index 88:                
Index 89: Although several clinical trials are now underway to test possible therapies, the worldwide response to the COVID-19 outbreak has been largely limited  
Index 90: Social distancing has been proven to be an effective measure against the spread of the infectious COronavian Virus (CO2017 
Index 91: OBJECTIVE   To report the perioperative outcomes of 200 patients with gynecologic cancer who underwent
Index 92: Brain oscillatory activity from the midline prefrontal region has been shown to reflect brain dysfunction   in subjects with Major Depressive Disorder
Index 93: Simultaneous extraction, and early separation of glycyrrhizic -liqumin 
Index 94:                
Index 95: To manage the spread of coronavirus, health entities have urged the public to take preventative measures such as social dist
Index 96: I.OBJECT, HEALTH IT: to analyze how governments, hospitals and health information technology companies use Internet technology to provide online services 
Index 97: To investigate the effect of balneotherapy on body mass index,  adipokine levels, sleep disturbances, and 
Index 98:                
Index 99: We revisit the parameter estimation framework for population dynamical  biological systems, and calibrate it to find and use empirical model-time in epidemiology 
Index 100: Comprehensive understanding of cancer in the United States Prostate cancer is one of the most common cancers in men. The specialized biology contributing to prostate cancer 
Index 101: Teaching the public health core competency of policy development to baccalaureate student nurses was the purpose of this project. This project 
Index 102: This review gives a thorough overview of the development of machine learning in geoscience. An analysis of the co-developments of machine learning from 
Index 103: -Voxychloroquine and Hydroxychloroquine have antiviral effects on severe background in vitro 
Index 104: The severe acute respiratory syndrome coronasvirus 2 (COV-2) (SARS-II) outbreak resulted in 6,993
Index 105: Combined with the increased referral for genetic testing and the current shortage of genetic counselors, the development and implementation of the testing has necessitate
Index 106: background br> br> The objective of this study was to assess the safety and efficacy of a novel 5-mm
Index 107:                
Index 108: Führungskräfte zu tragen ihre Mitarbeiter Verantwortung und Sorge zur promote und support ihrer Bewerbungserfolg. (ii) In den Arbeitsplatzen der
Index 109: As the world fights to control the severe spread of the Novel Coronavirus , countries are imposing measures to contain  restrictions on travel 
Index 110: In the last decade, we faced a large number of emerging pathogens. As a consequence   we had to adapt our medical
Index 111: Agile methods are designed for handling uncertainty in development and product adaptation, as well as reducing risks through transparency, inspection, and . Applying an
Index 112: Standard sutures used in laparoscopic total vaginal resuffocation from proximally hysterocim
Index 113: It was acknowledged long ago that viruses may cause cancer in animals. In 1911, Peyton Rous described viruses as causing s 
Index 114: PURPOSE Seroma is a complication of frequent post-operative laparoscopic direct inguinal hernia after surgery
Index 115: OBJECT diversion using the Flow Pipeline Embolosive embolization (PED) device has become a widely
Index 116: Viruses are smaller and simpler in construction than unicellular microorganisms, and they contain only one type of  
Index 117: Non-suicidal self-injury (NSSI) among adolescents is a major health concern   globally.
Index 118:                
Index 119: Patients undergoing hemodialysis are at risk for bloodstream infections (BSIs), and preventing these infections in this high 

Contents of decoded_labels:
Index 0: Sentiment lexicon plays a vital role in lexicon-based sentiment analysis. The lexicon-based method
Index 1: BACKGROUND With the non-medical use of prescription opioids increasingly becoming a method of abuse in Canada, the
Index 2: Background and objectives: SARS-CoV-2 is a new type of coronavirus that can affect people and causes respiratory
Index 3: As the oldest, but least understood sensory system in evolution, the olfactory system represents one of the most challenging research targets
Index 4: Optical biosensor technology continues to be the method of choice for label-free, real-time interaction analysis. But when it
Index 5: 
Index 6: 
Index 7: Although the degree of dispersion in Poincaré plots of electroencephalograms (EEG), termed the
Index 8: OBJECTIVE Complete sellar floor reconstruction is critical to avoid postoperative cerebrospinal fluid (CSF) leak
Index 9: Infrasternal mediastinoscopic single-incision surgery is a minimally invasive surgical option for patients
Index 10: The avian infectious bronchitis virus is classified into serotypes or genotypes (or both) in
Index 11: We present a high aspect ratio microfluidic device for culturing cells inside an array of microchambers with
Index 12: Arthritis and other rheumatic conditions are among the most common chronic diseases, affecting 70 million U.S
Index 13: Norovirus is the most common cause of non-bacterial gastroenteritis and is a burden worldwide. The increasing noro
Index 14: 
Index 15: 
Index 16: We report a case in an Italian wolf ( Canis lupus italicus) of pantropic canine
Index 17: 
Index 18: BACKGROUND Mitral repair is recommended for patients with significant organic mitral regurgitation (MR). The nonresection
Index 19: 
Index 20: Objective: To investigate the clinical characteristics of medical staff with novel coronavirus pneumonia(NCP). Methods: 30 patients in
Index 21: INTRODUCTION The material properties of meshes used in hernia repair contribute to the overall mechanical behavior of the
Index 22: BACKGROUND The efficacy of antibiotic prophylaxis for the prevention of surgical-site infection (SSI
Index 23: 
Index 24: To analyze the prevention plan of traditional Chinese medicine (TCM) issued by different regions after the spread of coronavirus disease 2019
Index 25: The number of active cases in the UK Covid-19 epidemic, the case fatality rate, the susceptible proportion of the population, and
Index 26: Enterovirus D68 (EV-D68) is a member of the species Enterovirus D in the genus
Index 27: In the past several decades, epidemic modelling for communicable diseases has experienced transitions from treating the entire study area as a whole
Index 28: BACKGROUND Recent innovations in technology and operative techniques have enabled safe performance of robot-assisted zero-ischa
Index 29: 
Index 30: High-frequency oscillatory ventilation (HFOV) is now a mainstay of respiratory care for the neonatal patient.
Index 31: 
Index 32: Four viruses were compared for their ability to induce an intestinal antibody response in piglets. Antibodies were not detected in response
Index 33: The ongoing novel coronavirus (2019-nCoV) pandemic is expected to develop into an unprecedented stress test for
Index 34: Study objective: To determine the relationship between delirium in the intensive care unit (ICU) and outcomes including length of stay in
Index 35: On March 30, 2020, the AACR Board of Directors provided a letter to the U.S. Congressional leadership on behalf
Index 36: The world has recently undergone the most ambitious mitigation effort in a century, consisting of wide-spread quarantines 
Index 37: 
Index 38: The relevance of right atrial pressure (RAP) as the backpressure for venous return (QVR) and mean system
Index 39: 
Index 40: BACKGROUND: Cytomegalovirus (CMV) infection is common in immunocompetent patients in intensive
Index 41: BACKGROUND Early morbidity and mortality are generally lower after endovascular aortic repair (EVAR),
Index 42: This report aims to review current data on single-incision (single-port) laparoscopic surgery (SILS
Index 43: 
Index 44: [Image: see text] Nucleoside analogues are among the most common medications given for the treatment of viral infections
Index 45: In December 2019 and January 2020, novel coronavirus (2019-nCoV) - infected pneumonia (NC
Index 46: BACKGROUND The goal of the present research was to study patients who underwent laparoscopic total extraperitoneal repair
Index 47: Tetraspanins are suggested to regulate the composition of cell membrane components and control intracellular transport, which leaves them vulnerable to
Index 48: Intracranial circumferential fusiform aneurysms of the posterior circulation involving arterial branches or per
Index 49: 
Index 50: PURPOSE Patients undergoing laparoscopic-assisted colectomy with obesity, high American Society of Anesthes
Index 51: Together with various hosts and environments, ubiquitous microbes interact closely with each other forming an intertwined system or community
Index 52: 
Index 53: Previous work has shown that the avian reovirus cell-attachment sigma C (sigmaC) protein
Index 54: Cibotium barometz plant habit
Index 55: The COVID-19 pandemic is a global contagion of unprecedented proportions and health, economic, and social consequences
Index 56: RNA pseudoknots are structural elements found in almost all classes of RNA. Pseudoknots form
Index 57: 
Index 58: Hepatitis C virus (HCV) has been identified as the main causative agent of post-transfusion non-
Index 59: Increasing the price of cigarettes can reduce smoking substantially by discouraging initiation among youths and young adults, prompting quit attempts
Index 60: OBJECTIVES The aim of the present study was to determine the outcomes of using the Valeo stent (
Index 61: Beginning in 2002, a small number of pig farms in western Canada began reporting 4-7-week-old pigs with
Index 62: This study is anchored on the use of an eco-friendly effective plasma technique and cationization treatment to improve the hydropho
Index 63: 
Index 64: The basic reproduction number is a key parameter determining whether an infectious disease will persist. Its counterpart over time, the effective reproduction
Index 65: 
Index 66: The purpose of this meeting was to provide a forum for expert presentations and discussion about the threats of bioterrorism and emerging infectious diseases,
Index 67: 
Index 68: Mathematical models of transmission have become invaluable management tools in planning for the control of emerging infectious diseases. A key variable in such
Index 69: 
Index 70: BACKGROUND & AIMS It is not clear whether digital single-operator cholangioscopy (
Index 71: BACKGROUND The direction and magnitude of intra-aneurysmal flow jet are significant risk factors of subarach
Index 72: BACKGROUND The comparative effectiveness of percutaneous closure of patent foramen ovale (PFO) plus medical therapy
Index 73: The pneumonia caused by the novel coronavirus (2019-nCoV), which began in December 2019, has become the most serious
Index 74: A novel coronavirus (nCoV) spillover event, with its epicenter in Wuhan, People's Republic
Index 75: BACKGROUND Myelodysplastic syndrome (MDS) is one of the most frequent haematologic mal
Index 76: The outbreak of 2019 novel coronavirus (COVID-19) infection emerged in Wuhan, China, in December 2019. Since
Index 77: BACKGROUND: There is little descriptive data on Stenotrophomonas maltophilia hospital-
Index 78: 
Index 79: 
Index 80: BACKGROUND We recently demonstrated that type I Interferon (IFN) rescues in vitro, human B-
Index 81: BACKGROUND Immunological memory is the basis for vaccination. Currently, the longitudinal profiles of antibody responses in recovered severe acute
Index 82: To date real-time quantitative PCR and gene expression microarrays are the methods of choice for quantification of nucleic
Index 83: PURPOSE OF REVIEW Most studies on the natural history of viral upper respiratory tract infections and their complications rely for ascertain
Index 84: It was with great interest that we read the letter from Randy Cron and collaborators (1) linking the cytokine storm syndrome (
Index 85: The British Columbia Ministry of Health's Framework for Core Functions in Public Health was the catalyst that inspired this review of best practices in
Index 86: Background Basal insulin analogues aim for protracted glycemic control with minimal adverse effects. Purpose To
Index 87: 
Index 88: 
Index 89: Although several clinical trials are now underway to test possible therapies, the worldwide response to the COVID-19 outbreak has been largely limited
Index 90: Social distancing has been proven as an effective measure against the spread of the infectious COronaVIrus Disease 2019 (
Index 91: OBJECTIVE To report the perioperative outcomes of 200 patients with gynecologic cancer who underwent
Index 92: Brain oscillatory activity from the midline prefrontal region has been shown to reflect brain dysfunction in subjects with Major Depressive Disorder
Index 93: Simultaneous extraction and separation of liquiritin, glycyrrhizic
Index 94: 
Index 95: To manage the spread of coronavirus, health entities have urged the public to take preventative measures such as social dist
Index 96: OBJECTIVE: To analyze how governments, hospitals and information technology(IT) companies use Internet technology to provide online health services
Index 97: To investigate the effect of balneotherapy on body mass index, adipokine levels, sleep disturbances, and
Index 98: 
Index 99: We revisit the parameter estimation framework for population biological dynamical systems, and apply it to calibrate various models in epidemiology with empirical time
Index 100: Prostate cancer is one of the most common cancers in men in the United States. Comprehensive understanding of the biology contributing to prostate cancer
Index 101: Teaching the public health core competency of policy development to baccalaureate student nurses was the purpose of this project. This project
Index 102: This review gives an overview of the development of machine learning in geoscience. A thorough analysis of the co-developments of machine learning
Index 103: BACKGROUND Hydroxychloroquine and chloroquine have antiviral effects in vitro against severe
Index 104: The severe acute respiratory syndrome coronavirus 2 (SARS-CoV-2) outbreak resulted in 5,993,3
Index 105: The combination of increased referral for genetic testing and the current shortage of genetic counselors has necessitated the development and implementation
Index 106: BACKGROUND The objective of this study was to evaluate the safety and efficacy of a novel 5-mm lapar
Index 107: 
Index 108: Führungskräfte stehen in der Verantwortung, für den Erfolg ihrer Mitarbeiter*innen Sorge zu tragen, diese zu fördern und zu 
Index 109: As the world fights to contain and control the spread of the Novel Coronavirus, countries are imposing severe measures from restrictions on travel
Index 110: In the last decade, we faced a large number of emerging pathogens. As a consequence we had to adapt our medical
Index 111: Agile methods are designed for handling uncertainty as well as reducing risks in product development through transparency, inspection, and adaptation. Applying an
Index 112: Standard sutures used in vaginal cuff reapproximation in total laparoscopic hysterectomie
Index 113: It was acknowledged long ago that viruses may cause cancer in animals. In 1911, Peyton Rous described viruses as causing s
Index 114: PURPOSE Seroma is a frequent postoperative complication after laparoscopic direct inguinal herni
Index 115: OBJECTIVE Flow diversion using the Pipeline embolization device (PED) has become a widely
Index 116: Viruses are smaller and simpler in construction than unicellular microorganisms, and they contain only one type of
Index 117: Non-suicidal self-injury (NSSI) among adolescents is a major health concern globally.
Index 118: 
Index 119: Patients undergoing hemodialysis are at risk for bloodstream infections (BSIs), and preventing these infections in this high

Pair #1
--------------------------------------------------
 index: 63
[pred]                
[true] 
--------------------------------------------------

Pair #2
--------------------------------------------------
 index: 50
[pred] high-obesity patients undergoing laparoscopic surgery with the purpose of reducing COSH; American Colloid Anastasis Society (
[true] PURPOSE Patients undergoing laparoscopic-assisted colectomy with obesity, high American Society of Anesthes
--------------------------------------------------

Pair #3
--------------------------------------------------
 index: 113
[pred] It was acknowledged long ago that viruses may cause cancer in animals. In 1911, Peyton Rous described viruses as causing s 
[true] It was acknowledged long ago that viruses may cause cancer in animals. In 1911, Peyton Rous described viruses as causing s
--------------------------------------------------

Pair #4
--------------------------------------------------
 index: 82
[pred] To date real-time quantitative PCR and gene expression microarrays are the methods of choice for quantification of   nucleic
[true] To date real-time quantitative PCR and gene expression microarrays are the methods of choice for quantification of nucleic
--------------------------------------------------

Pair #5
--------------------------------------------------
 index: 58
[pred] Hepatitis C virus (HCV) has been identified as the main causative agent of post-transfusion   non-
[true] Hepatitis C virus (HCV) has been identified as the main causative agent of post-transfusion non-
--------------------------------------------------

Pair #6
--------------------------------------------------
 index: 18
[pred] significant mitral regurgitation (MR) repair. Backround Mitrosection is recommended for patients with a non-BACKG organic ure
[true] BACKGROUND Mitral repair is recommended for patients with significant organic mitral regurgitation (MR). The nonresection
--------------------------------------------------

Pair #7
--------------------------------------------------
 index: 33
[pred] The ongoing stress-venom coronavirus test (coronaV) novel is expected to develop into an anticipated 2018 unprecedented pandemic of
[true] The ongoing novel coronavirus (2019-nCoV) pandemic is expected to develop into an unprecedented stress test for
--------------------------------------------------

Pair #8
--------------------------------------------------
 index: 17
[pred]                
[true] 
--------------------------------------------------

Pair #9
--------------------------------------------------
 index: 31
[pred]                
[true] 
--------------------------------------------------

Pair #10
--------------------------------------------------
 index: 95
[pred] To manage the spread of coronavirus, health entities have urged the public to take preventative measures such as social dist
[true] To manage the spread of coronavirus, health entities have urged the public to take preventative measures such as social dist
--------------------------------------------------

Pair #11
--------------------------------------------------
 index: 71
[pred] Background Items. The direction and magnitude of intraarachnial flow in aneurysmal jet are a significant risk factor for subrach
[true] BACKGROUND The direction and magnitude of intra-aneurysmal flow jet are significant risk factors of subarach
--------------------------------------------------

Pair #12
--------------------------------------------------
 index: 68
[pred] Mathematical models of transmission have become essential tools in planning and the management of emerging infectious diseases. A key control variable in the management of such 
[true] Mathematical models of transmission have become invaluable management tools in planning for the control of emerging infectious diseases. A key variable in such
--------------------------------------------------

Pair #13
--------------------------------------------------
 index: 117
[pred] Non-suicidal self-injury (NSSI) among adolescents is a major health concern   globally.
[true] Non-suicidal self-injury (NSSI) among adolescents is a major health concern globally.
--------------------------------------------------

Pair #14
--------------------------------------------------
 index: 110
[pred] In the last decade, we faced a large number of emerging pathogens. As a consequence   we had to adapt our medical
[true] In the last decade, we faced a large number of emerging pathogens. As a consequence we had to adapt our medical
--------------------------------------------------

Pair #15
--------------------------------------------------
 index: 74
[pred] A novel coronavirus (nCoV) spillover event, with its epicenter in Wuhan, People's Republic  
[true] A novel coronavirus (nCoV) spillover event, with its epicenter in Wuhan, People's Republic
--------------------------------------------------

Pair #16
--------------------------------------------------
 index: 54
[pred]            Cirometz babotium plant habit 
[true] Cibotium barometz plant habit
--------------------------------------------------

Pair #17
--------------------------------------------------
 index: 105
[pred] Combined with the increased referral for genetic testing and the current shortage of genetic counselors, the development and implementation of the testing has necessitate
[true] The combination of increased referral for genetic testing and the current shortage of genetic counselors has necessitated the development and implementation
--------------------------------------------------

Pair #18
--------------------------------------------------
 index: 51
[pred] Together with various hosts and environments, ubiquitous microbes interact closely with each other forming an intertwined system or community
[true] Together with various hosts and environments, ubiquitous microbes interact closely with each other forming an intertwined system or community
--------------------------------------------------

Pair #19
--------------------------------------------------
 index: 46
[pred] BACTORLAND The goal of the study was to present the research of patients who underwent total laparoscopic extraperitoneal repair  
[true] BACKGROUND The goal of the present research was to study patients who underwent laparoscopic total extraperitoneal repair
--------------------------------------------------

Pair #20
--------------------------------------------------
 index: 28
[pred] safe operative performance. Advances in technology have enabled pioneered techniques for zero-robot-assisted ischa-
[true] BACKGROUND Recent innovations in technology and operative techniques have enabled safe performance of robot-assisted zero-ischa
--------------------------------------------------

Pair #21
--------------------------------------------------
 index: 112
[pred] Standard sutures used in laparoscopic total vaginal resuffocation from proximally hysterocim
[true] Standard sutures used in vaginal cuff reapproximation in total laparoscopic hysterectomie
--------------------------------------------------

Pair #22
--------------------------------------------------
 index: 65
[pred]                
[true] 
--------------------------------------------------

Pair #23
--------------------------------------------------
 index: 119
[pred] Patients undergoing hemodialysis are at risk for bloodstream infections (BSIs), and preventing these infections in this high 
[true] Patients undergoing hemodialysis are at risk for bloodstream infections (BSIs), and preventing these infections in this high
--------------------------------------------------

Pair #24
--------------------------------------------------
 index: 11
[pred] We present a high aspect ratio microfluidic device for culturing cells inside an array of microchambers with  
[true] We present a high aspect ratio microfluidic device for culturing cells inside an array of microchambers with
--------------------------------------------------

Pair #25
--------------------------------------------------
 index: 6
[pred]                
[true] 
--------------------------------------------------

Pair #26
--------------------------------------------------
 index: 14
[pred]                
[true] 
--------------------------------------------------

Pair #27
--------------------------------------------------
 index: 19
[pred]                
[true] 
--------------------------------------------------

Pair #28
--------------------------------------------------
 index: 80
[pred] our background, we recently demonstrated that type I Interferon (-IFN, -IFN) rescues in vitro human B
[true] BACKGROUND We recently demonstrated that type I Interferon (IFN) rescues in vitro, human B-
--------------------------------------------------

Pair #29
--------------------------------------------------
 index: 20
[pred] Objective: To investigate the clinical characteristics of medical staff with novel coronavirus pneumonia(NCP). Methods: 30 patients
[true] Objective: To investigate the clinical characteristics of medical staff with novel coronavirus pneumonia(NCP). Methods: 30 patients in
--------------------------------------------------

Pair #30
--------------------------------------------------
 index: 87
[pred]                
[true] 
--------------------------------------------------

Pair #31
--------------------------------------------------
 index: 104
[pred] The severe acute respiratory syndrome coronasvirus 2 (COV-2) (SARS-II) outbreak resulted in 6,993
[true] The severe acute respiratory syndrome coronavirus 2 (SARS-CoV-2) outbreak resulted in 5,993,3
--------------------------------------------------

Pair #32
--------------------------------------------------
 index: 76
[pred] The outbreak of 2019 novel coronavirus (COVID-19) infection emerged in Wuhan, China, in December 2019. Since  
[true] The outbreak of 2019 novel coronavirus (COVID-19) infection emerged in Wuhan, China, in December 2019. Since
--------------------------------------------------

Pair #33
--------------------------------------------------
 index: 8
[pred] COMPLETE OBJECT  Sellar floor reconstruction is critical to avoid postoperative cerebrospinal fluid (CSF) leak 
[true] OBJECTIVE Complete sellar floor reconstruction is critical to avoid postoperative cerebrospinal fluid (CSF) leak
--------------------------------------------------

Pair #34
--------------------------------------------------
 index: 49
[pred]                
[true] 
--------------------------------------------------

Pair #35
--------------------------------------------------
 index: 48
[pred] Fusiform circumferential aneurysms of intracranial or posterior branches of the arterial circulation involving   per
[true] Intracranial circumferential fusiform aneurysms of the posterior circulation involving arterial branches or per
--------------------------------------------------

Pair #36
--------------------------------------------------
 index: 88
[pred]                
[true] 
--------------------------------------------------

Pair #37
--------------------------------------------------
 index: 59
[pred] Increasing the price of cigarettes can reduce smoking substantially by discouraging initiation among youths and young adults, prompting quit attempts
[true] Increasing the price of cigarettes can reduce smoking substantially by discouraging initiation among youths and young adults, prompting quit attempts
--------------------------------------------------

Pair #38
--------------------------------------------------
 index: 67
[pred]                
[true] 
--------------------------------------------------

Pair #39
--------------------------------------------------
 index: 32
[pred] Four intestinal viruses were compared in their ability to induce an antibody response for -antibody in piglets. The viruses were not detected due
[true] Four viruses were compared for their ability to induce an intestinal antibody response in piglets. Antibodies were not detected in response
--------------------------------------------------

Pair #40
--------------------------------------------------
 index: 70
[pred] BACKG and AIMS It is not clear whether single-operator, digital cholangioscopy (discontinues 
[true] BACKGROUND & AIMS It is not clear whether digital single-operator cholangioscopy (
--------------------------------------------------

Pair #41
--------------------------------------------------
 index: 1
[pred] br>As a result of the non-medical use of prescription opioids in Canada, opioid abuse is becoming increasingly using the
[true] BACKGROUND With the non-medical use of prescription opioids increasingly becoming a method of abuse in Canada, the
--------------------------------------------------

Pair #42
--------------------------------------------------
 index: 94
[pred]                
[true] 
--------------------------------------------------

Pair #43
--------------------------------------------------
 index: 108
[pred] Führungskräfte zu tragen ihre Mitarbeiter Verantwortung und Sorge zur promote und support ihrer Bewerbungserfolg. (ii) In den Arbeitsplatzen der
[true] Führungskräfte stehen in der Verantwortung, für den Erfolg ihrer Mitarbeiter*innen Sorge zu tragen, diese zu fördern und zu 
--------------------------------------------------

Pair #44
--------------------------------------------------
 index: 34
[pred] Study objective: To determine the relationship between  delirium in the intensive care unit (ICU) and outcomes including  length of stay in
[true] Study objective: To determine the relationship between delirium in the intensive care unit (ICU) and outcomes including length of stay in
--------------------------------------------------

Pair #45
--------------------------------------------------
 index: 43
[pred]                
[true] 
--------------------------------------------------

Pair #46
--------------------------------------------------
 index: 78
[pred]                
[true] 
--------------------------------------------------

Pair #47
--------------------------------------------------
 index: 37
[pred]                
[true] 
--------------------------------------------------

Pair #48
--------------------------------------------------
 index: 55
[pred] The COVID-19 pandemic is a global contagion of health, economic, and social consequences in a total and unprecedented 
[true] The COVID-19 pandemic is a global contagion of unprecedented proportions and health, economic, and social consequences
--------------------------------------------------

Pair #49
--------------------------------------------------
 index: 91
[pred] OBJECTIVE   To report the perioperative outcomes of 200 patients with gynecologic cancer who underwent
[true] OBJECTIVE To report the perioperative outcomes of 200 patients with gynecologic cancer who underwent
--------------------------------------------------

Pair #50
--------------------------------------------------
 index: 115
[pred] OBJECT diversion using the Flow Pipeline Embolosive embolization (PED) device has become a widely
[true] OBJECTIVE Flow diversion using the Pipeline embolization device (PED) has become a widely
--------------------------------------------------

Pair #51
--------------------------------------------------
 index: 0
[pred] Sentiment lexicon plays a vital role in lexicon-based sentiment analysis. The lexicon-based method Senti
[true] Sentiment lexicon plays a vital role in lexicon-based sentiment analysis. The lexicon-based method
--------------------------------------------------

Pair #52
--------------------------------------------------
 index: 107
[pred]                
[true] 
--------------------------------------------------

Pair #53
--------------------------------------------------
 index: 64
[pred] The basic reproduction number is a key parameter determining whether an infectious disease will persist. Over time, its counterpart  , the effective reproduction
[true] The basic reproduction number is a key parameter determining whether an infectious disease will persist. Its counterpart over time, the effective reproduction
--------------------------------------------------

Pair #54
--------------------------------------------------
 index: 22
[pred] Site (SSI): The efficacy of antibiotic prophylaxis for the prevention of infection in a surgical-procedure
[true] BACKGROUND The efficacy of antibiotic prophylaxis for the prevention of surgical-site infection (SSI
--------------------------------------------------

Pair #55
--------------------------------------------------
 index: 116
[pred] Viruses are smaller and simpler in construction than unicellular microorganisms, and they contain only one type of  
[true] Viruses are smaller and simpler in construction than unicellular microorganisms, and they contain only one type of
--------------------------------------------------

Pair #56
--------------------------------------------------
 index: 13
[pred] Norovirus  is the most common cause of non-bacterial gastroenteritis and is a burden worldwide. The increasing noro
[true] Norovirus is the most common cause of non-bacterial gastroenteritis and is a burden worldwide. The increasing noro
--------------------------------------------------

Pair #57
--------------------------------------------------
 index: 38
[pred] The relevance of right atrial pressure (RAP) as the backpressure for venous return (QVR) and mean  system 
[true] The relevance of right atrial pressure (RAP) as the backpressure for venous return (QVR) and mean system
--------------------------------------------------

Pair #58
--------------------------------------------------
 index: 53
[pred] Previous work has shown that the avian reovirus  sigma C (sigmaC) cell-attachment protein 
[true] Previous work has shown that the avian reovirus cell-attachment sigma C (sigmaC) protein
--------------------------------------------------

Pair #59
--------------------------------------------------
 index: 40
[pred] ABACTURS: Cytomegalovirus (CMV) infection, CMV is common in immunocompetent and intensive
[true] BACKGROUND: Cytomegalovirus (CMV) infection is common in immunocompetent patients in intensive
--------------------------------------------------

Pair #60
--------------------------------------------------
 index: 81
[pred] immunoprotebral memory. Extensive antibody response histories recovered from vaccination is the basis for acute vaccination. This longitudinal
[true] BACKGROUND Immunological memory is the basis for vaccination. Currently, the longitudinal profiles of antibody responses in recovered severe acute
--------------------------------------------------

Pair #61
--------------------------------------------------
 index: 97
[pred] To investigate the effect of balneotherapy on body mass index,  adipokine levels, sleep disturbances, and 
[true] To investigate the effect of balneotherapy on body mass index, adipokine levels, sleep disturbances, and
--------------------------------------------------

Pair #62
--------------------------------------------------
 index: 12
[pred] Arthritis and other rheumatic conditions are among the most common chronic diseases,   affecting 70 million U.S
[true] Arthritis and other rheumatic conditions are among the most common chronic diseases, affecting 70 million U.S
--------------------------------------------------

Pair #63
--------------------------------------------------
 index: 9
[pred] Infrascoscopic medial-sternal single-incision surgery is a minimally invasive surgical procedure option for patients that is
[true] Infrasternal mediastinoscopic single-incision surgery is a minimally invasive surgical option for patients
--------------------------------------------------

Pair #64
--------------------------------------------------
 index: 23
[pred]                
[true] 
--------------------------------------------------

Pair #65
--------------------------------------------------
 index: 85
[pred]  The British Columbia Ministry of Health's Framework for Core Functions in Public Health was the catalyst that inspired this review of best practices in
[true] The British Columbia Ministry of Health's Framework for Core Functions in Public Health was the catalyst that inspired this review of best practices in
--------------------------------------------------

Pair #66
--------------------------------------------------
 index: 10
[pred] The avian infectious bronchitis virus is classified into serotypes or genotypes (or both) in  
[true] The avian infectious bronchitis virus is classified into serotypes or genotypes (or both) in
--------------------------------------------------

Pair #67
--------------------------------------------------
 index: 84
[pred] It was with great interest that we read the letter from Randy Cron and collaborators (1) linking the cytokine storm syndrome ( 
[true] It was with great interest that we read the letter from Randy Cron and collaborators (1) linking the cytokine storm syndrome (
--------------------------------------------------

Pair #68
--------------------------------------------------
 index: 86
[pred] Protracted Background Basal insulin analogues aim at succeeding glycemic control with minimal adverse effects. Purpose
[true] Background Basal insulin analogues aim for protracted glycemic control with minimal adverse effects. Purpose To
--------------------------------------------------

Pair #69
--------------------------------------------------
 index: 77
[pred] br>There is very little indescriptive data on Stenotrophomonas maltophilias hospital-
[true] BACKGROUND: There is little descriptive data on Stenotrophomonas maltophilia hospital-
--------------------------------------------------

Pair #70
--------------------------------------------------
 index: 69
[pred]                
[true] 
--------------------------------------------------

Pair #71
--------------------------------------------------
 index: 83
[pred] PURPOSE REVIEW Most studies on the natural history of viral upper respiratory tract infections and their complications depend on the task of ascertain
[true] PURPOSE OF REVIEW Most studies on the natural history of viral upper respiratory tract infections and their complications rely for ascertain
--------------------------------------------------

Pair #72
--------------------------------------------------
 index: 109
[pred] As the world fights to control the severe spread of the Novel Coronavirus , countries are imposing measures to contain  restrictions on travel 
[true] As the world fights to contain and control the spread of the Novel Coronavirus, countries are imposing severe measures from restrictions on travel
--------------------------------------------------

Pair #73
--------------------------------------------------
 index: 111
[pred] Agile methods are designed for handling uncertainty in development and product adaptation, as well as reducing risks through transparency, inspection, and . Applying an
[true] Agile methods are designed for handling uncertainty as well as reducing risks in product development through transparency, inspection, and adaptation. Applying an
--------------------------------------------------

Pair #74
--------------------------------------------------
 index: 79
[pred]                
[true] 
--------------------------------------------------

Pair #75
--------------------------------------------------
 index: 7
[pred] Although the degree of dispersion  in Poincaré plots of electroencephalograms (EEG),  termed the
[true] Although the degree of dispersion in Poincaré plots of electroencephalograms (EEG), termed the
--------------------------------------------------

Pair #76
--------------------------------------------------
 index: 56
[pred] RNA pseudoknots are structural elements found in almost all classes of RNA. Pseudoknots form
[true] RNA pseudoknots are structural elements found in almost all classes of RNA. Pseudoknots form
--------------------------------------------------

Pair #77
--------------------------------------------------
 index: 93
[pred] Simultaneous extraction, and early separation of glycyrrhizic -liqumin 
[true] Simultaneous extraction and separation of liquiritin, glycyrrhizic
--------------------------------------------------

Pair #78
--------------------------------------------------
 index: 15
[pred]                
[true] 
--------------------------------------------------

Pair #79
--------------------------------------------------
 index: 3
[pred] As the oldest, but least understood sensory system in evolution, the olfactory system represents one of the most challenging research targets  
[true] As the oldest, but least understood sensory system in evolution, the olfactory system represents one of the most challenging research targets
--------------------------------------------------

Pair #80
--------------------------------------------------
 index: 42
[pred] This report aims to review current data on single-incision (single-port) laparoscopic surgery   (SILS
[true] This report aims to review current data on single-incision (single-port) laparoscopic surgery (SILS
--------------------------------------------------

Pair #81
--------------------------------------------------
 index: 36
[pred] The world has recently undergone the most ambitious mitigation effort in a century, consisting of wide-spread quarantines   
[true] The world has recently undergone the most ambitious mitigation effort in a century, consisting of wide-spread quarantines 
--------------------------------------------------

Pair #82
--------------------------------------------------
 index: 5
[pred]                
[true] 
--------------------------------------------------

Pair #83
--------------------------------------------------
 index: 52
[pred]                
[true] 
--------------------------------------------------

Pair #84
--------------------------------------------------
 index: 47
[pred] Tetraspanins are suggested to regulate the composition of cell membrane components and control intracellular   transport, which leaves them vulnerable to
[true] Tetraspanins are suggested to regulate the composition of cell membrane components and control intracellular transport, which leaves them vulnerable to
--------------------------------------------------

Pair #85
--------------------------------------------------
 index: 4
[pred] Optical biosensor technology continues to be the method of choice for real-time interaction analysis,  and label-free . But when
[true] Optical biosensor technology continues to be the method of choice for label-free, real-time interaction analysis. But when it
--------------------------------------------------

Pair #86
--------------------------------------------------
 index: 62
[pred] This study is anchored on the use of an eco-friendly effective plasma technique and cationization treatment to improve the hydropho
[true] This study is anchored on the use of an eco-friendly effective plasma technique and cationization treatment to improve the hydropho
--------------------------------------------------

Pair #87
--------------------------------------------------
 index: 90
[pred] Social distancing has been proven to be an effective measure against the spread of the infectious COronavian Virus (CO2017 
[true] Social distancing has been proven as an effective measure against the spread of the infectious COronaVIrus Disease 2019 (
--------------------------------------------------

Pair #88
--------------------------------------------------
 index: 102
[pred] This review gives a thorough overview of the development of machine learning in geoscience. An analysis of the co-developments of machine learning from 
[true] This review gives an overview of the development of machine learning in geoscience. A thorough analysis of the co-developments of machine learning
--------------------------------------------------

Pair #89
--------------------------------------------------
 index: 30
[pred] High-frequency oscillatory ventilation  (HFOV) is now a mainstay of respiratory care for the neonatal patient.
[true] High-frequency oscillatory ventilation (HFOV) is now a mainstay of respiratory care for the neonatal patient.
--------------------------------------------------

Pair #90
--------------------------------------------------
 index: 39
[pred]                
[true] 
--------------------------------------------------

Pair #91
--------------------------------------------------
 index: 99
[pred] We revisit the parameter estimation framework for population dynamical  biological systems, and calibrate it to find and use empirical model-time in epidemiology 
[true] We revisit the parameter estimation framework for population biological dynamical systems, and apply it to calibrate various models in epidemiology with empirical time
--------------------------------------------------

Pair #92
--------------------------------------------------
 index: 73
[pred] The pneumonia caused by the novel coronavirus, coronav, which began in December 2018–2018, has developed into the most serious
[true] The pneumonia caused by the novel coronavirus (2019-nCoV), which began in December 2019, has become the most serious
--------------------------------------------------

Pair #93
--------------------------------------------------
 index: 60
[pred] OBJECTIVES The aim of the present study was to determine the outcomes of using the Valeo stent (
[true] OBJECTIVES The aim of the present study was to determine the outcomes of using the Valeo stent (
--------------------------------------------------

Pair #94
--------------------------------------------------
 index: 16
[pred] We report a case in ita of a pantropic canine wolf (Canis lupus) of Italian canine
[true] We report a case in an Italian wolf ( Canis lupus italicus) of pantropic canine
--------------------------------------------------

Pair #95
--------------------------------------------------
 index: 75
[pred] BACKG Myelodystroplastic malformations (MDS) is one of the most frequent haematologic or mal
[true] BACKGROUND Myelodysplastic syndrome (MDS) is one of the most frequent haematologic mal
--------------------------------------------------

Pair #96
--------------------------------------------------
 index: 98
[pred]                
[true] 
--------------------------------------------------

Pair #97
--------------------------------------------------
 index: 106
[pred] background br> br> The objective of this study was to assess the safety and efficacy of a novel 5-mm
[true] BACKGROUND The objective of this study was to evaluate the safety and efficacy of a novel 5-mm lapar
--------------------------------------------------

Pair #98
--------------------------------------------------
 index: 29
[pred]                
[true] 
--------------------------------------------------

Pair #99
--------------------------------------------------
 index: 44
[pred] [Image:   ] Nucleoside analogues are among the most common medications given for the treatment of viral infections
[true] [Image: see text] Nucleoside analogues are among the most common medications given for the treatment of viral infections
--------------------------------------------------

Pair #100
--------------------------------------------------
 index: 57
[pred]                
[true] 
--------------------------------------------------


{'eval_loss': 7.774306774139404, 'eval_model_preparation_time': 0.0185, 'eval_pred_num_tokens': 31.000001907348633, 'eval_true_num_tokens': 21.76666831970215, 'eval_token_set_precision': 0.6938559850128534, 'eval_token_set_recall': 0.6807669722024784, 'eval_token_set_f1': 0.686412459308707, 'eval_token_set_f1_sem': np.float64(0.03586703960623812), 'eval_n_ngrams_match_1': 12.9, 'eval_n_ngrams_match_2': 10.55, 'eval_n_ngrams_match_3': 9.175, 'eval_num_true_words': 14.233333333333333, 'eval_num_pred_words': 14.791666666666666, 'eval_bleu_score': np.float64(54.40050342835243), 'eval_bleu_score_sem': np.float64(3.7058825423352117), 'eval_rouge_score': np.float64(0.7023430490307871), 'eval_exact_match': np.float64(0.05), 'eval_exact_match_sem': np.float64(0.01997898055120796), 'eval_emb_cos_sim': 0.988479495048523, 'eval_emb_cos_sim_sem': np.float64(0.005014434456825256), 'eval_emb_top1_equal': 1.0, 'eval_emb_top1_equal_sem': np.float64(0.0), 'eval_runtime': 2928.6393, 'eval_samples_per_second': 0.041, 'eval_steps_per_second': 0.003}
+++ Evaluation Metrics +++
eval_loss: 7.774306774139404
eval_model_preparation_time: 0.0185
eval_pred_num_tokens: 31.000001907348633
eval_true_num_tokens: 21.76666831970215
eval_token_set_precision: 0.6938559850128534
eval_token_set_recall: 0.6807669722024784
eval_token_set_f1: 0.686412459308707
eval_token_set_f1_sem: 0.03586703960623812
eval_n_ngrams_match_1: 12.9
eval_n_ngrams_match_2: 10.55
eval_n_ngrams_match_3: 9.175
eval_num_true_words: 14.233333333333333
eval_num_pred_words: 14.791666666666666
eval_bleu_score: 54.40050342835243
eval_bleu_score_sem: 3.7058825423352117
eval_rouge_score: 0.7023430490307871
eval_exact_match: 0.05
eval_exact_match_sem: 0.01997898055120796
eval_emb_cos_sim: 0.988479495048523
eval_emb_cos_sim_sem: 0.005014434456825256
eval_emb_top1_equal: 1.0
eval_emb_top1_equal_sem: 0.0
eval_runtime: 2928.6393
eval_samples_per_second: 0.041
eval_steps_per_second: 0.003
Time taken: 2928.7095811367035
Current memory usage: 4.17MB; Peak: 10.15MB
