+++ Arguments Passed +++
Namespace(model='jxm/gtr__nq__32__correct', beir_dataset='dbpedia-entity', beam_width=8, steps=50, batch_size=16, max_samples=120, output_csv=None, max_length=36)
Set num workers to 1
+++ model_args +++
ModelArguments(model_name_or_path='t5-base', embedder_model_name='gtr_base', embedder_model_api=None, embedder_gaussian_noise_level=0.0, embedder_torch_dtype='float32', embedding_transform_strategy='repeat', encoder_dropout_disabled=False, decoder_dropout_disabled=False, model_type=None, config_overrides=None, config_name=None, tokenizer_name=None, cache_dir=None, model_revision='main', max_seq_length=32, torch_dtype=None, num_repeat_tokens=16, embedding_zero_except_topk=None, embedder_no_grad=True, use_lora=False, embedder_fake_with_zeros=False, use_frozen_embeddings_as_input=False, corrector_ignore_hypothesis_embedding=False, embeddings_from_layer_n=None, freeze_strategy='none')

+++ data_args +++
DataArguments(dataset_name='nq', max_eval_samples=500, use_less_data=1000)

+++ training_args +++
TrainingArguments(
_n_gpu=1,
accelerator_config={'split_batches': False, 'dispatch_batches': None, 'even_batches': True, 'use_seedable_sampler': True, 'non_blocking': False, 'gradient_accumulation_kwargs': None, 'use_configured_state': False},
adafactor=False,
adam_beta1=0.9,
adam_beta2=0.999,
adam_epsilon=1e-06,
auto_find_batch_size=False,
average_tokens_across_devices=False,
batch_eval_metrics=False,
bf16=0,
bf16_full_eval=False,
cheat_on_train_hypotheses=False,
corrector_model_alias=None,
corrector_model_from_pretrained=jxm/gtr__nq__32,
data_seed=None,
dataloader_drop_last=False,
dataloader_num_workers=0,
dataloader_persistent_workers=False,
dataloader_pin_memory=True,
dataloader_prefetch_factor=None,
ddp_backend=None,
ddp_broadcast_buffers=None,
ddp_bucket_cap_mb=None,
ddp_find_unused_parameters=None,
ddp_timeout=1800,
debug=[],
deepspeed=None,
disable_tqdm=True,
dispatch_batches=None,
do_eval=False,
do_predict=False,
do_train=False,
eval_accumulation_steps=None,
eval_delay=0,
eval_do_concat_batches=True,
eval_on_start=False,
eval_steps=6250,
eval_strategy=steps,
eval_use_gather_object=False,
evaluation_strategy=steps,
exp_group_name=gtr_corrector,
exp_name=,
experiment=corrector,
fp16=False,
fp16_backend=auto,
fp16_full_eval=False,
fp16_opt_level=O1,
fsdp=[],
fsdp_config={'min_num_params': 0, 'xla': False, 'xla_fsdp_grad_ckpt': False},
fsdp_min_num_params=0,
fsdp_transformer_layer_cls_to_wrap=None,
full_determinism=False,
gradient_accumulation_steps=1,
gradient_checkpointing=False,
gradient_checkpointing_kwargs=None,
greater_is_better=False,
group_by_length=True,
half_precision_backend=auto,
hub_always_push=False,
hub_model_id=None,
hub_private_repo=False,
hub_strategy=every_save,
hub_token=<HUB_TOKEN>,
ignore_data_skip=False,
include_for_metrics=['inputs'],
include_inputs_for_metrics=True,
include_num_input_tokens_seen=False,
include_tokens_per_second=False,
jit_mode_eval=False,
label_names=None,
label_smoothing_factor=0.0,
learning_rate=0.00282842712,
length_column_name=length,
load_best_model_at_end=True,
local_rank=-1,
log_level=passive,
log_level_replica=warning,
log_on_each_node=True,
logging_dir=/home/wentingz/vec2text/saves/gtr-nq-msl32-correct/runs/Nov05_04-29-22_mosaic-cirrascale-03.reviz.ai2.in,
logging_first_step=False,
logging_nan_inf_filter=True,
logging_steps=50,
logging_strategy=steps,
lr_scheduler_kwargs={},
lr_scheduler_type=linear,
max_grad_norm=1.0,
max_steps=-1,
metric_for_best_model=nq_loss,
mock_embedder=False,
mp_parameters=,
neftune_noise_alpha=None,
no_cuda=True,
num_train_epochs=200.0,
optim=adamw_torch,
optim_args=None,
optim_target_modules=None,
output_dir=saves/jxm__gtr__nq__32__correct,
overwrite_output_dir=False,
past_index=-1,
per_device_eval_batch_size=256,
per_device_train_batch_size=256,
prediction_loss_only=False,
push_to_hub=False,
push_to_hub_model_id=None,
push_to_hub_organization=None,
push_to_hub_token=<PUSH_TO_HUB_TOKEN>,
ray_scope=last,
remove_unused_columns=False,
report_to=[],
restore_callback_states_from_checkpoint=False,
resume_from_checkpoint=None,
run_name=/home/wentingz/vec2text/saves/gtr-nq-msl32-correct,
save_on_each_node=False,
save_only_model=False,
save_safetensors=False,
save_steps=500,
save_strategy=steps,
save_total_limit=2,
seed=42,
skip_memory_metrics=True,
split_batches=None,
steps_per_epoch=500000,
tf32=None,
torch_compile=False,
torch_compile_backend=None,
torch_compile_mode=None,
torch_empty_cache_steps=None,
torchdynamo=None,
tpu_metrics_debug=False,
tpu_num_cores=None,
use_cpu=False,
use_ipex=False,
use_legacy_prediction_loop=False,
use_liger_kernel=False,
use_mps_device=False,
use_wandb=False,
warmup_ratio=0.0,
warmup_steps=25000,
weight_decay=0.0,
)

Experiment output_dir = saves/jxm__gtr__nq__32__correct
Set num workers to 1
+++ model_args +++
ModelArguments(model_name_or_path='t5-base', embedder_model_name='gtr_base', embedder_model_api=None, embedder_gaussian_noise_level=0.0, embedder_torch_dtype='float32', embedding_transform_strategy='repeat', encoder_dropout_disabled=False, decoder_dropout_disabled=False, model_type=None, config_overrides=None, config_name=None, tokenizer_name=None, cache_dir=None, model_revision='main', max_seq_length=32, torch_dtype=None, num_repeat_tokens=16, embedding_zero_except_topk=None, embedder_no_grad=True, use_lora=False, embedder_fake_with_zeros=False, use_frozen_embeddings_as_input=True, corrector_ignore_hypothesis_embedding=False, embeddings_from_layer_n=None, freeze_strategy='none')

+++ data_args +++
DataArguments(dataset_name='nq', max_eval_samples=500, use_less_data=1000)

+++ training_args +++
TrainingArguments(
_n_gpu=1,
accelerator_config={'split_batches': False, 'dispatch_batches': None, 'even_batches': True, 'use_seedable_sampler': True, 'non_blocking': False, 'gradient_accumulation_kwargs': None, 'use_configured_state': False},
adafactor=False,
adam_beta1=0.9,
adam_beta2=0.999,
adam_epsilon=1e-06,
auto_find_batch_size=False,
average_tokens_across_devices=False,
batch_eval_metrics=False,
bf16=0,
bf16_full_eval=False,
cheat_on_train_hypotheses=False,
corrector_model_alias=None,
corrector_model_from_pretrained=None,
data_seed=None,
dataloader_drop_last=False,
dataloader_num_workers=0,
dataloader_persistent_workers=False,
dataloader_pin_memory=True,
dataloader_prefetch_factor=None,
ddp_backend=None,
ddp_broadcast_buffers=None,
ddp_bucket_cap_mb=None,
ddp_find_unused_parameters=None,
ddp_timeout=1800,
debug=[],
deepspeed=None,
disable_tqdm=True,
dispatch_batches=None,
do_eval=False,
do_predict=False,
do_train=False,
eval_accumulation_steps=None,
eval_delay=0,
eval_do_concat_batches=True,
eval_on_start=False,
eval_steps=1250,
eval_strategy=steps,
eval_use_gather_object=False,
evaluation_strategy=steps,
exp_group_name=oct-gtr32,
exp_name=,
experiment=inversion,
fp16=False,
fp16_backend=auto,
fp16_full_eval=False,
fp16_opt_level=O1,
fsdp=[],
fsdp_config={'min_num_params': 0, 'xla': False, 'xla_fsdp_grad_ckpt': False},
fsdp_min_num_params=0,
fsdp_transformer_layer_cls_to_wrap=None,
full_determinism=False,
gradient_accumulation_steps=1,
gradient_checkpointing=False,
gradient_checkpointing_kwargs=None,
greater_is_better=False,
group_by_length=True,
half_precision_backend=auto,
hub_always_push=False,
hub_model_id=None,
hub_private_repo=False,
hub_strategy=every_save,
hub_token=<HUB_TOKEN>,
ignore_data_skip=False,
include_for_metrics=['inputs'],
include_inputs_for_metrics=True,
include_num_input_tokens_seen=False,
include_tokens_per_second=False,
jit_mode_eval=False,
label_names=None,
label_smoothing_factor=0.0,
learning_rate=0.002,
length_column_name=length,
load_best_model_at_end=True,
local_rank=-1,
log_level=passive,
log_level_replica=warning,
log_on_each_node=True,
logging_dir=/home/wentingz/vec2text/saves/gtr-nq-msl32/runs/Nov01_18-00-43_mosaic-cirrascale-03.reviz.ai2.in,
logging_first_step=False,
logging_nan_inf_filter=True,
logging_steps=25,
logging_strategy=steps,
lr_scheduler_kwargs={},
lr_scheduler_type=constant_with_warmup,
max_grad_norm=1.0,
max_steps=-1,
metric_for_best_model=nq_loss,
mock_embedder=False,
mp_parameters=,
neftune_noise_alpha=None,
no_cuda=True,
num_train_epochs=300.0,
optim=adamw_torch,
optim_args=None,
optim_target_modules=None,
output_dir=saves/jxm__gtr__nq__32,
overwrite_output_dir=False,
past_index=-1,
per_device_eval_batch_size=256,
per_device_train_batch_size=512,
prediction_loss_only=False,
push_to_hub=False,
push_to_hub_model_id=None,
push_to_hub_organization=None,
push_to_hub_token=<PUSH_TO_HUB_TOKEN>,
ray_scope=last,
remove_unused_columns=False,
report_to=[],
restore_callback_states_from_checkpoint=False,
resume_from_checkpoint=None,
run_name=/home/wentingz/vec2text/saves/gtr-nq-msl32,
save_on_each_node=False,
save_only_model=False,
save_safetensors=False,
save_steps=125,
save_strategy=steps,
save_total_limit=2,
seed=42,
skip_memory_metrics=True,
split_batches=None,
steps_per_epoch=500000,
tf32=None,
torch_compile=False,
torch_compile_backend=None,
torch_compile_mode=None,
torch_empty_cache_steps=None,
torchdynamo=None,
tpu_metrics_debug=False,
tpu_num_cores=None,
use_cpu=False,
use_ipex=False,
use_legacy_prediction_loop=False,
use_liger_kernel=False,
use_mps_device=False,
use_wandb=False,
warmup_ratio=0.0,
warmup_steps=625,
weight_decay=0.0,
)

Experiment output_dir = saves/jxm__gtr__nq__32
Loading datasets with TOKENIZERS_PARALLELISM = False
loading train dataset from path: /home/scur0989/.cache/inversion/dd0d97ad14fd6897b0d31cecc2e14d13.arrow
loaded dict of val datasets from /home/scur0989/.cache/inversion/8a11157c2dba245e22bfdea7946e149e.arrow
Loading BEIR dataset: dbpedia-entity
Original dataset size: 100000
Randomly selected 120 samples from the dataset.
Model tokens max_length: 36
Embedder tokens max_length: 36
+++ Trainer Args Passed +++
trainer.num_gen_recursive_steps: 50
trainer.sequence_beam_width: 8
Model name: jxm/gtr__nq__32__correct
max_seq_length: 512
Dataset({
    features: ['text'],
    num_rows: 120
})

=== Prediction-Label Pairs ===
Length of decoded_preds: 120
Length of decoded_labels: 120

Contents of decoded_preds:
Index 0: the Battle of Mohács (Hungarian: "Mohácsa"; pronounced Moháctati al
Index 1: Avondale Estates is a city in DeKalb County, Georgia, United States. The population was 2,176 at the 2010 census of
Index 2: Avon is a city in Bon Homme County, South Dakota, United States. The population was 590 at the 2010 census .
Index 3: The 77s (alternatively spelled The Seventy Sevens or 77s) are an American rock band consisting Michael
Index 4: Judith Mavis Durham Cock Judith Mavis AO (born 4 July 1982) is an Australian musician who became a lead vocalist for
Index 5: A jazz band (jazz ensemble or jazz combo) is a musical ensemble that plays jazz music. Jazz bands vary in the style and quantity of members
Index 6: System Shock is a 1994 first-person action role-playing video game developed by Looking Glass Technologies and published by Origin Systems. It was directed
Index 7: Brooks is a town in Fayette County, Georgia, USA. At the 2010 census, the population of the city was 524. Should
Index 8: The Maltese Falcon is a 1929 detective novel by Dashiell Hammett, originally serialized in the magazine Black Mask beginning September 1929.
Index 9: Artur Gavazzi (October 24, 1875April 12, 1944) was a Croatian geographer of Italian ancestry. Gavazzi
Index 10: Forrest City is a city in St. Francis County, Arkansas, United States, and the county seat. It was named for General Nathan Bedford For
Index 11: Aarschot (Latin: 'Arsht') is a city and municipality in the province of Flemis
Index 12: This is a list of notable events in music that took place in       the year 1958. 
Index 13: Politics of El Salvador takes place in land a presidential framework of a representative democratic republic whereby the President of El Salvador is both head of state
Index 14: Special Service Branch, no regular military force.Both Military units are under the command of the Coast Guard and the Royal Police Saint Lucia.Availability of
Index 15: Richmond Hill is a city in Bryan County, Georgia, United States. James Oglethorpe, one year after the colony of Savannah found itself
Index 16: Forest City, previously known as "Burnt Chimney," is a town in Rutherford County, North Carolina, United States.
Index 17: Barton is a town in Allegany County, Maryland, United States, located along the George Creek. It is part of the Cumbe
Index 18: New Hartford is a town in Litchfield County, Connecticut, United States. The population was 24000 at the 2010 census. The town center includes
Index 19: Caramel (or "" or "" ) is a dark-to-muel-to-beige/kbrow
Index 20: Lê Duên (7 April 1950 – 10 July 1991) was a Vietnamese communist politician. He rose in the party hierarchy in the late
Index 21: West  Union is a city in Todd County, Minnesota, United States. The population was 111 at the 2010 census.  
Index 22: Hidden Hills is a city and gated community in Los Angeles County, California. It is located next to Calabasas and is in the
Index 23: An arc lamp or arc light is a lamp that produces light by an electric arc (also called the voltaic arc).
Index 24: Lanesboro is a borough in Susquehanna County, Pennsylvania, United States. The population was 506 at the 2010 census.
Index 25: Lumberton is a city in Hardin County, Texas, United States. The population was 11,400 at the 2010 census. Lumberton is
Index 26: Card games, particularly poker games, may contain one or more cards designated as wild. These may be normal ranked or suited cards, and joker
Index 27: Pymatuning South is a census-designated place in Crawford County, Pennsylvania (CDP). The population at the 2010 United States census was
Index 28: In Egyptian mythology, Sekhmet (/sékhtém/) or Sachmis (/sékt/,
Index 29: A convoy is a group of vehicles, often motor vehicles or ships, traveling together for mutual support and protection. Typically, convoy organized with
Index 30: Year 210 (CCX calendar) was a common year, when it was known to start on the Monday of Julian. The link reads:
Index 31: The Nashville sound originated during the late 1950s as a subgenre of American country music dominating the honky tonk charts, which
Index 32: An MUD (/mu-d/; originally Multi-User Dungeon, later variantd Multi-User Dimensions
Index 33: Udo Jürgens (born Udo Jürgen Bockelmann; 30 September 1934 – December 2013) was an Austrian
Index 34: Hong Kong, traditionally Hongkong ( "Fragrant Harbour"), officially known as Hong Kong Special Administrative Region of the People's Republic China,
Index 35:        This article presents a list of the historical events and publications of literature during 1929.
Index 36: Lasara is a census-designated place (CDP) in Willacy County, Texas, United States. The population was 1,176 at 2000
Index 37: Anne Baxter (May 7, 1923–December 12, 1985) was an American supporting actress of stage and screen. She won the Academy Award for Best
Index 38: Holt is a city in Marshall County, Minnesota, United States. The population was 88 at the 2010 census  .
Index 39: Cheboygan County is a county in the U.S. state of Michigan. As of the 2010 census, the county seat was 19,207 Che
Index 40: The Democratic Republic of the Congo is by the Congo River Basin, which covers an area of almost 1,000,000 square kilometres (3000 sq mi).
Index 41: Chino Valley is a town in Yavapai County, Arizona, United States. The population of the town was 11,176 at the 2010 census
Index 42: Montville is a town in Waldo County, Maine, United States. The population was 1,032 at the 2010 census.  
Index 43: Alma is a town in Jackson County, Wisconsin in the United States. The population was 974 at the 2000 census. The Alma Center village is located
Index 44: ethelbert ethelbert (also Aethelbert, Thelberht, or Thelberh
Index 45: Addison is a borough in Somerset County, Pennsylvania, United States. It is part of the Johnstown Pennsylvania Metropolitan Statistical Area.
Index 46: Sacred Heart Township is a township in Renville County, Minnesota, United States. Population was 277 at the 2000 census. Sacred Heart
Index 47: As it pertains to photography and particularly in film optics, depth of field (DOF), also called focus range or effective range, is between the
Index 48: Murder in the Cathedral is a verse drama by T. Thomas Becket that portrays the assassination of Archbishop Eli
Index 49: Hans Schaffner (16 December 1908 in Interlaken – 26 November 2004) was a Swiss politician and member of the Swiss Federal Council (19
Index 50: All This, and Heaven Too is a 1940 American drama film made by Warner Bros. First National Pictures with, produced and directed by Anatole
Index 51: Full Throttle is a computer adventure game developed and published by LucasArts. It was designed by Tim Schafer, who would later design Grim
Index 52: The national anthem of Thailand was adopted on 10 December 1939. The melody was composed by Russian composer Phra Chengdurien Fe
Index 53: The term speculative fiction refers to any fiction story that features elements including characters, settings and speculation that are created out of the human imagination not
Index 54: In various branches of mathematics, a useful construction is often viewed as a “most efficient solution” to a certain problem. A universal property
Index 55: Earl Eugene Scruggs (November 28, 1924 – June 28, 2012) was an American musician best known for pioneering the three-f
Index 56: The American chestnut, Castanea dentata, is a large monoecious deciduous tree of the beech family native North
Index 57: Raymond Merrill Smullyan (singli:li:; ; born May 23, 1919) is an American mathema
Index 58: This article is about the demographic features of the population of Puerto Rico, including population density, ethnicity, education level, religious affiliation, health status, economic
Index 59: Frank J. Gaffney, Jr. (born April 5, 1953) is an American conspiracy theorist and the founder of the Center for Security Policy
Index 60: James Walter Carter (December 21, 1927 in Aiken, SC – September 15, 1994) was a lightweight boxing world champion. With the
Index 61: Blanche of Castile (Spanish: Blanca; 4 March 1129-11 November 1253) was Queen of France as wife of Louis VIII.
Index 62: Kate trio Negrete del Castillo trillo is a Mexican actress
Index 63: Maharashtra (Marathi: , transliteration: "mahbhr"), locally abbreviated
Index 64: Bridgewater is a town in Aroostook County, Maine, United States. Carrie Bradbury was mayor of the town. The population
Index 65: Brier is a city in Snohomish County, Washington, United States. It is bordered to the west by Mountlake Terrace, Lynn
Index 66: Yosemite Falls is the highest waterfall in Yosemite National Park, dropping 2,723 ft (8 m) from
Index 67: The term Groovebox was originally used by Roland corporation to refer to its MC-303 released in 1996, but has since gone back. It
Index 68: Postal cards are stationery or imprinted stamp with an indicium signifying the prepayment of postage. They are sold by postal authorities January
Index 69: Styrene, also known as ethylbenzene, vinylhene and phenylbenzene, is organic
Index 70: Belvidere Township is a township in Goodhue County, Minnesota, USA. The population was 456 at the 2000 census Bel
Index 71: Ohatchee (d. 1956) is a town in Calhoun County, Alabama, United States. The population at the 2000 census was
Index 72: "Logic of Empire" is a science fiction novella by Robert H. Heinlein. Part of his Future History series originally appeared in As
Index 73: Stupid White Men...and Other Sorry Excuses for the State of the Nation! is a book by Michael Moore published in 2001. Although
Index 74: Guinevere (), often written as 'Gwenn'v'evere, was the queen consort of King Arthur in the
Index 75: Sir Thomas Wyatt (1503 – 12 October 1582) was a 16th-century English ambassador and lyrical poet. He
Index 76: Dinah Washington (born Ruth Lee Jones; August 3, 1963 – November 14, 2000), was an American singer and pianist who has been cited "most
Index 77: An electrode is an electrical conductor used to make contact with a nonmetallic part of a circuit (e.g. a semiconductor electro
Index 78: William Gary Busey        (born June 29, 1944) is an American actor. 
Index 79: Earth and Sun and Moon is an album by Australian rock group, Midnight Oil, that was released on 13 April 1993 under Columbia Records. It peaked
Index 80: Creature from the Black Lagoon is a 1954 monster horror film in 3-D-and-white directed by Jack Arnold and starring Carl
Index 81: Montgomery College (MC) is a public, open access community college located in Montgomery County, Maryland, outside Washington, D.C. The college has
Index 82: The San Francisco Peninsula is a peninsula in the San Francisco Bay Area that separates San Francisco from the Pacific Ocean. On its northern tip is the County
Index 83: Foxglove (Donna Cavanagh) is a fictional character from the Sandman graphic novels written by Neil Gaiman. She first appears
Index 84: Aksel Schietz (1 September 1914 – 4 July 1976) was a Danish tenor and later baritone considered the
Index 85: Troy is a town in St. Croix County, Wisconsin, United States. The population was 1,861 at the 2001 census. The community Glo
Index 86: In marketing terminology, a killer application (commonly shortened to killer app) is any computer program that proves so necessary that its core value
Index 87: Aurskog-Hakerland is a municipality and village in Sonus county, Norway. It is part of the Eastern Rju
Index 88: Washington Township is a township in Erie County, Pennsylvania, United States. The population was 407 at the 2000 census. The Borough surrounds
Index 89: Duckman: Private Dick/Family Man is an American adult animated sitcom that aired on the USA Network from September 5, 1994. It
Index 90:         The year 1991 in film   involved some significant events. 
Index 91: Denison is a city in Crawford County, Iowa, United States, along the Boyer River. The population was 6,410 at the 2000 census
Index 92: Lotus Symphony was an integrated software package for creating and editing documents, spreadsheets, text development and charts on the MS-DOS operating system. It released
Index 93: Salma Hayek Pinault (born September 2, 1966) is a Mexican and American film actress, director, and producer. 
Index 94: Sir Arthur Stanley Eddington, OM, FRS (29 December 1868 – 5 March 1944) was a British physicist
Index 95: Morrison is a town in Warren County, Tennessee, United States. The population was 694 at the 2000 census and 684 at the 2010 census
Index 96: USS Abraham Lincoln (CVN-72), is the fifth Nimitz-class aircraft carrier in the United States Navy. It is the second ship
Index 97: br> Procyon, Canis Minoris Procyon (Latin: "Ali milae",
Index 98: Calhoun is a city in Gordon County, Georgia, United States. The city had a population of 15,650 at the 2010 census. Cal
Index 99: Keno/ki-no/, is a lottery-like gambling game often played at modern casinos, and offered at a few state casinos
Index 100: A cluster munition is a form of air-dropped or ground-launched explosive weapon that releases smaller submunitions. Commonly,
Index 101: Esbjerg Municipality (Danish pronunciation: [[Danish-bja]]) is a municipality (komune)
Index 102: The year 1906 in film involved some significant events.           
Index 103: Magnus Olafsson (Old Norse: Magnus Oláfsson, Norwegian and Danish: Magnus Lá
Index 104: Steinfurt is a town in North Rhine-Westphalia, Germany. It is the capital of the district of Steinfurt.
Index 105: Jérôme Napoléon Bonaparte (London, 17 July 1805 - Baltimore, 1877) was a son of
Index 106: Pope Felix III (died 14 March 492) was Pope in 492. His repudiation of the Henon for his death occurred on March 25,
Index 107: Meconium aspiration syndrome (MAS) also known as neonatal aspiration of meconium is a medical condition affecting newborn
Index 108: In mathematics, Clifford algebras are a type of associative algebra. As K-algebra, they generalize the real numbers
Index 109: Anthracite is a hard, compact variety of coal that has high luster. It has the highest carbon content, the few impur
Index 110: A skyscraper is a tall, continuously habitable building of over 40 floors, designed primarily for residential and commercial uses. The skys
Index 111: Lieutenant Commander Data (or DAY-det-t) is a character in the science fiction universe of Star Trek portrayed by actor Brent Spin
Index 112: The Gallic Empire (Latin: Imperium Galliarum) is the modern name for a breakaway part of the Roman Empire
Index 113: 2002 was a common year (MII) beginning on the weekday of the Gregorian calendar which carried the letters M*F*F
Index 114: Imperial Beach is a residential beach city in San Diego County, California. With a population of 26,061 at the 2010 census, the southernmost
Index 115: Nikephoros Kallistus Callos, Latinized as Nicephorus Xanthopoulos (Greek: "Xant
Index 116: Stage lighting is the craft of stage lighting as it applies to the production of theatre, opera and dance performance arts. Several different types of instruments are used
Index 117: Stirling (Stárlea) Stirling (Scottish Gaelic: /stighlin/, Sus
Index 118: Sergio Aragonés Domenech (born September 6, 1937) is a writer and Spanish/Mexican cartoonist known for Mad
Index 119: Bear Creek is a town and unincorporated community in Waupaca County, Wisconsin, United States. The population for Bear Creek at the 2000 census

Contents of decoded_labels:
Index 0: The Battle of Mohács (pronounced [mohat]; Hungarian: Mohácsi csata
Index 1: Avondale Estates is a city in DeKalb County, Georgia, United States. The population was 2,960 at the 2010 census. It is part of
Index 2: Avon is a city in Bon Homme County, South Dakota, United States. The population was 590 at the 2010 census.
Index 3: The 77s (alternatively spelled The Seventy Sevens or The 77's) are an American rock band consisting of Michael Ro
Index 4: Judith Mavis Durham AO (born Judith Mavis Cock; 3 July 1943) is an Australian singer and musician who became the lead vocalist for the Australian
Index 5: A jazz band (jazz ensemble or jazz combo) is a musical ensemble that plays jazz music. Jazz bands vary in the quantity of its members and the style of jazz
Index 6: System Shock is a 1994 first-person action role-playing video game developed by Looking Glass Technologies and published by Origin Systems. It was directed by Doug Church with
Index 7: Brooks is a town in Fayette County, Georgia, USA. As of the 2010 census, the city had a population of 524. The city should
Index 8: The Maltese Falcon is a 1929 detective novel by Dashiell Hammett, originally serialized in the magazine Black Mask beginning with the September 1929 issue. The
Index 9: Artur Gavazzi (October 14, 1861 – March 12, 1944) was a Croatian geographer of Italian ancestry.Gavazzi was born
Index 10: Forrest City is a city in St. Francis County, Arkansas, United States, and the county seat. It was named for General Nathan Bedford Forrest, who used
Index 11: Aarschot (Dutch pronunciation: [arsxt]) is a city and municipality in the province of Flemish
Index 12: This is a list of notable events in music that took place in the year 1958.
Index 13: Politics of El Salvador takes place in land a framework of a presidential representative democratic republic, whereby the President of El Salvador is both head of state and head of
Index 14: Military branches:No regular military force; the Special Service Unit, and the Coast Guard, are both under the command of the Royal Saint Lucia Police.Manpower available for
Index 15: Richmond Hill is a city in Bryan County, Georgia, United States. James Oglethorpe, only a year after the founding of the Georgia colony at Savannah
Index 16: Forest City, formerly known as "Burnt Chimney," is a town in Rutherford County, North Carolina, United States. The population was
Index 17: Barton is a town in Allegany County, Maryland, United States, located along the Georges Creek Valley. It is part of the Cumberland,
Index 18: New Hartford is a town in Litchfield County, Connecticut, United States. The population was 6,970 at the 2010 census. The town center is also defined by
Index 19: Caramel (/krml/ or /krml/) is a beige to dark-brow
Index 20: Lê Dun (7 April 1907 – 10 July 1986) was a Vietnamese communist politician. He rose in the party hierarchy in the late 1950s and
Index 21: West Union is a city in Todd County, Minnesota, United States. The population was 111 at the 2010 census.
Index 22: Hidden Hills is a city and gated community in Los Angeles County, California. It is located next to the city of Calabasas and is located in the
Index 23: An arc lamp or arc light is a lamp that produces light by an electric arc (also called a voltaic arc). The carbon 
Index 24: Lanesboro is a borough in Susquehanna County, Pennsylvania, United States. The population was 506 at the 2010 census.
Index 25: Lumberton is a city in Hardin County, Texas, United States. The population was 11,943 at the 2010 census. Lumberton is home of the
Index 26: Card games, particularly poker games, may contain one or more cards designated as wild. These may be jokers, or they may be normal ranked and suited cards
Index 27: Pymatuning South is a census-designated place (CDP) in Crawford County, Pennsylvania, United States. The population was 479 at the 2010 census
Index 28: In Egyptian mythology, Sekhmet /skmt/ or Sachmis (/skms/; also
Index 29: A convoy is a group of vehicles, typically motor vehicles or ships, traveling together for mutual support and protection. Often, a convoy is organized with 
Index 30: Year 210 (CCX) was a common year starting on Monday (link will display the full calendar) of the Julian calendar. At the time, it was known
Index 31: The Nashville sound originated during the late 1950s as a subgenre of American country music, replacing the chart dominance of honky tonk music which was
Index 32: A MUD (/md/; originally Multi-User Dungeon, with later variants Multi-User Dimension and Multi-U
Index 33: Udo Jürgens (born Udo Jürgen Bockelmann; 30 September 1934 – 21 December 2014) was an Austrian-Sw
Index 34: Hong Kong (; "Fragrant Harbour"), traditionally Hongkong, officially known as Hong Kong Special Administrative Region of the People's Republic of China, is
Index 35: This article presents a list of the historical events and publications of literature during 1929.
Index 36: Lasara is a census-designated place (CDP) in Willacy County, Texas, United States. The population was 1,024 at the 2000 census.
Index 37: Anne Baxter (May 7, 1923 – December 12, 1985) was an American actress of stage and screen. She won the Academy Award for Best Supporting Actress
Index 38: Holt is a city in Marshall County, Minnesota, United States. The population was 88 at the 2010 census.
Index 39: Cheboygan County is a county in the U.S. state of Michigan. As of the 2010 census, the population was 26,152. The county seat is Che
Index 40: The Democratic Republic of the Congo is by the Congo River Basin, which covers an area of almost 1,000,000 square kilometres (390,000 sq mi).
Index 41: Chino Valley is a town in Yavapai County, Arizona, United States. According to the 2010 census, the population of the town is 10,817.
Index 42: Montville is a town in Waldo County, Maine, United States. The population was 1,032 at the 2010 census.
Index 43: Alma is a town in Jackson County, Wisconsin in the United States. The population was 983 at the 2000 census. The Village of Alma Center is located within the town
Index 44: thelberht (also thelbert, Aethelberht, Aethelbert, or Ethelbert)
Index 45: Addison is a borough in Somerset County, Pennsylvania, United States. It is part of the Johnstown, Pennsylvania Metropolitan Statistical Area. The population was
Index 46: Sacred Heart Township is a township in Renville County, Minnesota, United States. The population was 277 at the 2000 census.Sacred Heart Township was organized in
Index 47: In optics, particularly as it relates to film and photography, depth of field (DOF), also called focus range or effective focus range, is the distance between the
Index 48: Murder in the Cathedral is a verse drama by T. S. Eliot that portrays the assassination of Archbishop Thomas Becket
Index 49: Hans Schaffner (16 December 1908 in Interlaken – 26 November 2004) was a Swiss politician and member of the Swiss Federal Council (1961–1970
Index 50: All This, and Heaven Too is a 1940 American drama film made by Warner Bros.-First National Pictures, produced and directed by Anatole Litvak with
Index 51: Full Throttle is a computer adventure game developed and published by LucasArts. It was designed by Tim Schafer, who would later go on to design Grim F
Index 52: The national anthem of Thailand was adopted on 10 December 1939. The melody was composed by Russian composer Phra Chenduriyang (Peter Fe
Index 53: The term speculative fiction refers to any fiction story that includes elements, settings and characters whose features are created out of human imagination and speculation rather than based
Index 54: In various branches of mathematics, a useful construction is often viewed as the “most efficient solution” to a certain problem. The definition of a universal property uses
Index 55: Earl Eugene Scruggs (January 6, 1924 – March 28, 2012) was an American musician noted for perfecting and popularizing a three-finger
Index 56: The American chestnut, Castanea dentata, is a large, monoecious deciduous tree of the beech family native to eastern North America
Index 57: Raymond Merrill Smullyan (/smli.n/; born May 25, 1919) is an American mathematician, concert
Index 58: This article is about the demographic features of the population of Puerto Rico, including population density, ethnicity, education level, health of the populace, economic status, religious affiliation
Index 59: Frank J. Gaffney, Jr. (born April 5, 1953) is an American conspiracy theorist and the founder and president of the Center for Security Policy.
Index 60: James Walter Carter (December 15, 1923 in Aiken, SC – September 21, 1994) was a world lightweight boxing champion. He was inducted into the
Index 61: Blanche of Castile (Spanish: Blanca; 4 March 1188 – 27 November 1252) was Queen of France as the wife of Louis VIII. She
Index 62: Kate del Castillo Negrete Trillo is a Mexican actress.
Index 63: Maharashtra (/mhrtr/; Marathi pronunciation: locally: [mharar], abbr.
Index 64: Bridgewater is a town in Aroostook County, Maine, United States. Carrie Bradbury is the mayor of the town. The population was 610
Index 65: Brier is a city in Snohomish County, Washington, United States. It is bordered by Mountlake Terrace to the west, Lynnwood to the north
Index 66: Yosemite Falls is the highest waterfall in Yosemite National Park, dropping a total of 2,425 feet (739 m) from the
Index 67: The term Groovebox was originally used by Roland corporation to refer to its MC-303 released in 1996, but the term has since entered general use. It refer
Index 68: Postal cards are postal stationery with an imprinted stamp or indicium signifying the prepayment of postage. They are sold by postal authorities. On January 26,
Index 69: Styrene, also known as ethenylbenzene, vinylbenzene, and phenylethene, is an organic compound
Index 70: Belvidere Township is a township in Goodhue County, Minnesota, United States. The population was 458 at the 2000 census.Belvid
Index 71: Ohatchee (inc. 1956) is a town in Calhoun County, Alabama, United States. At the 2010 census the population was 1,170
Index 72: "Logic of Empire" is a science fiction novella by Robert A. Heinlein. Part of his Future History series, it originally appeared in Astound
Index 73: Stupid White Men ...and Other Sorry Excuses for the State of the Nation! is a book by Michael Moore published in 2001. Although the publishers were
Index 74: Guinevere /wnvr/, often written as Gwenevere, was the queen consort of King Arthur in the
Index 75: Sir Thomas Wyatt (1503 – 11 October 1542) was a 16th-century English ambassador and lyrical poet. He is credited with
Index 76: Dinah Washington (born Ruth Lee Jones; August 29, 1924 – December 14, 1963), was an American singer and pianist, who has been cited as "the most
Index 77: An electrode is an electrical conductor used to make contact with a nonmetallic part of a circuit (e.g. a semiconductor, an electrolyt
Index 78: William Gary Busey (born June 29, 1944) is an American actor.
Index 79: Earth and Sun and Moon is an album by Australian rock group, Midnight Oil, that was released on 20 April 1993 under the Columbia Records label. It peaked at No
Index 80: Creature from the Black Lagoon is a 1954 monster horror 3-D film in black-and-white, directed by Jack Arnold and starring Richard Carlson
Index 81: Montgomery College (MC) is a public, open access community college located in Montgomery County, Maryland, just outside Washington, D.C.. The college has three campuses
Index 82: The San Francisco Peninsula is a peninsula in the San Francisco Bay Area that separates San Francisco Bay from the Pacific Ocean. On its northern tip is the City and County of
Index 83: Foxglove (Donna Cavanagh) is a fictional character from the Sandman graphic novels, written by Neil Gaiman. She first appears in Sandman
Index 84: Aksel Schitz (1 September 1906 – 19 April 1975) was a Danish tenor and later baritone, who was considered one of
Index 85: Troy is a town in St. Croix County, Wisconsin, United States. The population was 3,661 at the 2000 census. The unincorporated community of Glover
Index 86: In marketing terminology, a killer application (commonly shortened to killer app) is any computer program that is so necessary or desirable that it proves the core value
Index 87: Aurskog-Hland is a municipality in Akershus county, Norway. It is part of the Romerike traditional region. The administrative centre
Index 88: Washington Township is a township in Erie County, Pennsylvania, United States. The population was 4,526 at the 2000 census. The township surrounds the Borough
Index 89: Duckman: Private Dick/Family Man is an American adult animated sitcom that aired on the USA Network from March 5, 1994 to September 6, 1997. It
Index 90: The year 1991 in film involved some significant events.
Index 91: Denison is a city in Crawford County, Iowa, United States, along the Boyer River. The population was 8,298 at the 2010 census. It is
Index 92: Lotus Symphony was an integrated software package for creating and editing text, spreadsheets, charts and other documents on the MS-DOS operating systems. It was released by Lotus Development
Index 93: Salma Hayek Pinault (born September 2, 1966) is a Mexican and American film actress, director, and producer.
Index 94: Sir Arthur Stanley Eddington, OM, FRS (28 December 1882 – 22 November 1944) was a British astronomer, physicist
Index 95: Morrison is a town in Warren County, Tennessee, United States. The population was 684 at the 2000 census and 694 at the 2010 census.
Index 96: USS Abraham Lincoln (CVN-72), is the fifth Nimitz-class aircraft carrier in the United States Navy. It is the second Navy ship to have been
Index 97: Procyon ( CMi,  Canis Minoris, Alpha Canis Minoris; BrE /prosi.n
Index 98: Calhoun is a city in Gordon County, Georgia, United States. As of the 2010 census, the city had a population of 15,650. Calhoun
Index 99: Keno /kino/ is a lottery-like gambling game often played at modern casinos, and also offered as a game in some state lot
Index 100: A cluster munition is a form of air-dropped or ground-launched explosive weapon that releases or ejects smaller submunitions. Commonly
Index 101: Esbjerg Municipality (Danish pronunciation: [sbja]) is a municipality (Danish, kommune)
Index 102: The year 1906 in film involved some significant events.
Index 103: Magnus Olafsson (Old Norse: Magns láfsson, Norwegian and Danish: Magnus Olav
Index 104: Steinfurt is a town in North Rhine-Westphalia, Germany. It is the capital of the district of Steinfurt.
Index 105: Jérôme Napoléon Bonaparte (London, 5 July 1805 – Baltimore, 17 June 1870) was a son of Elizabeth Patterson
Index 106: Pope Felix III (died 1 March 492) was Pope from 13 March 483 to his death in 492. His repudiation of the Henoticon is considered
Index 107: Meconium aspiration syndrome (MAS) also known as neonatal aspiration of meconium is a medical condition affecting newborn infants. It
Index 108: In mathematics, Clifford algebras are a type of associative algebra. As K-algebras, they generalize the real numbers, complex numbers
Index 109: Anthracite is a hard, compact variety of coal that has a high luster. It has the highest carbon content, the fewest impurities
Index 110: A skyscraper is a tall, continuously habitable building of over 40 floors, mostly designed for office, commercial and residential uses. A skyscraper can
Index 111: Lieutenant Commander Data (/det/ DAY-t) is a character in the fictional Star Trek universe portrayed by actor Brent Spiner.
Index 112: The Gallic Empire (Latin: Imperium Galliarum) is the modern name for a breakaway part of the Roman Empire that functioned
Index 113: 2002 (MMII)was a common year starting on Tuesday of the Gregorian calendar (dominical letter F), the 2002nd year of the Common
Index 114: Imperial Beach is a residential beach city in San Diego County, California, with a population of 26,324 at the 2010 census. The city is the southernmost beach
Index 115: Nikephoros Kallistos Xanthopoulos, Latinized as Nicephorus Callistus Xanthopulus (Greek: 
Index 116: Stage lighting is the craft of lighting as it applies to the production of theatre, dance, opera and other performance arts. Several different types of stage lighting instruments are used in
Index 117: Stirling (/strl/; Scots: Stirlin; Scottish Gaelic: Sruighlea [s
Index 118: Sergio Aragonés Domenech (born September 6, 1937) is a Spanish/Mexican cartoonist and writer best known for his contributions to Mad
Index 119: Bear Creek is a town in Waupaca County, Wisconsin, United States. The population was 838 at the 2000 census. The unincorporated communities of Bear Creek

Pair #1
--------------------------------------------------
 index: 63
[pred] Maharashtra (Marathi: , transliteration: "mahbhr"), locally abbreviated
[true] Maharashtra (/mhrtr/; Marathi pronunciation: locally: [mharar], abbr.
--------------------------------------------------

Pair #2
--------------------------------------------------
 index: 50
[pred] All This, and Heaven Too is a 1940 American drama film made by Warner Bros. First National Pictures with, produced and directed by Anatole
[true] All This, and Heaven Too is a 1940 American drama film made by Warner Bros.-First National Pictures, produced and directed by Anatole Litvak with
--------------------------------------------------

Pair #3
--------------------------------------------------
 index: 113
[pred] 2002 was a common year (MII) beginning on the weekday of the Gregorian calendar which carried the letters M*F*F
[true] 2002 (MMII)was a common year starting on Tuesday of the Gregorian calendar (dominical letter F), the 2002nd year of the Common
--------------------------------------------------


{'eval_loss': 11.040410995483398, 'eval_model_preparation_time': 0.0185, 'eval_pred_num_tokens': 31.000001907348633, 'eval_true_num_tokens': 34.51667022705078, 'eval_token_set_precision': 0.834889505816737, 'eval_token_set_recall': 0.8909329188080848, 'eval_token_set_f1': 0.8608776914110473, 'eval_token_set_f1_sem': np.float64(0.011319498944846558), 'eval_n_ngrams_match_1': 20.266666666666666, 'eval_n_ngrams_match_2': 16.716666666666665, 'eval_n_ngrams_match_3': 14.183333333333334, 'eval_num_true_words': 24.716666666666665, 'eval_num_pred_words': 22.466666666666665, 'eval_bleu_score': np.float64(65.33074104046207), 'eval_bleu_score_sem': np.float64(2.0461380715927597), 'eval_rouge_score': np.float64(0.8558041796727224), 'eval_exact_match': np.float64(0.016666666666666666), 'eval_exact_match_sem': np.float64(0.011735491270876315), 'eval_emb_cos_sim': 0.9860051274299622, 'eval_emb_cos_sim_sem': np.float64(0.0036063918378204107), 'eval_emb_top1_equal': 0.8125, 'eval_emb_top1_equal_sem': np.float64(0.10077822208404541), 'eval_runtime': 2895.626, 'eval_samples_per_second': 0.041, 'eval_steps_per_second': 0.003}
+++ Evaluation Metrics +++
eval_loss: 11.040410995483398
eval_model_preparation_time: 0.0185
eval_pred_num_tokens: 31.000001907348633
eval_true_num_tokens: 34.51667022705078
eval_token_set_precision: 0.834889505816737
eval_token_set_recall: 0.8909329188080848
eval_token_set_f1: 0.8608776914110473
eval_token_set_f1_sem: 0.011319498944846558
eval_n_ngrams_match_1: 20.266666666666666
eval_n_ngrams_match_2: 16.716666666666665
eval_n_ngrams_match_3: 14.183333333333334
eval_num_true_words: 24.716666666666665
eval_num_pred_words: 22.466666666666665
eval_bleu_score: 65.33074104046207
eval_bleu_score_sem: 2.0461380715927597
eval_rouge_score: 0.8558041796727224
eval_exact_match: 0.016666666666666666
eval_exact_match_sem: 0.011735491270876315
eval_emb_cos_sim: 0.9860051274299622
eval_emb_cos_sim_sem: 0.0036063918378204107
eval_emb_top1_equal: 0.8125
eval_emb_top1_equal_sem: 0.10077822208404541
eval_runtime: 2895.626
eval_samples_per_second: 0.041
eval_steps_per_second: 0.003
Time taken: 2895.703934907913
Current memory usage: 4.25MB; Peak: 10.19MB
