+++ Arguments Passed +++
Namespace(model='jxm/gtr__nq__32__correct', beir_dataset='dbpedia-entity', beam_width=8, steps=50, batch_size=16, max_samples=120, output_csv=None, max_length=12)
Set num workers to 1
+++ model_args +++
ModelArguments(model_name_or_path='t5-base', embedder_model_name='gtr_base', embedder_model_api=None, embedder_gaussian_noise_level=0.0, embedder_torch_dtype='float32', embedding_transform_strategy='repeat', encoder_dropout_disabled=False, decoder_dropout_disabled=False, model_type=None, config_overrides=None, config_name=None, tokenizer_name=None, cache_dir=None, model_revision='main', max_seq_length=32, torch_dtype=None, num_repeat_tokens=16, embedding_zero_except_topk=None, embedder_no_grad=True, use_lora=False, embedder_fake_with_zeros=False, use_frozen_embeddings_as_input=False, corrector_ignore_hypothesis_embedding=False, embeddings_from_layer_n=None, freeze_strategy='none')

+++ data_args +++
DataArguments(dataset_name='nq', max_eval_samples=500, use_less_data=1000)

+++ training_args +++
TrainingArguments(
_n_gpu=1,
accelerator_config={'split_batches': False, 'dispatch_batches': None, 'even_batches': True, 'use_seedable_sampler': True, 'non_blocking': False, 'gradient_accumulation_kwargs': None, 'use_configured_state': False},
adafactor=False,
adam_beta1=0.9,
adam_beta2=0.999,
adam_epsilon=1e-06,
auto_find_batch_size=False,
average_tokens_across_devices=False,
batch_eval_metrics=False,
bf16=0,
bf16_full_eval=False,
cheat_on_train_hypotheses=False,
corrector_model_alias=None,
corrector_model_from_pretrained=jxm/gtr__nq__32,
data_seed=None,
dataloader_drop_last=False,
dataloader_num_workers=0,
dataloader_persistent_workers=False,
dataloader_pin_memory=True,
dataloader_prefetch_factor=None,
ddp_backend=None,
ddp_broadcast_buffers=None,
ddp_bucket_cap_mb=None,
ddp_find_unused_parameters=None,
ddp_timeout=1800,
debug=[],
deepspeed=None,
disable_tqdm=True,
dispatch_batches=None,
do_eval=False,
do_predict=False,
do_train=False,
eval_accumulation_steps=None,
eval_delay=0,
eval_do_concat_batches=True,
eval_on_start=False,
eval_steps=6250,
eval_strategy=steps,
eval_use_gather_object=False,
evaluation_strategy=steps,
exp_group_name=gtr_corrector,
exp_name=,
experiment=corrector,
fp16=False,
fp16_backend=auto,
fp16_full_eval=False,
fp16_opt_level=O1,
fsdp=[],
fsdp_config={'min_num_params': 0, 'xla': False, 'xla_fsdp_grad_ckpt': False},
fsdp_min_num_params=0,
fsdp_transformer_layer_cls_to_wrap=None,
full_determinism=False,
gradient_accumulation_steps=1,
gradient_checkpointing=False,
gradient_checkpointing_kwargs=None,
greater_is_better=False,
group_by_length=True,
half_precision_backend=auto,
hub_always_push=False,
hub_model_id=None,
hub_private_repo=False,
hub_strategy=every_save,
hub_token=<HUB_TOKEN>,
ignore_data_skip=False,
include_for_metrics=['inputs'],
include_inputs_for_metrics=True,
include_num_input_tokens_seen=False,
include_tokens_per_second=False,
jit_mode_eval=False,
label_names=None,
label_smoothing_factor=0.0,
learning_rate=0.00282842712,
length_column_name=length,
load_best_model_at_end=True,
local_rank=-1,
log_level=passive,
log_level_replica=warning,
log_on_each_node=True,
logging_dir=/home/wentingz/vec2text/saves/gtr-nq-msl32-correct/runs/Nov05_04-29-22_mosaic-cirrascale-03.reviz.ai2.in,
logging_first_step=False,
logging_nan_inf_filter=True,
logging_steps=50,
logging_strategy=steps,
lr_scheduler_kwargs={},
lr_scheduler_type=linear,
max_grad_norm=1.0,
max_steps=-1,
metric_for_best_model=nq_loss,
mock_embedder=False,
mp_parameters=,
neftune_noise_alpha=None,
no_cuda=True,
num_train_epochs=200.0,
optim=adamw_torch,
optim_args=None,
optim_target_modules=None,
output_dir=saves/jxm__gtr__nq__32__correct,
overwrite_output_dir=False,
past_index=-1,
per_device_eval_batch_size=256,
per_device_train_batch_size=256,
prediction_loss_only=False,
push_to_hub=False,
push_to_hub_model_id=None,
push_to_hub_organization=None,
push_to_hub_token=<PUSH_TO_HUB_TOKEN>,
ray_scope=last,
remove_unused_columns=False,
report_to=[],
restore_callback_states_from_checkpoint=False,
resume_from_checkpoint=None,
run_name=/home/wentingz/vec2text/saves/gtr-nq-msl32-correct,
save_on_each_node=False,
save_only_model=False,
save_safetensors=False,
save_steps=500,
save_strategy=steps,
save_total_limit=2,
seed=42,
skip_memory_metrics=True,
split_batches=None,
steps_per_epoch=500000,
tf32=None,
torch_compile=False,
torch_compile_backend=None,
torch_compile_mode=None,
torch_empty_cache_steps=None,
torchdynamo=None,
tpu_metrics_debug=False,
tpu_num_cores=None,
use_cpu=False,
use_ipex=False,
use_legacy_prediction_loop=False,
use_liger_kernel=False,
use_mps_device=False,
use_wandb=False,
warmup_ratio=0.0,
warmup_steps=25000,
weight_decay=0.0,
)

Experiment output_dir = saves/jxm__gtr__nq__32__correct
Set num workers to 1
+++ model_args +++
ModelArguments(model_name_or_path='t5-base', embedder_model_name='gtr_base', embedder_model_api=None, embedder_gaussian_noise_level=0.0, embedder_torch_dtype='float32', embedding_transform_strategy='repeat', encoder_dropout_disabled=False, decoder_dropout_disabled=False, model_type=None, config_overrides=None, config_name=None, tokenizer_name=None, cache_dir=None, model_revision='main', max_seq_length=32, torch_dtype=None, num_repeat_tokens=16, embedding_zero_except_topk=None, embedder_no_grad=True, use_lora=False, embedder_fake_with_zeros=False, use_frozen_embeddings_as_input=True, corrector_ignore_hypothesis_embedding=False, embeddings_from_layer_n=None, freeze_strategy='none')

+++ data_args +++
DataArguments(dataset_name='nq', max_eval_samples=500, use_less_data=1000)

+++ training_args +++
TrainingArguments(
_n_gpu=1,
accelerator_config={'split_batches': False, 'dispatch_batches': None, 'even_batches': True, 'use_seedable_sampler': True, 'non_blocking': False, 'gradient_accumulation_kwargs': None, 'use_configured_state': False},
adafactor=False,
adam_beta1=0.9,
adam_beta2=0.999,
adam_epsilon=1e-06,
auto_find_batch_size=False,
average_tokens_across_devices=False,
batch_eval_metrics=False,
bf16=0,
bf16_full_eval=False,
cheat_on_train_hypotheses=False,
corrector_model_alias=None,
corrector_model_from_pretrained=None,
data_seed=None,
dataloader_drop_last=False,
dataloader_num_workers=0,
dataloader_persistent_workers=False,
dataloader_pin_memory=True,
dataloader_prefetch_factor=None,
ddp_backend=None,
ddp_broadcast_buffers=None,
ddp_bucket_cap_mb=None,
ddp_find_unused_parameters=None,
ddp_timeout=1800,
debug=[],
deepspeed=None,
disable_tqdm=True,
dispatch_batches=None,
do_eval=False,
do_predict=False,
do_train=False,
eval_accumulation_steps=None,
eval_delay=0,
eval_do_concat_batches=True,
eval_on_start=False,
eval_steps=1250,
eval_strategy=steps,
eval_use_gather_object=False,
evaluation_strategy=steps,
exp_group_name=oct-gtr32,
exp_name=,
experiment=inversion,
fp16=False,
fp16_backend=auto,
fp16_full_eval=False,
fp16_opt_level=O1,
fsdp=[],
fsdp_config={'min_num_params': 0, 'xla': False, 'xla_fsdp_grad_ckpt': False},
fsdp_min_num_params=0,
fsdp_transformer_layer_cls_to_wrap=None,
full_determinism=False,
gradient_accumulation_steps=1,
gradient_checkpointing=False,
gradient_checkpointing_kwargs=None,
greater_is_better=False,
group_by_length=True,
half_precision_backend=auto,
hub_always_push=False,
hub_model_id=None,
hub_private_repo=False,
hub_strategy=every_save,
hub_token=<HUB_TOKEN>,
ignore_data_skip=False,
include_for_metrics=['inputs'],
include_inputs_for_metrics=True,
include_num_input_tokens_seen=False,
include_tokens_per_second=False,
jit_mode_eval=False,
label_names=None,
label_smoothing_factor=0.0,
learning_rate=0.002,
length_column_name=length,
load_best_model_at_end=True,
local_rank=-1,
log_level=passive,
log_level_replica=warning,
log_on_each_node=True,
logging_dir=/home/wentingz/vec2text/saves/gtr-nq-msl32/runs/Nov01_18-00-43_mosaic-cirrascale-03.reviz.ai2.in,
logging_first_step=False,
logging_nan_inf_filter=True,
logging_steps=25,
logging_strategy=steps,
lr_scheduler_kwargs={},
lr_scheduler_type=constant_with_warmup,
max_grad_norm=1.0,
max_steps=-1,
metric_for_best_model=nq_loss,
mock_embedder=False,
mp_parameters=,
neftune_noise_alpha=None,
no_cuda=True,
num_train_epochs=300.0,
optim=adamw_torch,
optim_args=None,
optim_target_modules=None,
output_dir=saves/jxm__gtr__nq__32,
overwrite_output_dir=False,
past_index=-1,
per_device_eval_batch_size=256,
per_device_train_batch_size=512,
prediction_loss_only=False,
push_to_hub=False,
push_to_hub_model_id=None,
push_to_hub_organization=None,
push_to_hub_token=<PUSH_TO_HUB_TOKEN>,
ray_scope=last,
remove_unused_columns=False,
report_to=[],
restore_callback_states_from_checkpoint=False,
resume_from_checkpoint=None,
run_name=/home/wentingz/vec2text/saves/gtr-nq-msl32,
save_on_each_node=False,
save_only_model=False,
save_safetensors=False,
save_steps=125,
save_strategy=steps,
save_total_limit=2,
seed=42,
skip_memory_metrics=True,
split_batches=None,
steps_per_epoch=500000,
tf32=None,
torch_compile=False,
torch_compile_backend=None,
torch_compile_mode=None,
torch_empty_cache_steps=None,
torchdynamo=None,
tpu_metrics_debug=False,
tpu_num_cores=None,
use_cpu=False,
use_ipex=False,
use_legacy_prediction_loop=False,
use_liger_kernel=False,
use_mps_device=False,
use_wandb=False,
warmup_ratio=0.0,
warmup_steps=625,
weight_decay=0.0,
)

Experiment output_dir = saves/jxm__gtr__nq__32
Loading datasets with TOKENIZERS_PARALLELISM = False
loading train dataset from path: /home/scur0989/.cache/inversion/dd0d97ad14fd6897b0d31cecc2e14d13.arrow
loaded dict of val datasets from /home/scur0989/.cache/inversion/8a11157c2dba245e22bfdea7946e149e.arrow
Loading BEIR dataset: dbpedia-entity
Original dataset size: 100000
Randomly selected 120 samples from the dataset.
Model tokens max_length: 12
Embedder tokens max_length: 12
+++ Trainer Args Passed +++
trainer.num_gen_recursive_steps: 50
trainer.sequence_beam_width: 8
Model name: jxm/gtr__nq__32__correct
max_seq_length: 512
Dataset({
    features: ['text'],
    num_rows: 120
})

=== Prediction-Label Pairs ===
Length of decoded_preds: 120
Length of decoded_labels: 120

Contents of decoded_preds:
Index 0:         The Battle of Mohács (pronounced  [
Index 1: Avondale Estates          is a city in De
Index 2: Avon          is a city in Bon Homme County
Index 3: The 77s (alternatively           s
Index 4: Judith Mavis Durham           AO (born Judith
Index 5: A jazz band (jazz ensemble           or jazz combo)
Index 6:          System Shock is a 1994 first-person action 
Index 7:           Brooks is a town in Fayette County
Index 8: The Maltese Falcon           is a 1929 detective novel
Index 9: Artur Gavazzi          (October 14, 18
Index 10: Forrest City           is a city in St. Francis
Index 11: Aarschot (Dutch pronunciation:        
Index 12: This is a list of notable events           in music that
Index 13: Politics of El Salvador           takes place in land a
Index 14: Military branches:            The Special Service, no regular
Index 15:           Richmond Hill is a city in Bryan County, Georgia
Index 16: Forest City,           formerly known as "Burn
Index 17: Barton           is a town in Allegany
Index 18: New           Hartford is a town in Litchfield County
Index 19: Caramel (          ) (Kormân
Index 20: Lê Dun         (7 April 1907,   
Index 21:           West Union is a city in Todd County, Minnesota
Index 22: Hidden Hills           is a city and gated community in
Index 23: An arc lamp         or arc light  is a 
Index 24:         Lanesboro is a borough in Sus 
Index 25:         Lumberton is a city in Hardin County  
Index 26: Card games, particularly poker games, may contain one or          
Index 27:            Pymatuning South is census-
Index 28: In Egyptian mythology, Sekhmet           /
Index 29:          A convoy is a group of vehicles, typically 
Index 30: Year           210 (CCX) was a common
Index 31:          The Nashville sound originated during the late 1950s as  
Index 32:  A MUD (        /md/) (
Index 33: Udo Jürgens         (born Ud
Index 34: Hong Kong (         ; "Fragrant Harbour") 
Index 35: This article presents a list of the historical events and          
Index 36:          Lasara is a census-designated place ( 
Index 37: Anne Baxter (May 7, 1923 –          
Index 38: Holt           is a city in Marshall County, Minnesota
Index 39: Cheboygan County           is a county in the U
Index 40: The Democratic Republic of the Congo           is by the Congo River
Index 41: Chino Valley     is a town in Yava 
Index 42: Montville           is a town in Waldo County,
Index 43: Alma           is a town in Jackson County, Wisconsin in
Index 44:            (thelberht), also 
Index 45:           Addison is a borough in Somerset County
Index 46:            Sacred Heart Township is a township
Index 47: In optics, particularly           as it relates to film
Index 48: Murder in the Cathedral           is a verse drama by
Index 49: Hans Schaffner (16 December 1908           in Interlake
Index 50: All This,          and Heaven Too is a 1940 American 
Index 51: Full Throttle           is a computer adventure game developed
Index 52: The national anthem of Thailand           was adopted on 10
Index 53:          The term speculative fiction refers to any 
Index 54: In various branches of mathematics,           a useful construction is
Index 55:           Earl Eugene Scruggs (January 6, 19
Index 56: The American chestnut           , Castanea
Index 57: Raymond Merrill Smullyan (           
Index 58: This article           is about the demographic features of the population of
Index 59: Frank J. Gaffney, Jr.           (born
Index 60:           James Walter Carter (December 15, 1923 in Ai
Index 61: Blanche of Castile           (Spanish: Blanca
Index 62: Kate nio del Castillo Kate nio del Castillo Negrete
Index 63: Maharashtra (          ) (Mah
Index 64: Bridgewater           is a town in Aroosto
Index 65: Brier       is a city in Snohomish County
Index 66:           Yosemite Falls is the highest waterfall in
Index 67:         The term Groovebox was originally used by   Roland
Index 68: Postal stationery           are postal cards with an imprinted
Index 69: Styrene          , also known as e
Index 70: Belvidere Township           is a township in
Index 71: Ohatchee (inc. 1956)           is
Index 72:           "Logic of Empire" is a science fiction novel
Index 73: Stupid White Men ...           and Other Sorry Exc
Index 74: Guinevere ("          "), wéni
Index 75:            Sir Thomas Wyatt (1503– 11
Index 76: Dinah Washington (born           Ruth Lee Jones; August 29,
Index 77: Electrode An electrode or  electrode is a conductor used to make contact
Index 78: William Gary Busey           (born June 29, 1944)
Index 79:           Earth and Sun and Moon is an album by Australian rock
Index 80: Creature from the Black Lagoon           is 
Index 81: moc College, Montgomery moc College (moc) is a public open
Index 82: The San Francisco Peninsula           is a peninsula in the San
Index 83: Foxglove (Donna Cavanagh)           is
Index 84: akol Schitz akol Schitz (1 September 1906
Index 85: Troy           is a town in St. Croix County
Index 86:           In marketing terminology, a killer application (common
Index 87:           Aurskog-Horland is
Index 88: Washington Township       is a township in Erie County
Index 89: Duckman: Private Dick/Family Man           is
Index 90:         The year 1991 in film   involved some significant events. 
Index 91: Denison          is a city in Crawford County,
Index 92: Lotus Symphony        was an integrated software package for creating and editing
Index 93: Salma Hayek Salma Hayek Pinault (born
Index 94: Sir Arthur Stanley Eddington,           OM, FRS
Index 95:          Morrison is a town in Warren County, Tennessee 
Index 96: USS Abraham Lincoln (CVN-72),           is
Index 97: Procyon (            CMi
Index 98: Calhoun is a city in Gordon County,          
Index 99: Keno   /kino/  /kino/ is 
Index 100: A cluster munition           is a form of air-
Index 101: Esbjerg Municipality (Danish pronunciation          
Index 102: The year 1906 in film involved some significant events.           
Index 103:  Magnus  Olafsson (Old        
Index 104: Steinfurt           is a town in North Rhine
Index 105: Jérôme Napoléon           Bonapart
Index 106: Pope Felix III           (died 1 March 492) was
Index 107:          Meconium aspiration syndrome (MAS) also 
Index 108:           In mathematics, Clifford algebras are a
Index 109: Anthracite        is a hard, compact 
Index 110: A skyscraper           is a tall, continuously
Index 111: Commander Lieutenant-Datat (            
Index 112: The Gallic Empire (Latin:           Impe
Index 113: 2002            (MMII) was common year
Index 114: Imperial Beach           is a residential beach city in San Diego
Index 115: Nikephoros Kallistos           Xanthop
Index 116: Stage lighting           is the craft of lighting as it applies to
Index 117: Stirling (          ) (Storl
Index 118: Sergio aras Domnguez Sergio aras Domnguez (born in
Index 119:          Bear Creek is a town in Waupaca 

Contents of decoded_labels:
Index 0: The Battle of Mohács (pronounced [
Index 1: Avondale Estates is a city in De
Index 2: Avon is a city in Bon Homme County
Index 3: The 77s (alternatively s
Index 4: Judith Mavis Durham AO (born Judith
Index 5: A jazz band (jazz ensemble or jazz combo)
Index 6: System Shock is a 1994 first-person action
Index 7: Brooks is a town in Fayette County
Index 8: The Maltese Falcon is a 1929 detective novel
Index 9: Artur Gavazzi (October 14, 1861 
Index 10: Forrest City is a city in St. Francis
Index 11: Aarschot (Dutch pronunciation:
Index 12: This is a list of notable events in music that
Index 13: Politics of El Salvador takes place in land a
Index 14: Military branches:No regular military force; the Special Service
Index 15: Richmond Hill is a city in Bryan County, Georgia
Index 16: Forest City, formerly known as "Burn
Index 17: Barton is a town in Allegany
Index 18: New Hartford is a town in Litchfield County
Index 19: Caramel (/krm
Index 20: Lê Dun (7 April 1907 –
Index 21: West Union is a city in Todd County, Minnesota
Index 22: Hidden Hills is a city and gated community in
Index 23: An arc lamp or arc light is a
Index 24: Lanesboro is a borough in Sus
Index 25: Lumberton is a city in Hardin County
Index 26: Card games, particularly poker games, may contain one or
Index 27: Pymatuning South is a census-design
Index 28: In Egyptian mythology, Sekhmet /
Index 29: A convoy is a group of vehicles, typically
Index 30: Year 210 (CCX) was a common
Index 31: The Nashville sound originated during the late 1950s as 
Index 32: A MUD (/md/;
Index 33: Udo Jürgens (born Ud
Index 34: Hong Kong (; "Fragrant Harbour")
Index 35: This article presents a list of the historical events and
Index 36: Lasara is a census-designated place (
Index 37: Anne Baxter (May 7, 1923 –
Index 38: Holt is a city in Marshall County, Minnesota
Index 39: Cheboygan County is a county in the U
Index 40: The Democratic Republic of the Congo is by the Congo River
Index 41: Chino Valley is a town in Yava
Index 42: Montville is a town in Waldo County,
Index 43: Alma is a town in Jackson County, Wisconsin in
Index 44: thelberht (also 
Index 45: Addison is a borough in Somerset County
Index 46: Sacred Heart Township is a township in Ren
Index 47: In optics, particularly as it relates to film
Index 48: Murder in the Cathedral is a verse drama by
Index 49: Hans Schaffner (16 December 1908 in Interlake
Index 50: All This, and Heaven Too is a 1940 American
Index 51: Full Throttle is a computer adventure game developed
Index 52: The national anthem of Thailand was adopted on 10
Index 53: The term speculative fiction refers to any
Index 54: In various branches of mathematics, a useful construction is
Index 55: Earl Eugene Scruggs (January 6, 19
Index 56: The American chestnut, Castanea dentata
Index 57: Raymond Merrill Smullyan (/s
Index 58: This article is about the demographic features of the population of
Index 59: Frank J. Gaffney, Jr. (born
Index 60: James Walter Carter (December 15, 1923 in Ai
Index 61: Blanche of Castile (Spanish: Blanca
Index 62: Kate del Castillo Negrete Trillo
Index 63: Maharashtra (/mhr
Index 64: Bridgewater is a town in Aroosto
Index 65: Brier is a city in Snohomish County
Index 66: Yosemite Falls is the highest waterfall in
Index 67: The term Groovebox was originally used by Roland
Index 68: Postal cards are postal stationery with an imprinted
Index 69: Styrene, also known as eth
Index 70: Belvidere Township is a township in
Index 71: Ohatchee (inc. 1956) is
Index 72: "Logic of Empire" is a science fiction novel
Index 73: Stupid White Men ...and Other Sorry Exc
Index 74: Guinevere /wn
Index 75: Sir Thomas Wyatt (1503 – 11 October
Index 76: Dinah Washington (born Ruth Lee Jones; August 29,
Index 77: An electrode is an electrical conductor used to make contact
Index 78: William Gary Busey (born June 29, 1944)
Index 79: Earth and Sun and Moon is an album by Australian rock
Index 80: Creature from the Black Lagoon is 
Index 81: Montgomery College (MC) is a public, open
Index 82: The San Francisco Peninsula is a peninsula in the San
Index 83: Foxglove (Donna Cavanagh) is
Index 84: Aksel Schitz (1 September 1906
Index 85: Troy is a town in St. Croix County
Index 86: In marketing terminology, a killer application (common
Index 87: Aurskog-Hland is 
Index 88: Washington Township is a township in Erie County
Index 89: Duckman: Private Dick/Family Man is
Index 90: The year 1991 in film involved some significant events.
Index 91: Denison is a city in Crawford County,
Index 92: Lotus Symphony was an integrated software package for creating and editing
Index 93: Salma Hayek Pinault (born September
Index 94: Sir Arthur Stanley Eddington, OM, FRS
Index 95: Morrison is a town in Warren County, Tennessee
Index 96: USS Abraham Lincoln (CVN-72), is
Index 97: Procyon ( CMi, 
Index 98: Calhoun is a city in Gordon County,
Index 99: Keno /kino/ is
Index 100: A cluster munition is a form of air-
Index 101: Esbjerg Municipality (Danish pronunciation
Index 102: The year 1906 in film involved some significant events.
Index 103: Magnus Olafsson (Old
Index 104: Steinfurt is a town in North Rhine
Index 105: Jérôme Napoléon Bonapart
Index 106: Pope Felix III (died 1 March 492) was
Index 107: Meconium aspiration syndrome (MAS) also
Index 108: In mathematics, Clifford algebras are a
Index 109: Anthracite is a hard, compact
Index 110: A skyscraper is a tall, continuously
Index 111: Lieutenant Commander Data (/det/
Index 112: The Gallic Empire (Latin: Impe
Index 113: 2002 (MMII)was a common year
Index 114: Imperial Beach is a residential beach city in San Diego
Index 115: Nikephoros Kallistos Xanthop
Index 116: Stage lighting is the craft of lighting as it applies to
Index 117: Stirling (/strl
Index 118: Sergio Aragonés Domenech (born
Index 119: Bear Creek is a town in Waupaca

Pair #1
--------------------------------------------------
 index: 63
[pred] Maharashtra (          ) (Mah
[true] Maharashtra (/mhr
--------------------------------------------------

Pair #2
--------------------------------------------------
 index: 50
[pred] All This,          and Heaven Too is a 1940 American 
[true] All This, and Heaven Too is a 1940 American
--------------------------------------------------

Pair #3
--------------------------------------------------
 index: 113
[pred] 2002            (MMII) was common year
[true] 2002 (MMII)was a common year
--------------------------------------------------


{'eval_loss': 3.109969139099121, 'eval_model_preparation_time': 0.0185, 'eval_pred_num_tokens': 31.000001907348633, 'eval_true_num_tokens': 11.983333587646484, 'eval_token_set_precision': 0.9441089466089465, 'eval_token_set_recall': 0.9482629870129871, 'eval_token_set_f1': 0.9436519961519959, 'eval_token_set_f1_sem': np.float64(0.012331669501751203), 'eval_n_ngrams_match_1': 7.158333333333333, 'eval_n_ngrams_match_2': 6.008333333333334, 'eval_n_ngrams_match_3': 4.983333333333333, 'eval_num_true_words': 7.458333333333333, 'eval_num_pred_words': 7.608333333333333, 'eval_bleu_score': np.float64(84.65020796875767), 'eval_bleu_score_sem': np.float64(2.7896180959517336), 'eval_rouge_score': np.float64(0.9443468024350377), 'eval_exact_match': np.float64(0.0), 'eval_exact_match_sem': np.float64(0.0), 'eval_emb_cos_sim': 0.9894056916236877, 'eval_emb_cos_sim_sem': np.float64(0.007258234545588493), 'eval_emb_top1_equal': 0.9375, 'eval_emb_top1_equal_sem': np.float64(0.0625), 'eval_runtime': 2927.7716, 'eval_samples_per_second': 0.041, 'eval_steps_per_second': 0.003}
+++ Evaluation Metrics +++
eval_loss: 3.109969139099121
eval_model_preparation_time: 0.0185
eval_pred_num_tokens: 31.000001907348633
eval_true_num_tokens: 11.983333587646484
eval_token_set_precision: 0.9441089466089465
eval_token_set_recall: 0.9482629870129871
eval_token_set_f1: 0.9436519961519959
eval_token_set_f1_sem: 0.012331669501751203
eval_n_ngrams_match_1: 7.158333333333333
eval_n_ngrams_match_2: 6.008333333333334
eval_n_ngrams_match_3: 4.983333333333333
eval_num_true_words: 7.458333333333333
eval_num_pred_words: 7.608333333333333
eval_bleu_score: 84.65020796875767
eval_bleu_score_sem: 2.7896180959517336
eval_rouge_score: 0.9443468024350377
eval_exact_match: 0.0
eval_exact_match_sem: 0.0
eval_emb_cos_sim: 0.9894056916236877
eval_emb_cos_sim_sem: 0.007258234545588493
eval_emb_top1_equal: 0.9375
eval_emb_top1_equal_sem: 0.0625
eval_runtime: 2927.7716
eval_samples_per_second: 0.041
eval_steps_per_second: 0.003
Time taken: 2927.828273534775
Current memory usage: 4.08MB; Peak: 10.04MB
