+++ Arguments Passed +++
Namespace(model='jxm/gtr__nq__32__correct', beir_dataset='dbpedia-entity', beam_width=4, steps=50, batch_size=16, max_samples=500, output_csv=None, max_length=12)
Set num workers to 1
+++ model_args +++
ModelArguments(model_name_or_path='t5-base', embedder_model_name='gtr_base', embedder_model_api=None, embedder_gaussian_noise_level=0.0, embedder_torch_dtype='float32', embedding_transform_strategy='repeat', encoder_dropout_disabled=False, decoder_dropout_disabled=False, model_type=None, config_overrides=None, config_name=None, tokenizer_name=None, cache_dir=None, model_revision='main', max_seq_length=32, torch_dtype=None, num_repeat_tokens=16, embedding_zero_except_topk=None, embedder_no_grad=True, use_lora=False, embedder_fake_with_zeros=False, use_frozen_embeddings_as_input=False, corrector_ignore_hypothesis_embedding=False, embeddings_from_layer_n=None, freeze_strategy='none')

+++ data_args +++
DataArguments(dataset_name='nq', max_eval_samples=500, use_less_data=1000)

+++ training_args +++
TrainingArguments(
_n_gpu=1,
accelerator_config={'split_batches': False, 'dispatch_batches': None, 'even_batches': True, 'use_seedable_sampler': True, 'non_blocking': False, 'gradient_accumulation_kwargs': None, 'use_configured_state': False},
adafactor=False,
adam_beta1=0.9,
adam_beta2=0.999,
adam_epsilon=1e-06,
auto_find_batch_size=False,
average_tokens_across_devices=False,
batch_eval_metrics=False,
bf16=0,
bf16_full_eval=False,
cheat_on_train_hypotheses=False,
corrector_model_alias=None,
corrector_model_from_pretrained=jxm/gtr__nq__32,
data_seed=None,
dataloader_drop_last=False,
dataloader_num_workers=0,
dataloader_persistent_workers=False,
dataloader_pin_memory=True,
dataloader_prefetch_factor=None,
ddp_backend=None,
ddp_broadcast_buffers=None,
ddp_bucket_cap_mb=None,
ddp_find_unused_parameters=None,
ddp_timeout=1800,
debug=[],
deepspeed=None,
disable_tqdm=True,
dispatch_batches=None,
do_eval=False,
do_predict=False,
do_train=False,
eval_accumulation_steps=None,
eval_delay=0,
eval_do_concat_batches=True,
eval_on_start=False,
eval_steps=6250,
eval_strategy=steps,
eval_use_gather_object=False,
evaluation_strategy=steps,
exp_group_name=gtr_corrector,
exp_name=,
experiment=corrector,
fp16=False,
fp16_backend=auto,
fp16_full_eval=False,
fp16_opt_level=O1,
fsdp=[],
fsdp_config={'min_num_params': 0, 'xla': False, 'xla_fsdp_grad_ckpt': False},
fsdp_min_num_params=0,
fsdp_transformer_layer_cls_to_wrap=None,
full_determinism=False,
gradient_accumulation_steps=1,
gradient_checkpointing=False,
gradient_checkpointing_kwargs=None,
greater_is_better=False,
group_by_length=True,
half_precision_backend=auto,
hub_always_push=False,
hub_model_id=None,
hub_private_repo=False,
hub_strategy=every_save,
hub_token=<HUB_TOKEN>,
ignore_data_skip=False,
include_for_metrics=['inputs'],
include_inputs_for_metrics=True,
include_num_input_tokens_seen=False,
include_tokens_per_second=False,
jit_mode_eval=False,
label_names=None,
label_smoothing_factor=0.0,
learning_rate=0.00282842712,
length_column_name=length,
load_best_model_at_end=True,
local_rank=-1,
log_level=passive,
log_level_replica=warning,
log_on_each_node=True,
logging_dir=/home/wentingz/vec2text/saves/gtr-nq-msl32-correct/runs/Nov05_04-29-22_mosaic-cirrascale-03.reviz.ai2.in,
logging_first_step=False,
logging_nan_inf_filter=True,
logging_steps=50,
logging_strategy=steps,
lr_scheduler_kwargs={},
lr_scheduler_type=linear,
max_grad_norm=1.0,
max_steps=-1,
metric_for_best_model=nq_loss,
mock_embedder=False,
mp_parameters=,
neftune_noise_alpha=None,
no_cuda=True,
num_train_epochs=200.0,
optim=adamw_torch,
optim_args=None,
optim_target_modules=None,
output_dir=saves/jxm__gtr__nq__32__correct,
overwrite_output_dir=False,
past_index=-1,
per_device_eval_batch_size=256,
per_device_train_batch_size=256,
prediction_loss_only=False,
push_to_hub=False,
push_to_hub_model_id=None,
push_to_hub_organization=None,
push_to_hub_token=<PUSH_TO_HUB_TOKEN>,
ray_scope=last,
remove_unused_columns=False,
report_to=[],
restore_callback_states_from_checkpoint=False,
resume_from_checkpoint=None,
run_name=/home/wentingz/vec2text/saves/gtr-nq-msl32-correct,
save_on_each_node=False,
save_only_model=False,
save_safetensors=False,
save_steps=500,
save_strategy=steps,
save_total_limit=2,
seed=42,
skip_memory_metrics=True,
split_batches=None,
steps_per_epoch=500000,
tf32=None,
torch_compile=False,
torch_compile_backend=None,
torch_compile_mode=None,
torch_empty_cache_steps=None,
torchdynamo=None,
tpu_metrics_debug=False,
tpu_num_cores=None,
use_cpu=False,
use_ipex=False,
use_legacy_prediction_loop=False,
use_liger_kernel=False,
use_mps_device=False,
use_wandb=False,
warmup_ratio=0.0,
warmup_steps=25000,
weight_decay=0.0,
)

Experiment output_dir = saves/jxm__gtr__nq__32__correct
Set num workers to 1
+++ model_args +++
ModelArguments(model_name_or_path='t5-base', embedder_model_name='gtr_base', embedder_model_api=None, embedder_gaussian_noise_level=0.0, embedder_torch_dtype='float32', embedding_transform_strategy='repeat', encoder_dropout_disabled=False, decoder_dropout_disabled=False, model_type=None, config_overrides=None, config_name=None, tokenizer_name=None, cache_dir=None, model_revision='main', max_seq_length=32, torch_dtype=None, num_repeat_tokens=16, embedding_zero_except_topk=None, embedder_no_grad=True, use_lora=False, embedder_fake_with_zeros=False, use_frozen_embeddings_as_input=True, corrector_ignore_hypothesis_embedding=False, embeddings_from_layer_n=None, freeze_strategy='none')

+++ data_args +++
DataArguments(dataset_name='nq', max_eval_samples=500, use_less_data=1000)

+++ training_args +++
TrainingArguments(
_n_gpu=1,
accelerator_config={'split_batches': False, 'dispatch_batches': None, 'even_batches': True, 'use_seedable_sampler': True, 'non_blocking': False, 'gradient_accumulation_kwargs': None, 'use_configured_state': False},
adafactor=False,
adam_beta1=0.9,
adam_beta2=0.999,
adam_epsilon=1e-06,
auto_find_batch_size=False,
average_tokens_across_devices=False,
batch_eval_metrics=False,
bf16=0,
bf16_full_eval=False,
cheat_on_train_hypotheses=False,
corrector_model_alias=None,
corrector_model_from_pretrained=None,
data_seed=None,
dataloader_drop_last=False,
dataloader_num_workers=0,
dataloader_persistent_workers=False,
dataloader_pin_memory=True,
dataloader_prefetch_factor=None,
ddp_backend=None,
ddp_broadcast_buffers=None,
ddp_bucket_cap_mb=None,
ddp_find_unused_parameters=None,
ddp_timeout=1800,
debug=[],
deepspeed=None,
disable_tqdm=True,
dispatch_batches=None,
do_eval=False,
do_predict=False,
do_train=False,
eval_accumulation_steps=None,
eval_delay=0,
eval_do_concat_batches=True,
eval_on_start=False,
eval_steps=1250,
eval_strategy=steps,
eval_use_gather_object=False,
evaluation_strategy=steps,
exp_group_name=oct-gtr32,
exp_name=,
experiment=inversion,
fp16=False,
fp16_backend=auto,
fp16_full_eval=False,
fp16_opt_level=O1,
fsdp=[],
fsdp_config={'min_num_params': 0, 'xla': False, 'xla_fsdp_grad_ckpt': False},
fsdp_min_num_params=0,
fsdp_transformer_layer_cls_to_wrap=None,
full_determinism=False,
gradient_accumulation_steps=1,
gradient_checkpointing=False,
gradient_checkpointing_kwargs=None,
greater_is_better=False,
group_by_length=True,
half_precision_backend=auto,
hub_always_push=False,
hub_model_id=None,
hub_private_repo=False,
hub_strategy=every_save,
hub_token=<HUB_TOKEN>,
ignore_data_skip=False,
include_for_metrics=['inputs'],
include_inputs_for_metrics=True,
include_num_input_tokens_seen=False,
include_tokens_per_second=False,
jit_mode_eval=False,
label_names=None,
label_smoothing_factor=0.0,
learning_rate=0.002,
length_column_name=length,
load_best_model_at_end=True,
local_rank=-1,
log_level=passive,
log_level_replica=warning,
log_on_each_node=True,
logging_dir=/home/wentingz/vec2text/saves/gtr-nq-msl32/runs/Nov01_18-00-43_mosaic-cirrascale-03.reviz.ai2.in,
logging_first_step=False,
logging_nan_inf_filter=True,
logging_steps=25,
logging_strategy=steps,
lr_scheduler_kwargs={},
lr_scheduler_type=constant_with_warmup,
max_grad_norm=1.0,
max_steps=-1,
metric_for_best_model=nq_loss,
mock_embedder=False,
mp_parameters=,
neftune_noise_alpha=None,
no_cuda=True,
num_train_epochs=300.0,
optim=adamw_torch,
optim_args=None,
optim_target_modules=None,
output_dir=saves/jxm__gtr__nq__32,
overwrite_output_dir=False,
past_index=-1,
per_device_eval_batch_size=256,
per_device_train_batch_size=512,
prediction_loss_only=False,
push_to_hub=False,
push_to_hub_model_id=None,
push_to_hub_organization=None,
push_to_hub_token=<PUSH_TO_HUB_TOKEN>,
ray_scope=last,
remove_unused_columns=False,
report_to=[],
restore_callback_states_from_checkpoint=False,
resume_from_checkpoint=None,
run_name=/home/wentingz/vec2text/saves/gtr-nq-msl32,
save_on_each_node=False,
save_only_model=False,
save_safetensors=False,
save_steps=125,
save_strategy=steps,
save_total_limit=2,
seed=42,
skip_memory_metrics=True,
split_batches=None,
steps_per_epoch=500000,
tf32=None,
torch_compile=False,
torch_compile_backend=None,
torch_compile_mode=None,
torch_empty_cache_steps=None,
torchdynamo=None,
tpu_metrics_debug=False,
tpu_num_cores=None,
use_cpu=False,
use_ipex=False,
use_legacy_prediction_loop=False,
use_liger_kernel=False,
use_mps_device=False,
use_wandb=False,
warmup_ratio=0.0,
warmup_steps=625,
weight_decay=0.0,
)

Experiment output_dir = saves/jxm__gtr__nq__32
Loading datasets with TOKENIZERS_PARALLELISM = False
loading train dataset from path: /home/scur0989/.cache/inversion/dd0d97ad14fd6897b0d31cecc2e14d13.arrow
loaded dict of val datasets from /home/scur0989/.cache/inversion/8a11157c2dba245e22bfdea7946e149e.arrow
Loading BEIR dataset: dbpedia-entity
Original dataset size: 100000
cut dataset at 500 samples.
Model tokens max_length: 12
Embedder tokens max_length: 12
+++ Trainer Args Passed +++
trainer.num_gen_recursive_steps: 50
trainer.sequence_beam_width: 4
Model name: jxm/gtr__nq__32__correct
max_seq_length: 512
Dataset({
    features: ['text'],
    num_rows: 500
})

=== Prediction-Label Pairs ===
Length of decoded_preds: 500
Length of decoded_labels: 500

Contents of decoded_preds:
Index 0:          Aurelius Ambrosius, better known 
Index 1: The Academy Awards           or The Oscars is an annual American
Index 2:         The Economy of Angola is one of the fastest  
Index 3:          The northern cavefish or northern blindfish, Amb 
Index 4:             (Adelaide: Adelaide
Index 5: ktaeon ktaeon (    , "Actia
Index 6: Anerne Anerne or arene, which is an aromatic hydrocarbon sometimes
Index 7:          The Apollo program, also known as Project Apollo, was 
Index 8: Mouthwash            , rinse or oral
Index 9:        Abbot, meaning father, is an ec  
Index 10: Abensberg (German pronunciation: [a         
Index 11: Albert Schweitzer (14 January 1875 –           4
Index 12: Antonio Lucio Vivaldi (Ita       
Index 13:           Accordions (from 19th-century German Ak
Index 14: Americium           is a radioactive transuranic
Index 15: The Aare (German pronunciation:        [a  
Index 16: Amyntas III (Greek:          
Index 17:          The Alexandrists were a school of Renaissance philosopher 
Index 18: Aristotle (        /rst/a
Index 19: Alexei Petrovich Romanov (Russian          
Index 20: The Analytical Engine           was a proposed mechanical general
Index 21: Anacharsis Anacharsis (    , "nk
Index 22: NYSE MKT           LLC, formerly known as the
Index 23: Anarchism           is a political philosophy that advocates
Index 24:           Augusta Ada King, Countess
Index 25: Assistive technology           is an umbrella term that includes
Index 26: Alexander Balas (Ancient Greek:         
Index 27: American Sign Language          (ASL) is the predominant sign 
Index 28: An algebraic number           is a possibly complex number that
Index 29:            (named an 'E' (
Index 30:          In philosophy, religion, mythology, and fiction, 
Index 31: The Americans with Disabilities Act of 1990           (ADA
Index 32:          APL (named after the book A Programming 
Index 33: Generally, an answer is a reply to           
Index 34: Area          is the quantity that expresses the extent of 
Index 35: Asphalt (US)            (sflt
Index 36: Arthur Schopenhauer (German:         [ a
Index 37: Altaite аite (    "laic")
Index 38:           Albolin (530s) June 8
Index 39: Anaxarchus (          "nzóz
Index 40: Ahab (Hebrew:          , Modern
Index 41:          The Ashes is a Test cricket series  played
Index 42:         , which was Ambiorvolix together with Caticu
Index 43: The American Football Conference (AFC)           is one of
Index 44: Aleksandar obrenievi or obrenievich Alexander I
Index 45: Alfonso        Cuarón  Orozco 
Index 46: An amateur           (French amateur "lover of
Index 47: Alger of Liège (1055–1131),          
Index 48: The Apiaceae          or Umbellifera 
Index 49: Anisotropy (         /na/
Index 50: Anatoly yevich Carevsk Anatoly yevich Kar
Index 51: Abraham Lincoln (     /ebr>     
Index 52: Pabert of alen Pabert of alen (14 May 1720–14
Index 53: Acute disseminated          encephalo
Index 54: Aztlan         Underground is a fusion band from
Index 55: An aircraft          is a machine that is able to 
Index 56:           In Norse mythology, Ask and Embla
Index 57: The abacus (plural        abaci or
Index 58:         The MessagePad is the first series of personal digital  
Index 59: Alcuin of York (Latin:        Al
Index 60:          Ardipithecus is a  gen
Index 61: Allan Dwan (3 April 1885           
Index 62: Ajax Ajax or Aias (       
Index 63: The Andes           is the longest continental mountain range in
Index 64: Alexander Aetolus (Ancient Greek         
Index 65: Augustus           (Latin: Impert
Index 66: Aruba (  /ruba/) Aruba (     
Index 67: Asia (// or // or // or //e/
Index 68: Alfonso kag Alfonso kag the Magnanimous 
Index 69: August 22           is the 234th day of the year
Index 70: Antimony          is a chemical element with symbol Sb
Index 71: April 6           is the 96th day of the year
Index 72: Alan Alexander Milne (pron:          
Index 73: Alberta (           "lbârt
Index 74: Ames           is a city located in the central part
Index 75: August 2          is the 214th day of the year 
Index 76: Astrometry           is the branch of astronomy that involves
Index 77: An assembly language An assembly language (or assembler language or ) is 
Index 78: Aalborg Municipality          is a municipality (D
Index 79: Agnosticism          is the view that the truth values 
Index 80: Animalia           is an illustrated children's book by
Index 81:          This article is about communications systems in Anguilla 
Index 82: Alcidamas (Greek:          
Index 83: Analog Brothers      were an experimental hip-hop crew featuring
Index 84: A Modest Proposal for Preventing the          
Index 85: Amalaric (Gothic:         Amal
Index 86: Andrei Andrei (Andrey,       )
Index 87:          The Dodo is a fictional character appearing in 
Index 88:           Alan Garner OBE (born 17 October 1934)
Index 89: Angst means fear or anxiety (angishness           or its
Index 90: Aristophanes (      /r   âs
Index 91: ambracia ambracia (/ambracia/, Bre
Index 92: Albert II           (German: Albrecht; 28 March 15
Index 93: Alexander (Ancient Greek:           )
Index 94:          Armenia is the second most densely populated of the 
Index 95: Alcamenes         (Ancient Greek 
Index 96: According to the Bible          , Absalom or A
Index 97:    / Allah (English pronunciation: "      -lâ
Index 98: Audi AG (pronounced              
Index 99: August 21           is the 233rd day of the
Index 100: An abbey An abbey (from abbea of Latin 
Index 101: Ankara (English:           /Ker
Index 102: Algorithms           is a peer-re
Index 103: Agnostida         is an order of arthropod
Index 104: Absolute zero           is the lower limit of the thermodynamic
Index 105: Anthropology           is the study of humanity. Its main
Index 106:           August 14 is the 226th day of the year
Index 107: Park (Güell          ) The Parc Catalan
Index 108: An artist           is a person engaged in one or more
Index 109: AWK           is an interpreted programming language designed for
Index 110:         The ampere (SI unit symbol:   A
Index 111: Athena (Inuit) Athena (        //
Index 112:           Dame Agatha Mary Clarissa Christie,
Index 113: An anaconda           is a large snake
Index 114: Apple Computer           , later known retroactively as
Index 115:            Alcaeus of Mytilene
Index 116: Abraxas (Gk.           ,
Index 117: Anatole France (French:         [an
Index 118: A Clockwork Orange           is a dystopian
Index 119: Arminianism           is based on theological ideas
Index 120: Armed army An army (from Latin    , "arms",    , 
Index 121: Alfred Russel Wallace           OM FRS (8 January 18
Index 122:          Afro Celt Sound System is a musical group 
Index 123: alessandro algari alessandro algari (15
Index 124: The Aegean Sea (      /  /d/
Index 125:       Asterales (str.      
Index 126: Since its independence, Armenia has maintained a policy of          
Index 127: Art is a diverse range of human activities          and the 
Index 128: Alexander (          ), or Lézandr
Index 129: Aberdeenshire (Scottish Gaelic:           Si
Index 130:          The Antarctic Treaty and related agreements, collectively known 
Index 131: Alain Connes (French:          
Index 132:           August 17 is the 229th day of the year
Index 133:        Ambrosians are members of one of the    religious
Index 134: The Amber Diceless Roleplaying Game           is
Index 135: The amnd The amnd (/amn/ or / almond
Index 136: August 9 is the 221st day of the          
Index 137: Aluminium (      or    ; see different endings) is aluminum 
Index 138: Transport in Antarctica           has transformed from explorers crossing
Index 139: The Austroasiatic languages           , in recent
Index 140: Afonso IV (Portuguese         
Index 141: Asociación Alumni          , usually just Alumni, is
Index 142:  Amethyst          is a violet variety
Index 143: The Book of Amos           is a prophetic book
Index 144: An acropolis (Greek:          
Index 145: Alexander of Aphrodisias           (G
Index 146: Anna Sergeyevna           Kournikova
Index 147:          Not to be confused with Amathus, PalestineA 
Index 148:            In Greek mythology, Achilles (k
Index 149: Apple Inc.           (commonly known as Apple)
Index 150: Apollo           (Attic, Ionic, and Home
Index 151:           Sir Sultan Muhammed Shah, Aga Khan III
Index 152: ABBA (stylised          )
Index 153: Arthur Aikin, FGS,           FLS (19
Index 154: Alfonso II           (759 –
Index 155: Avicenna (            
Index 156:          The Atlantic Ocean is the second largest of the world's 
Index 157: Jagiol aalen (Polish: aalen Alexander I
Index 158: An architect            is a person who designs,
Index 159: Artificial intelligence           (AI) is the intelligence exhibited by
Index 160: Abbotsford          is a historic country house in
Index 161: Aquaculture          , also known as aquafarm
Index 162:          An atomic orbital  is a mathematical function that
Index 163: An astronaut (or cosmonaut) is           
Index 164:           The anthophytes were thought to be 
Index 165: Aphrodite (Greek:         "fruda
Index 166: American Samoa          has a total of 241 
Index 167: In the Book of Samuel, Abner           (Hebre
Index 168: August (Aug-st/          [AW-
Index 169: Vipa agpina Vipa agpina, most commonly
Index 170:           The Apache Software Foundation (p..t
Index 171:           August 16 is the 228th day of the year
Index 172: Asparagales         is the name of an order of 
Index 173: Azerbaijan is a member of the United          
Index 174: April 13           is the 103rd day of the
Index 175: Hercule Poirot (        /  "r
Index 176: Alexander III of Macedon (          23 July 556 BC
Index 177: Alabama (Alabama:          "lbâm
Index 178: Advanced Chemistry           is a German hip hop group from Heidelberg
Index 179: Acacia Acacia (          //
Index 180: Algol (Beta:            Per
Index 181: Alp Arkic;          
Index 182: American Samoa,           located within the geographical region of
Index 183: August           William Derleth (February 24, 1909 
Index 184:           Alan Curtis Kay (born May 17, 1940,
Index 185: Autism       is a neurodevelopmental disorder characterized by 
Index 186: Arabic/Arabic:           ("rbé
Index 187: The American Revolutionary War (1775–1783),          
Index 188: Alfons Maria Alfons Jakob (2 July
Index 189: Ailanthus Ailanthus (      ), or lá
Index 190: An affidavit (          f
Index 191: The economy of American Samoa           is a traditional
Index 192: Alexander I of Epirus (Ancient Greek          
Index 193: Andy Warhol (            wàh
Index 194: aldrius of Beverley aldrius of Beverley, or ald
Index 195: April 15 is the 105th day of the year          
Index 196: An author          is broadly defined as "the person who originated 
Index 197: Andre Kirk Agassi (ndre          )
Index 198: Alfheim (Old Norse:        
Index 199: Amines (US):            (mi
Index 200: In the Book of Exodus,         Amram   (
Index 201:          In law, an abstract  is a brief statement that
Index 202: Ahmed I (Ottoman Turkish:           
Index 203: Algeria (Arabic:           - al-J
Index 204: An American in Paris            is a jazz-
Index 205:          This article is about the demographic features of the population of the population
Index 206: April 16           is the 106th day of the year
Index 207: Sir Alfred Joseph Hitchcock, KBE           (13
Index 208:           August 1 is the 213th day of the year
Index 209:           In algorithmic information theory (a subfield of computer
Index 210: April is the fourth month of the year in the          
Index 211:         The Apiales are an order of flowering plants  
Index 212: Alexander I (medieval Gaelic:           Al
Index 213: Asteroids           is an arcade space shooter released in
Index 214: Alab de Lille Alab de Lille (or Alanus Insul
Index 215:          This article is about the demographic features of the population of the population
Index 216: Albedo Albedo (        , "lbi
Index 217:         The Asteraceae or   Composita
Index 218: Anarcho-capitalism           (anarcho
Index 219: An analog or analogue signal           is any continuous signal
Index 220: Azincourt (French pronunciation:          [
Index 221: Ada         is a structured, statically typed
Index 222: André Paul Guillaume Gide (French:          
Index 223: April 12           is the 102nd day of the year
Index 224: In chemistry        and    physics, the atomic number
Index 225: Casa Batlló (Catalan pronunciation:           (
Index 226: August 23          is the 235th day of the year 
Index 227: Apollo 8, the second human spaceflight mission in the          
Index 228: An alloy is a mixture of metals           or 
Index 229: Alfred Elton van Van Vogt (        /v
Index 230: Kiajse Arner (born 1950) Kiajse Arn
Index 231: An adventure           is an exciting or unusual experience. It may
Index 232: Arys         is one of the constellations of zodi
Index 233: Azerbaijan           has an economy that has completed its
Index 234: Arianism          is a nontrinitarian 
Index 235: April 22 is the 112th day of the year          
Index 236: Amos Bronson Alcott (          /l
Index 237: Aikido (Japanese:          
Index 238: Azerbaijan           is situated in the Caucasus
Index 239: Mara jpl Mara jpl ("Miss Marple"), commonly referred to Miss
Index 240: The Annales School (French pronunciation:           [
Index 241: Andrei Arsenyevich           Tarkovsky
Index 242: In particle physics          , antimatter is material composed
Index 243:          /agate>t is a crypto
Index 244:         Arsenic is a chemical element with   symbol
Index 245:           August 12 is the 224th day of the year
Index 246: Attila (Tialean:          
Index 247:         Alvin Toffler (born October 4, 1928)  
Index 248: Anadyr (Russian:        на
Index 249:           , All Souls' Day in Christianity is
Index 250:         "The Triumph of Time" is a poem by  
Index 251: Akira Kurosawa (Japanese          
Index 252: Alfred Bernhard Nobel (nob.           
Index 253: allocution allocution or allocutus is a 
Index 254: August 6 is the 218th day of the year          
Index 255:          August 24 is the 236th day of the year 
Index 256: August Wilhelm Ambros (17 November 1816 –          
Index 257: April 29 is the 119th day of the year          
Index 258: Albert Camus (French:         [alb
Index 259: Animism           (from Latin anima,
Index 260: Afonso V (Portuguese) Afonso V (4)
Index 261: Ataxia (from Greek:          [a
Index 262:           This article is about communications systems in Antigua and
Index 263: The American Civil War           , widely known in United
Index 264:            (ASCII=ski/asses
Index 265: Alfred Skarbek          Korzyb Habdank
Index 266: Adobe (         , "doba/i
Index 267: Afonso Vio (Portuguese) Afonso Vi
Index 268:         The politics of Antigua and Barbuda  takes 
Index 269: Augustin-Jean Fresnel (       
Index 270: April 30 is the 120th day of the year (          
Index 271: April 1 the           is the 91st day of
Index 272: Arable land           (from Latin arabilis, "
Index 273: Abraham (Abraham-            
Index 274: The alphorn        or alpenhorn    or alpin
Index 275: August 19 is the 231st day of the          
Index 276:          The astronomical unit (symbol au 
Index 277: August 13          is the 225th day of the year 
Index 278: April 28 is the 118th day of the year          
Index 279: Aga Khan I' (Persian:          
Index 280: The Territory of Ashmore and Cartier Islands         is an
Index 281: Alexander III (Medieval Gaelic:          
Index 282:            For the "abbr" HTML tag,
Index 283: In Christianity, an abbess           (Lat
Index 284: Abalone abalone (/ам/, "b
Index 285:           In mathematics, an automorphism is an is
Index 286:          The Anglican Communion is an international association of 
Index 287: August 27          is the 239th day of the year 
Index 288: Amalric of Bena (French:        
Index 289:           An atom is the smallest constituent unit of ordinary
Index 290:          In mathematics, the absolute value (or modulus) 
Index 291: Azerbaijan Azerbaijan (Arabic:         
Index 292: August 18 is the 230th day of the year          
Index 293: Politics of American Samoa takes place in           
Index 294: An alphabet is a standard set of letters           (bas
Index 295: Amaranthus          , collectively known as 
Index 296: The Azerbaijani Armed Forces (          
Index 297: Agathon (Greek:     ) or     
Index 298: Amino acids Amino -acids (    [min
Index 299:           This page lists some links to ancient philosophy. In Western
Index 300: August 219           is the 7th day of year
Index 301: In mathematics and statistics,        the arithmetic   
Index 302: Actrius (Catalan:           Actresse
Index 303: Casa Milà (Catalan pronunciation:           
Index 304:          Alismatales is an order of flowering plants 
Index 305: The demographics of Armenia          is about the demographic features of 
Index 306:         Alan Mathison Turing,  OBE,  F
Index 307: An axon (from Greek           -
Index 308: An argot (English pronunciation:         /r 
Index 309: Albert the Bear           (German: Albrecht der Bär
Index 310: In common law, assault is the act of creating        
Index 311: The Amazing Spider-Man (abbreviated as          
Index 312:           August 8 is the 220th day of the year
Index 313: The foreign relations of Angola           are based on
Index 314:          Actinium is a radioactive chemical element with 
Index 315: Anatolia (from Greek            Ana
Index 316: Ambrose Traversari, O.S.          
Index 317: eldald eldald (or eldred; died
Index 318:         An abjad is a type of writing system
Index 319:           August 215 is the 3rd day of year
Index 320: Ancient Egypt           was a civilization of ancient Northeastern
Index 321:          Antonio Agliardi (4 September 1832 – 
Index 322:           In abstract algebra, an algebraically closed field F contains
Index 323: In mathematics, the phrase           "almost all" has
Index 324: Alexios II Komnenos    or    Alex
Index 325: Agriculture         is the cultivation of animals, plants, fungi and
Index 326: Kim Nazel Kim Nazel (born June 17, 1965),   
Index 327: Julia agrpa Julia agrpa, most commonly referred
Index 328: Cardinal Albert of Brandenburg (German:          Albrecht von 
Index 329: Aquarius          is a constellation of the zodiac 
Index 330: Amasis II          (Ancient Greek 
Index 331: Alexis (Greek:            
Index 332: In Greco-Roman mythology, Aene         
Index 333: American Chinese cuisine           , known in the United States
Index 334: Agrarianism           has two common meanings. The
Index 335:            (AK-47, also known as Kal
Index 336: The Governor of Alabama           is the chief executive of the U
Index 337:           In organic chemistry, an alkane, or
Index 338:           This article considers transport in Armenia. For Soviet transportation
Index 339: The Advanced Encryption Standard (AES),          
Index 340: "Alga" redirects here.           For
Index 341: Extreme poverty          , or absolute poverty, was originally defined
Index 342: Altruism          or selflessness is the principle or 
Index 343: August 31 is the 243rd day of the          
Index 344: An abscess abscess (Latin: ab
Index 345:           "nanda" (Chinese: 
Index 346: The Articles of Confederation,          , formally
Index 347: Abner Doubleday (June 26, 1819          
Index 348: The terms           anno Domini (AD or A.
Index 349: Corresponding to most kinds of particles, there is          
Index 350: This is a list of           characters in Ayn
Index 351: Alaric II*           (Gothic:
Index 352: An ac (from the Latin ac, ac, ac
Index 353: Achill Island (pron: "          k
Index 354: Alexander II           was a king of Epirus,
Index 355: Anaximander (          -nk
Index 356:           In the Hebrew Bible and the Quran, Aaron 
Index 357: Ancylopoda         is a group of 
Index 358: An astronomer          is a scientist in the field 
Index 359: The Austrian School         is a school of economic thought 
Index 360: An assembly line (          ) is a manufacturing process
Index 361: The ancient Aramaic alphabet           is adapted from the
Index 362: The meaning of the word American in the English language           
Index 363: Alyattes, king of Lydia (619          
Index 364: The Plague (French: La Peste          
Index 365: Animal Farm          is an allegorical and dystopian 
Index 366: In Greek mythology, Alcmene           /
Index 367: In mathematics and computer science, an algorithm (           
Index 368: Anah or Ana (Arabic:           
Index 369: Albert Sidney Johnston           (February 2, 1803
Index 370: Arhus          or aarhus (Dan
Index 371: Analysis of variance           (ANOVA) is a collection
Index 372: April 26 is the           116th day of the year
Index 373: Agnes Maria of Andechs-Merania        
Index 374:          Politics of Armenia takes place in a framework of 
Index 375: Alexander Agassiz         Emmanuel Rodolphe  (
Index 376: The Dasyproctidae        are 
Index 377: Abortion           is the ending of pregnancy by removing
Index 378: The Museum of Work           , or Arbet
Index 379: Ajax (Ancient Greek:          
Index 380:          "America the Beautiful" is an American patriotic song 
Index 381:           Alexander Graham Bell (March 3, 1847 – August
Index 382: The Antigua and Barbuda Defence Force           is
Index 383:         Alder is the common name of a gen 
Index 384: Auto racing           (also known as car racing, motor racing
Index 385: Afroasiatic           (Afro-Asi
Index 386: In United States appellate procedure,           an appeal is 
Index 387: Afghanistan/Afghanistan.         "fônst
Index 388: Asteroids are minor planets, especially those of        
Index 389: Alaska (  /  /  / , "lská
Index 390:  Algorithms for calculating variance play          
Index 391: The Alps The Alps (         "lps
Index 392:           August 15 is the 227th day of the year
Index 393: The aspect ratio of a geometric shape           is the ratio
Index 394:          Alfred William Lawson  (March 24, 1869 –
Index 395: The term           abdominal surgery broadly covers surgical procedures that involve opening
Index 396: Animation           is the process of creating the illusion of motion and
Index 397: Antisemitism           (also spelled
Index 398: Antigua and Barbuda (          /
Index 399: Austrian German           (German: sterreichisches
Index 400: Amphibians           are ectothermic
Index 401: Alternate history           or alternative history, sometimes abbre
Index 402: "Amazing Grace"           is a Christian hymn
Index 403: An anagram           is a type of word play
Index 404: Anbar (          ) was a town in
Index 405:         In planar geometry, an angle  is the figure  formed
Index 406: Alabaster          is a name applied to varieties of 
Index 407: Ambiguity          is a type of uncertainty of meaning 
Index 408: The Angolan Armed Forces           (Portu
Index 409: Agapanthus africanus         (African 
Index 410: Alexander Mackenzie, PC         (January 28, 1822
Index 411: Anatomy           is the branch of biology concerned with the
Index 412: Saint Angilbert (c.          760
Index 413:         "American shot" is a translation of   a
Index 414:          Anglicanism is a tradition within Christianity 
Index 415: Amati         is the last name of a family of 
Index 416: AOL Inc.           (previously known as America
Index 417:  Arraignment          is a formal reading of
Index 418: Anime (Japanese:           
Index 419: aanibus aanibus (Dr. aanibus: Zarba
Index 420: Antoninus Pius (Latin:           Ti
Index 421: Aldine Press           was the printing office started by Al
Index 422: Alypius of Antioch           was a
Index 423: The American National Standards Institute           (ANSI, /
Index 424:       and   , the alkali metals are a group 
Index 425: Alchemy         is an influential tradition whose practitioners have 
Index 426:         Analysis is the process of breaking a complex topic or 
Index 427: Aleister Crowley (Kri           
Index 428: Apocrypha          are works, usually written works, 
Index 429:          This article is about the demographic features of the population of the population
Index 430: Amber         is fossilized tree resin (not sap), which 
Index 431: Aldous           Leonard Huxley /h
Index 432: Amplitude modulation           (AM) is a
Index 433: An annual plant           is a plant that completes its
Index 434: Alexis Carrel (French:           [
Index 435: Irwin Allen Ginsberg (           
Index 436: Since the adoption of a new constitution in 2010, the          
Index 437: Ayn Rand (             
Index 438: Transport in Angola comprises:            
Index 439: Alabad Alabad is a fictional character created by 
Index 440: André-Marie Ampère (         /MP 
Index 441:          In computing, an applet is any small application that 
Index 442: In Greek mythology,          Agamemnon ( 
Index 443:            Applied ethics is the philosophical examination, from
Index 444: Berthold        Konrad Hermann    Albert Speer (German
Index 445: An anacan An anacan is a device, usually made of metal, 
Index 446: Anguilla (Anguilla:         "wél
Index 447: Abydos (Ancient Greek        
Index 448:          An appellate court, commonly called an appeals court 
Index 449: arani's landlocked country arani is a landlocked country in the Transc
Index 450: Amsterdam (English:        /mst'r 
Index 451: An abugida / abui / abui / 
Index 452: The ardvark (      /rd
Index 453: Andorra (   /and/ /and/ 
Index 454: Ahmed II (Ottoman Turkish:           
Index 455: Arachnophobia           or arachnephobia
Index 456: The Alan Parsons Project           are a British progressive rock
Index 457: Ahmed III (Ottoman Turkish:           
Index 458: ALGOL           (short for ALGOrithmic
Index 459:            America's National Game is a book
Index 460: The Andaman Islands form (           )
Index 461: Anxiety           is an emotion characterized by an unpleasant
Index 462:          The American Film Institute (AFI) is a 
Index 463: The aardwolf         (Proteles cri
Index 464: An -amide An -amide or ad (      
Index 465: Albania (          / "libeni
Index 466: Abydos /        (ba)
Index 467:         The Academy Awards are the oldest awards ceremony for achievements in  
Index 468: Alpha  (uppercase:     , lowercase:     
Index 469: asgrn (religion) In Norse religion asgrn ("O
Index 470: An axiom          or postulate is a 
Index 471: Amateur astronomy           is a hobby whose
Index 472: Ando Ando or an ado is a synthetic organism designed as a human robot intended to
Index 473: An allegiance           is a duty of fidelity
Index 474: This article           will go through a wide range of topics
Index 475:           In the ancient Greek myths, ambrosi
Index 476: The geography of Antarctica           is dominated by its south
Index 477: ahinobarbus ahinobarbus was a cognomen, 
Index 478: Ammonius Hermiae (          
Index 479:         The Atanasoff–Berry  computer
Index 480:           “Hymn to Proserpine
Index 481: An antipope An antipope (Latin:      ,  pap
Index 482:             Actinopterygii
Index 483: Alexander II           (Mediaeval Gaelic: Al
Index 484: International Atomic Time           (TAI, from the French
Index 485: The Alemanni (also Alamanni;    
Index 486: The Armed Forces of the Republic of Arakistan and the Armed Forces of Araka
Index 487:  Argon         is a chemical element with symbol Ar and
Index 488: A motor neuron disease           (MND) is any
Index 489: In chemistry,          an alcohol is any organic compound in 
Index 490:            The Alabama River, in the U.S
Index 491: An archipelago (          -rk
Index 492:           August 25 is the 237th day of the year
Index 493: Throughout history,           art has gone through forms of periodic
Index 494:          Ashoka Maurya (IAST: A 
Index 495: Aimoin         (c. 960 – 
Index 496: Astatine        is a very rare radioactive chemical element
Index 497: Albert Einstein (            [Einasta
Index 498: Angola (     /nolâ     
Index 499: Apollo 11 was the spaceflight           that landed the

Contents of decoded_labels:
Index 0: Aurelius Ambrosius, better known
Index 1: The Academy Awards or The Oscars is an annual American
Index 2: The Economy of Angola is one of the fastest
Index 3: The northern cavefish or northern blindfish, Amb
Index 4: Adelaide (/dled/ AD
Index 5: Actaeon (/kti
Index 6: An aromatic hydrocarbon or arene (or sometimes
Index 7: The Apollo program, also known as Project Apollo, was
Index 8: Mouthwash, mouth rinse, oral rinse or mouth
Index 9: Abbot, meaning father, is an ec
Index 10: Abensberg (German pronunciation: [a
Index 11: Albert Schweitzer (14 January 1875 – 4
Index 12: Antonio Lucio Vivaldi (Ita
Index 13: Accordions (from 19th-century German Ak
Index 14: Americium is a radioactive transuranic
Index 15: The Aare (German pronunciation: [a
Index 16: Amyntas III (Greek:
Index 17: The Alexandrists were a school of Renaissance philosopher
Index 18: Aristotle (/rst
Index 19: Alexei Petrovich Romanov (Russian
Index 20: The Analytical Engine was a proposed mechanical general
Index 21: Anacharsis (/nk
Index 22: NYSE MKT LLC, formerly known as the
Index 23: Anarchism is a political philosophy that advocates
Index 24: Augusta Ada King, Countess
Index 25: Assistive technology is an umbrella term that includes
Index 26: Alexander Balas (Ancient Greek:
Index 27: American Sign Language (ASL) is the predominant sign
Index 28: An algebraic number is a possibly complex number that
Index 29: A (named a /e
Index 30: In philosophy, religion, mythology, and fiction,
Index 31: The Americans with Disabilities Act of 1990 (ADA
Index 32: APL (named after the book A Programming
Index 33: Generally, an answer is a reply to 
Index 34: Area is the quantity that expresses the extent of
Index 35: Asphalt (US /sflt
Index 36: Arthur Schopenhauer (German: [a
Index 37: Altaic /lte
Index 38: Alboin (530s – June 28, 
Index 39: Anaxarchus (/nz
Index 40: Ahab (Hebrew: , Modern
Index 41: The Ashes is a Test cricket series played
Index 42: Ambiorix was, together with Cativolcu
Index 43: The American Football Conference (AFC) is one of
Index 44: Alexander I or Aleksandar Obrenovi
Index 45: Alfonso Cuarón Orozco
Index 46: An amateur (French amateur "lover of
Index 47: Alger of Liège (1055–1131),
Index 48: The Apiaceae or Umbellifera
Index 49: Anisotropy /na
Index 50: Anatoly Yevgenyevich Kar
Index 51: Abraham Lincoln /ebrh
Index 52: Albert of Prussia (17 May 1490 – 20
Index 53: Acute disseminated encephalo
Index 54: Aztlan Underground is a fusion band from
Index 55: An aircraft is a machine that is able to
Index 56: In Norse mythology, Ask and Embla
Index 57: The abacus (plural abaci or
Index 58: The MessagePad is the first series of personal digital
Index 59: Alcuin of York (Latin: Al
Index 60: Ardipithecus is a gen
Index 61: Allan Dwan (3 April 1885 – 28
Index 62: Ajax or Aias (/
Index 63: The Andes is the longest continental mountain range in
Index 64: Alexander Aetolus (Ancient Greek
Index 65: Augustus (Latin: Impert
Index 66: Aruba (/rub/
Index 67: Asia (/e/ or /
Index 68: Alfonso the Magnanimous KG
Index 69: August 22 is the 234th day of the year
Index 70: Antimony is a chemical element with symbol Sb
Index 71: April 6 is the 96th day of the year
Index 72: Alan Alexander Milne (/ml
Index 73: Alberta (/lbrt
Index 74: Ames is a city located in the central part
Index 75: August 2 is the 214th day of the year
Index 76: Astrometry is the branch of astronomy that involves
Index 77: An assembly language (or assembler language) is
Index 78: Aalborg Municipality is a municipality (D
Index 79: Agnosticism is the view that the truth values
Index 80: Animalia is an illustrated children's book by
Index 81: This article is about communications systems in Anguilla
Index 82: Alcidamas (Greek: 
Index 83: Analog Brothers were an experimental hip-hop crew featuring
Index 84: A Modest Proposal for Preventing the
Index 85: Amalaric (Gothic: Amal
Index 86: Andrey (Andrei) Andrey
Index 87: The Dodo is a fictional character appearing in
Index 88: Alan Garner OBE (born 17 October 1934)
Index 89: Angst means fear or anxiety (anguish is its
Index 90: Aristophanes (/rs
Index 91: Ambracia (/mbrei
Index 92: Albert II (German: Albrecht; 28 March 15
Index 93: Alexander (Ancient Greek: )
Index 94: Armenia is the second most densely populated of the
Index 95: Alcamenes (Ancient Greek
Index 96: According to the Bible, Absalom or A
Index 97: Allah (English pronunciation: /l/
Index 98: Audi AG (pronounced [ad 
Index 99: August 21 is the 233rd day of the
Index 100: An abbey (from Latin abbatia
Index 101: Ankara (English /kr
Index 102: Algorithms is a peer-re
Index 103: Agnostida is an order of arthropod
Index 104: Absolute zero is the lower limit of the thermodynamic
Index 105: Anthropology is the study of humanity. Its main
Index 106: August 14 is the 226th day of the year
Index 107: The Park Güell (Catalan: Parc
Index 108: An artist is a person engaged in one or more
Index 109: AWK is an interpreted programming language designed for
Index 110: The ampere (SI unit symbol: A
Index 111: Athena (/in/
Index 112: Dame Agatha Mary Clarissa Christie,
Index 113: An anaconda is a large snake
Index 114: Apple Computer 1, also known retroactively as the Apple
Index 115: Alcaeus of Mytilene (/
Index 116: Abraxas (Gk. ,
Index 117: Anatole France (French: [an
Index 118: A Clockwork Orange is a dystopian
Index 119: Arminianism is based on theological ideas
Index 120: An army (from Latin arma "arms,
Index 121: Alfred Russel Wallace OM FRS (8 January 18
Index 122: Afro Celt Sound System is a musical group
Index 123: Alessandro Algardi (31 July 15
Index 124: The Aegean Sea (/d
Index 125: Asterales /stre
Index 126: Since its independence, Armenia has maintained a policy of
Index 127: Art is a diverse range of human activities and the
Index 128: Alexander (/lzndr
Index 129: Aberdeenshire (Scottish Gaelic: Si
Index 130: The Antarctic Treaty and related agreements, collectively known
Index 131: Alain Connes (French: [
Index 132: August 17 is the 229th day of the year
Index 133: Ambrosians are members of one of the religious
Index 134: The Amber Diceless Roleplaying Game is
Index 135: The almond (/mnd/ or 
Index 136: August 9 is the 221st day of the
Index 137: Aluminium (or aluminum; see different endings) is
Index 138: Transport in Antarctica has transformed from explorers crossing
Index 139: The Austroasiatic languages, in recent classifications
Index 140: Afonso IV (Portuguese
Index 141: Asociación Alumni, usually just Alumni, is
Index 142: Amethyst is a violet variety
Index 143: The Book of Amos is a prophetic book
Index 144: An acropolis (Greek: 
Index 145: Alexander of Aphrodisias (G
Index 146: Anna Sergeyevna Kournikova
Index 147: Not to be confused with Amathus, PalestineA
Index 148: In Greek mythology, Achilles (/k
Index 149: Apple Inc. (commonly known as Apple)
Index 150: Apollo (Attic, Ionic, and Home
Index 151: Sir Sultan Muhammed Shah, Aga Khan III
Index 152: ABBA (stylised 
Index 153: Arthur Aikin, FLS, FGS (19
Index 154: Alfonso II (759 – 20
Index 155: Avicenna (/vs
Index 156: The Atlantic Ocean is the second largest of the world'
Index 157: Alexander I Jagiellon (Polish: Al
Index 158: An architect is a person who plans, designs,
Index 159: Artificial intelligence (AI) is the intelligence exhibited by
Index 160: Abbotsford is a historic country house in
Index 161: Aquaculture, also known as aquafarming,
Index 162: An atomic orbital is a mathematical function that
Index 163: An astronaut (or cosmonaut) is 
Index 164: The anthophytes were thought to be 
Index 165: Aphrodite (/frda
Index 166: American Samoa has a total of 241
Index 167: In the Book of Samuel, Abner (Hebre
Index 168: August (/st/ AW-g
Index 169: Vipsania Agrippina, most commonly
Index 170: The Apache Software Foundation /pt
Index 171: August 16 is the 228th day of the year
Index 172: Asparagales is the name of an order of
Index 173: Azerbaijan is a member of the United
Index 174: April 13 is the 103rd day of the
Index 175: Hercule Poirot (/r
Index 176: Alexander III of Macedon (20/21 July 356 BC
Index 177: Alabama (/lbm/
Index 178: Advanced Chemistry is a German hip hop group from Heidelberg
Index 179: Acacia (/ke/ or 
Index 180: Algol (Beta Per,  Per
Index 181: Alp Arslan (Turkic;
Index 182: American Samoa, located within the geographical region of
Index 183: August William Derleth (February 24, 1909 
Index 184: Alan Curtis Kay (born May 17, 1940 
Index 185: Autism is a neurodevelopmental disorder characterized by
Index 186: Arabic /rbk/ (
Index 187: The American Revolutionary War (1775–1783),
Index 188: Alfons Maria Jakob (2 July
Index 189: Ailanthus (/ln
Index 190: An affidavit (/f
Index 191: The economy of American Samoa is a traditional
Index 192: Alexander I of Epirus (Ancient Greek
Index 193: Andy Warhol (/wrh
Index 194: Alredus, or Alfred of Beverley,
Index 195: April 15 is the 105th day of the year
Index 196: An author is broadly defined as "the person who originated
Index 197: Andre Kirk Agassi (/ndre
Index 198: Alfheim (Old Norse:
Index 199: Amines (US: /mi
Index 200: In the Book of Exodus, Amram (
Index 201: In law, an abstract is a brief statement that
Index 202: Ahmed I (Ottoman Turkish: 
Index 203: Algeria (Arabic:  al-J
Index 204: An American in Paris is a jazz-influenced 
Index 205: This article is about the demographic features of the population of
Index 206: April 16 is the 106th day of the year
Index 207: Sir Alfred Joseph Hitchcock, KBE (13
Index 208: August 1 is the 213th day of the year
Index 209: In algorithmic information theory (a subfield of computer
Index 210: April is the fourth month of the year in the 
Index 211: The Apiales are an order of flowering plants
Index 212: Alexander I (medieval Gaelic: Al
Index 213: Asteroids is an arcade space shooter released in
Index 214: Alain de Lille (or Alanus ab Insul
Index 215: This article is about the demographic features of the population of
Index 216: Albedo (/lbi
Index 217: The Asteraceae or Composita
Index 218: Anarcho-capitalism (anarcho
Index 219: An analog or analogue signal is any continuous signal
Index 220: Azincourt (French pronunciation: [a
Index 221: Ada is a structured, statically typed
Index 222: André Paul Guillaume Gide (French: [
Index 223: April 12 is the 102nd day of the year
Index 224: In chemistry and physics, the atomic number
Index 225: Casa Batlló (Catalan pronunciation: [
Index 226: August 23 is the 235th day of the year
Index 227: Apollo 8, the second human spaceflight mission in the
Index 228: An alloy is a mixture of metals or 
Index 229: Alfred Elton van Vogt (/v
Index 230: Arne Kaijser (born 1950)
Index 231: An adventure is an exciting or unusual experience. It may
Index 232: Aries is one of the constellations of the zodi
Index 233: Azerbaijan has an economy that has completed its
Index 234: Arianism is a nontrinitarian
Index 235: April 22 is the 112th day of the year
Index 236: Amos Bronson Alcott (/l
Index 237: Aikido (Japanese: 
Index 238: Azerbaijan is situated in the Caucasus
Index 239: Jane Marple, usually referred to as Miss Mar
Index 240: The Annales School (French pronunciation: [
Index 241: Andrei Arsenyevich Tarkovsky
Index 242: In particle physics, antimatter is material composed
Index 243: Agate /t/ is a crypto
Index 244: Arsenic is a chemical element with symbol
Index 245: August 12 is the 224th day of the year
Index 246: Attila (/tl
Index 247: Alvin Toffler (born October 4, 1928)
Index 248: Anadyr (Russian: на
Index 249: All Souls' Day, in Christianity, is 
Index 250: "The Triumph of Time" is a poem by
Index 251: Akira Kurosawa (Japanese
Index 252: Alfred Bernhard Nobel (/nob
Index 253: An allocution or allocutus is
Index 254: August 6 is the 218th day of the year
Index 255: August 24 is the 236th day of the year
Index 256: August Wilhelm Ambros (17 November 1816 –
Index 257: April 29 is the 119th day of the year
Index 258: Albert Camus (French: [alb
Index 259: Animism (from Latin anima,
Index 260: Afonso V (Portuguese
Index 261: Ataxia (from Greek - [a
Index 262: This article is about communications systems in Antigua and
Index 263: The American Civil War, widely known in the United States
Index 264: ASCII (/ski/ ASS-
Index 265: Alfred Habdank Skarbek Korzyb
Index 266: Adobe (/dobi/,
Index 267: Afonso VI (Portuguese
Index 268: The politics of Antigua and Barbuda takes
Index 269: Augustin-Jean Fresnel (
Index 270: April 30 is the 120th day of the year (
Index 271: April 1 is the 91st day of the
Index 272: Arable land (from Latin arabilis, "
Index 273: Abraham (/ebrh
Index 274: The alphorn or alpenhorn or alpin
Index 275: August 19 is the 231st day of the
Index 276: The astronomical unit (symbol au
Index 277: August 13 is the 225th day of the year
Index 278: April 28 is the 118th day of the year
Index 279: Aga Khan I (Persian:  
Index 280: The Territory of Ashmore and Cartier Islands is an
Index 281: Alexander III (Medieval Gaelic:
Index 282: For the abbr> HTML tag, see
Index 283: In Christianity, an abbess (Lat
Index 284: Abalone (/blo
Index 285: In mathematics, an automorphism is an is
Index 286: The Anglican Communion is an international association of
Index 287: August 27 is the 239th day of the year
Index 288: Amalric of Bena (French:
Index 289: An atom is the smallest constituent unit of ordinary
Index 290: In mathematics, the absolute value (or modulus)
Index 291: Azerbaijan (/zrb
Index 292: August 18 is the 230th day of the year
Index 293: Politics of American Samoa takes place in 
Index 294: An alphabet is a standard set of letters (bas
Index 295: Amaranthus, collectively known as ama
Index 296: The Azerbaijani Armed Forces (
Index 297: Agathon (/n/; Greek: 
Index 298: Amino acids (/min
Index 299: This page lists some links to ancient philosophy. In Western
Index 300: August 7 is the 219th day of the year
Index 301: In mathematics and statistics, the arithmetic
Index 302: Actrius (Catalan: Actresses
Index 303: Casa Milà (Catalan pronunciation: [
Index 304: Alismatales is an order of flowering plants
Index 305: The demographics of Armenia is about the demographic features of
Index 306: Alan Mathison Turing, OBE, F
Index 307: An axon (from Greek  
Index 308: An argot (English pronunciation: /r
Index 309: Albert the Bear (German: Albrecht der Bär
Index 310: In common law, assault is the act of creating 
Index 311: The Amazing Spider-Man (abbreviated as
Index 312: August 8 is the 220th day of the year
Index 313: The foreign relations of Angola are based on
Index 314: Actinium is a radioactive chemical element with
Index 315: Anatolia (from Greek , Ana
Index 316: Ambrose Traversari, O.S.
Index 317: Ealdred (or Aldred; died
Index 318: An abjad is a type of writing system
Index 319: August 3 is the 215th day of the year
Index 320: Ancient Egypt was a civilization of ancient Northeastern
Index 321: Antonio Agliardi (4 September 1832 –
Index 322: In abstract algebra, an algebraically closed field F contains
Index 323: In mathematics, the phrase "almost all" has
Index 324: Alexios II Komnenos or Alex
Index 325: Agriculture is the cultivation of animals, plants, fung
Index 326: Kim Renard Nazel (born June 17, 1965),
Index 327: Julia Agrippina, most commonly referred to
Index 328: Cardinal Albert of Brandenburg (German: Albrecht von
Index 329: Aquarius is a constellation of the zodiac
Index 330: Amasis II (Ancient Greek
Index 331: Alexis (Greek: ; 
Index 332: In Greco-Roman mythology, Aene
Index 333: American Chinese cuisine, known in the United States as simply
Index 334: Agrarianism has two common meanings. The
Index 335: The AK-47 (also known as Kalash
Index 336: The Governor of Alabama is the chief executive of the U
Index 337: In organic chemistry, an alkane, or
Index 338: This article considers transport in Armenia. For Soviet transportation
Index 339: The Advanced Encryption Standard (AES),
Index 340: "Alga" redirects here. For
Index 341: Extreme poverty, or absolute poverty, was originally defined
Index 342: Altruism or selflessness is the principle or
Index 343: August 31 is the 243rd day of the
Index 344: An abscess (Latin: ab
Index 345: nanda (Chinese: 
Index 346: The Articles of Confederation, formally the
Index 347: Abner Doubleday (June 26, 1819 
Index 348: The terms anno Domini (AD or A.
Index 349: Corresponding to most kinds of particles, there is
Index 350: This is a list of characters in Ayn
Index 351: Alaric II (Gothic: *A
Index 352: An acid (from the Latin acidus/ac
Index 353: Achill Island (/kl/;
Index 354: Alexander II was a king of Epirus,
Index 355: Anaximander (/nks
Index 356: In the Hebrew Bible and the Quran, Aaron 
Index 357: Ancylopoda is a group of
Index 358: An astronomer is a scientist in the field
Index 359: The Austrian School is a school of economic thought
Index 360: An assembly line is a manufacturing process (most of
Index 361: The ancient Aramaic alphabet is adapted from the
Index 362: The meaning of the word American in the English language 
Index 363: Alyattes, king of Lydia (619
Index 364: The Plague (French: La Peste
Index 365: Animal Farm is an allegorical and dystopian
Index 366: In Greek mythology, Alcmene /
Index 367: In mathematics and computer science, an algorithm (/
Index 368: Anah or Ana (Arabic: 
Index 369: Albert Sidney Johnston (February 2, 1803
Index 370: Aarhus or rhus (Dan
Index 371: Analysis of variance (ANOVA) is a collection
Index 372: April 26 is the 116th day of the year
Index 373: Agnes Maria of Andechs-Merania
Index 374: Politics of Armenia takes place in a framework of
Index 375: Alexander Emmanuel Rodolphe Agassiz (December
Index 376: The Dasyproctidae are
Index 377: Abortion is the ending of pregnancy by removing
Index 378: The Museum of Work, or Arbetet
Index 379: Ajax (Ancient Greek: 
Index 380: "America the Beautiful" is an American patriotic song
Index 381: Alexander Graham Bell (March 3, 1847 – August
Index 382: The Antigua and Barbuda Defence Force is
Index 383: Alder is the common name of a gen
Index 384: Auto racing (also known as car racing, motor racing
Index 385: Afroasiatic (Afro-Asi
Index 386: In United States appellate procedure, an appeal is 
Index 387: Afghanistan /fnst
Index 388: Asteroids are minor planets, especially those of
Index 389: Alaska (/lsk/)
Index 390: Algorithms for calculating variance play 
Index 391: The Alps (/lps/
Index 392: August 15 is the 227th day of the year
Index 393: The aspect ratio of a geometric shape is the ratio
Index 394: Alfred William Lawson (March 24, 1869 –
Index 395: The term abdominal surgery broadly covers surgical procedures that involve opening
Index 396: Animation is the process of creating the illusion of motion and
Index 397: Antisemitism (also spelled
Index 398: Antigua and Barbuda (/n
Index 399: Austrian German (German: sterreichisches
Index 400: Amphibians are ectothermic
Index 401: Alternate history or alternative history, sometimes abbre
Index 402: "Amazing Grace" is a Christian hymn
Index 403: An anagram is a type of word play
Index 404: Anbar () was a town in Iraq
Index 405: In planar geometry, an angle is the figure formed
Index 406: Alabaster is a name applied to varieties of
Index 407: Ambiguity is a type of uncertainty of meaning
Index 408: The Angolan Armed Forces (Portu
Index 409: Agapanthus africanus (African
Index 410: Alexander Mackenzie, PC (January 28, 1822
Index 411: Anatomy is the branch of biology concerned with the
Index 412: Saint Angilbert (c. 760 
Index 413: "American shot" is a translation of a
Index 414: Anglicanism is a tradition within Christianity
Index 415: Amati is the last name of a family of
Index 416: AOL Inc. (previously known as America
Index 417: Arraignment is a formal reading of
Index 418: Anime (Japanese: 
Index 419: Anazarbus (med. Ain Zarba;
Index 420: Antoninus Pius (Latin: Ti
Index 421: Aldine Press was the printing office started by Al
Index 422: Alypius of Antioch was a
Index 423: The American National Standards Institute (ANSI, /
Index 424: The alkali metals are a group (
Index 425: Alchemy is an influential tradition whose practitioners have
Index 426: Analysis is the process of breaking a complex topic or
Index 427: Aleister Crowley (/kroli
Index 428: Apocrypha are works, usually written works,
Index 429: This article is about the demographic features of the population of
Index 430: Amber is fossilized tree resin (not sap), which
Index 431: Aldous Leonard Huxley /h
Index 432: Amplitude modulation (AM) is a
Index 433: An annual plant is a plant that completes its
Index 434: Alexis Carrel (French: [
Index 435: Irwin Allen Ginsberg (/n
Index 436: Since the adoption of a new constitution in 2010, the
Index 437: Ayn Rand (/an 
Index 438: Transport in Angola comprises:
Index 439: Abdul Alhazred is a fictional character created by
Index 440: André-Marie Ampère (/mp
Index 441: In computing, an applet is any small application that
Index 442: In Greek mythology, Agamemnon (
Index 443: Applied ethics is the philosophical examination, from a
Index 444: Berthold Konrad Hermann Albert Speer (German
Index 445: An anchor is a device, normally made of metal
Index 446: Anguilla (/wl
Index 447: Abydos (Ancient Greek
Index 448: An appellate court, commonly called an appeals court
Index 449: Armenia is a landlocked country in the Transc
Index 450: Amsterdam (English /mstr
Index 451: An abugida /bui
Index 452: The aardvark (/rd
Index 453: Andorra (/nd
Index 454: Ahmed II (Ottoman Turkish: 
Index 455: Arachnophobia or arachnephobia
Index 456: The Alan Parsons Project are a British progressive rock
Index 457: Ahmed III (Ottoman Turkish: 
Index 458: ALGOL (short for ALGOrithmic
Index 459: America's National Game is a book by Albert
Index 460: The Andaman Islands ( ) form
Index 461: Anxiety is an emotion characterized by an unpleasant
Index 462: The American Film Institute (AFI) is a
Index 463: The aardwolf (Proteles cri
Index 464: An amide (/mad/
Index 465: Albania (/lbeni
Index 466: Abydos /ba
Index 467: The Academy Awards are the oldest awards ceremony for achievements in
Index 468: Alpha (uppercase , lowercase 
Index 469: In Norse religion, Asgard (Ol
Index 470: An axiom or postulate is a
Index 471: Amateur astronomy is a hobby whose
Index 472: An android is a robot or synthetic organism designed to
Index 473: An allegiance is a duty of fidelity
Index 474: This article will go through a wide range of topics
Index 475: In the ancient Greek myths, ambrosi
Index 476: The geography of Antarctica is dominated by its south
Index 477: Ahenobarbus was a cognomen
Index 478: Ammonius Hermiae (/
Index 479: The Atanasoff–Berry computer
Index 480: “Hymn to Proserpine
Index 481: An antipope (Latin: antipap
Index 482: Actinopterygii /k
Index 483: Alexander II (Mediaeval Gaelic: Al
Index 484: International Atomic Time (TAI, from the French
Index 485: The Alemanni (also Alamanni;
Index 486: The Armed Forces of the Republic of Armenia comprise
Index 487: Argon is a chemical element with symbol Ar and
Index 488: A motor neuron disease (MND) is any
Index 489: In chemistry, an alcohol is any organic compound in
Index 490: The Alabama River, in the U.S. state
Index 491: An archipelago (/rk
Index 492: August 25 is the 237th day of the year
Index 493: Throughout history, forms of art have gone through periodic
Index 494: Ashoka Maurya (IAST: A
Index 495: Aimoin (c. 960 –
Index 496: Astatine is a very rare radioactive chemical element
Index 497: Albert Einstein (/ansta
Index 498: Angola /nol
Index 499: Apollo 11 was the spaceflight that landed the

Pair #1
--------------------------------------------------
 index: 327
[pred] Julia agrpa Julia agrpa, most commonly referred
[true] Julia Agrippina, most commonly referred to
--------------------------------------------------

Pair #2
--------------------------------------------------
 index: 57
[pred] The abacus (plural        abaci or
[true] The abacus (plural abaci or
--------------------------------------------------

Pair #3
--------------------------------------------------
 index: 12
[pred] Antonio Lucio Vivaldi (Ita       
[true] Antonio Lucio Vivaldi (Ita
--------------------------------------------------

Pair #4
--------------------------------------------------
 index: 379
[pred] Ajax (Ancient Greek:          
[true] Ajax (Ancient Greek: 
--------------------------------------------------

Pair #5
--------------------------------------------------
 index: 140
[pred] Afonso IV (Portuguese         
[true] Afonso IV (Portuguese
--------------------------------------------------


{'eval_loss': 2.9504048824310303, 'eval_model_preparation_time': 0.0203, 'eval_pred_num_tokens': 31.0, 'eval_true_num_tokens': 12.0, 'eval_token_set_precision': 0.9102592352092354, 'eval_token_set_recall': 0.8996674603174603, 'eval_token_set_f1': 0.9012158596133838, 'eval_token_set_f1_sem': np.float64(0.008108846413021934), 'eval_n_ngrams_match_1': 6.444, 'eval_n_ngrams_match_2': 5.23, 'eval_n_ngrams_match_3': 4.208, 'eval_num_true_words': 6.916, 'eval_num_pred_words': 7.25, 'eval_bleu_score': np.float64(76.52833045101795), 'eval_bleu_score_sem': np.float64(1.554098409369804), 'eval_rouge_score': np.float64(0.9087892210091701), 'eval_exact_match': np.float64(0.0), 'eval_exact_match_sem': np.float64(0.0), 'eval_emb_cos_sim': 0.9482113718986511, 'eval_emb_cos_sim_sem': np.float64(0.025207024067640305), 'eval_emb_top1_equal': 0.875, 'eval_emb_top1_equal_sem': np.float64(0.08539125323295593), 'eval_runtime': 3996.2197, 'eval_samples_per_second': 0.125, 'eval_steps_per_second': 0.008}
+++ Evaluation Metrics +++
eval_loss: 2.9504048824310303
eval_model_preparation_time: 0.0203
eval_pred_num_tokens: 31.0
eval_true_num_tokens: 12.0
eval_token_set_precision: 0.9102592352092354
eval_token_set_recall: 0.8996674603174603
eval_token_set_f1: 0.9012158596133838
eval_token_set_f1_sem: 0.008108846413021934
eval_n_ngrams_match_1: 6.444
eval_n_ngrams_match_2: 5.23
eval_n_ngrams_match_3: 4.208
eval_num_true_words: 6.916
eval_num_pred_words: 7.25
eval_bleu_score: 76.52833045101795
eval_bleu_score_sem: 1.554098409369804
eval_rouge_score: 0.9087892210091701
eval_exact_match: 0.0
eval_exact_match_sem: 0.0
eval_emb_cos_sim: 0.9482113718986511
eval_emb_cos_sim_sem: 0.025207024067640305
eval_emb_top1_equal: 0.875
eval_emb_top1_equal_sem: 0.08539125323295593
eval_runtime: 3996.2197
eval_samples_per_second: 0.125
eval_steps_per_second: 0.008
Time taken: 3996.3830709457397
Current memory usage: 4.51MB; Peak: 9.76MB
