+++ Arguments Passed +++
Namespace(model='jxm/gtr__nq__32__correct', beir_dataset='dbpedia-entity', beam_width=4, steps=50, batch_size=16, max_samples=500, output_csv=None, max_length=20)
Set num workers to 1
+++ model_args +++
ModelArguments(model_name_or_path='t5-base', embedder_model_name='gtr_base', embedder_model_api=None, embedder_gaussian_noise_level=0.0, embedder_torch_dtype='float32', embedding_transform_strategy='repeat', encoder_dropout_disabled=False, decoder_dropout_disabled=False, model_type=None, config_overrides=None, config_name=None, tokenizer_name=None, cache_dir=None, model_revision='main', max_seq_length=32, torch_dtype=None, num_repeat_tokens=16, embedding_zero_except_topk=None, embedder_no_grad=True, use_lora=False, embedder_fake_with_zeros=False, use_frozen_embeddings_as_input=False, corrector_ignore_hypothesis_embedding=False, embeddings_from_layer_n=None, freeze_strategy='none')

+++ data_args +++
DataArguments(dataset_name='nq', max_eval_samples=500, use_less_data=1000)

+++ training_args +++
TrainingArguments(
_n_gpu=1,
accelerator_config={'split_batches': False, 'dispatch_batches': None, 'even_batches': True, 'use_seedable_sampler': True, 'non_blocking': False, 'gradient_accumulation_kwargs': None, 'use_configured_state': False},
adafactor=False,
adam_beta1=0.9,
adam_beta2=0.999,
adam_epsilon=1e-06,
auto_find_batch_size=False,
average_tokens_across_devices=False,
batch_eval_metrics=False,
bf16=0,
bf16_full_eval=False,
cheat_on_train_hypotheses=False,
corrector_model_alias=None,
corrector_model_from_pretrained=jxm/gtr__nq__32,
data_seed=None,
dataloader_drop_last=False,
dataloader_num_workers=0,
dataloader_persistent_workers=False,
dataloader_pin_memory=True,
dataloader_prefetch_factor=None,
ddp_backend=None,
ddp_broadcast_buffers=None,
ddp_bucket_cap_mb=None,
ddp_find_unused_parameters=None,
ddp_timeout=1800,
debug=[],
deepspeed=None,
disable_tqdm=True,
dispatch_batches=None,
do_eval=False,
do_predict=False,
do_train=False,
eval_accumulation_steps=None,
eval_delay=0,
eval_do_concat_batches=True,
eval_on_start=False,
eval_steps=6250,
eval_strategy=steps,
eval_use_gather_object=False,
evaluation_strategy=steps,
exp_group_name=gtr_corrector,
exp_name=,
experiment=corrector,
fp16=False,
fp16_backend=auto,
fp16_full_eval=False,
fp16_opt_level=O1,
fsdp=[],
fsdp_config={'min_num_params': 0, 'xla': False, 'xla_fsdp_grad_ckpt': False},
fsdp_min_num_params=0,
fsdp_transformer_layer_cls_to_wrap=None,
full_determinism=False,
gradient_accumulation_steps=1,
gradient_checkpointing=False,
gradient_checkpointing_kwargs=None,
greater_is_better=False,
group_by_length=True,
half_precision_backend=auto,
hub_always_push=False,
hub_model_id=None,
hub_private_repo=False,
hub_strategy=every_save,
hub_token=<HUB_TOKEN>,
ignore_data_skip=False,
include_for_metrics=['inputs'],
include_inputs_for_metrics=True,
include_num_input_tokens_seen=False,
include_tokens_per_second=False,
jit_mode_eval=False,
label_names=None,
label_smoothing_factor=0.0,
learning_rate=0.00282842712,
length_column_name=length,
load_best_model_at_end=True,
local_rank=-1,
log_level=passive,
log_level_replica=warning,
log_on_each_node=True,
logging_dir=/home/wentingz/vec2text/saves/gtr-nq-msl32-correct/runs/Nov05_04-29-22_mosaic-cirrascale-03.reviz.ai2.in,
logging_first_step=False,
logging_nan_inf_filter=True,
logging_steps=50,
logging_strategy=steps,
lr_scheduler_kwargs={},
lr_scheduler_type=linear,
max_grad_norm=1.0,
max_steps=-1,
metric_for_best_model=nq_loss,
mock_embedder=False,
mp_parameters=,
neftune_noise_alpha=None,
no_cuda=True,
num_train_epochs=200.0,
optim=adamw_torch,
optim_args=None,
optim_target_modules=None,
output_dir=saves/jxm__gtr__nq__32__correct,
overwrite_output_dir=False,
past_index=-1,
per_device_eval_batch_size=256,
per_device_train_batch_size=256,
prediction_loss_only=False,
push_to_hub=False,
push_to_hub_model_id=None,
push_to_hub_organization=None,
push_to_hub_token=<PUSH_TO_HUB_TOKEN>,
ray_scope=last,
remove_unused_columns=False,
report_to=[],
restore_callback_states_from_checkpoint=False,
resume_from_checkpoint=None,
run_name=/home/wentingz/vec2text/saves/gtr-nq-msl32-correct,
save_on_each_node=False,
save_only_model=False,
save_safetensors=False,
save_steps=500,
save_strategy=steps,
save_total_limit=2,
seed=42,
skip_memory_metrics=True,
split_batches=None,
steps_per_epoch=500000,
tf32=None,
torch_compile=False,
torch_compile_backend=None,
torch_compile_mode=None,
torch_empty_cache_steps=None,
torchdynamo=None,
tpu_metrics_debug=False,
tpu_num_cores=None,
use_cpu=False,
use_ipex=False,
use_legacy_prediction_loop=False,
use_liger_kernel=False,
use_mps_device=False,
use_wandb=False,
warmup_ratio=0.0,
warmup_steps=25000,
weight_decay=0.0,
)

Experiment output_dir = saves/jxm__gtr__nq__32__correct
Set num workers to 1
+++ model_args +++
ModelArguments(model_name_or_path='t5-base', embedder_model_name='gtr_base', embedder_model_api=None, embedder_gaussian_noise_level=0.0, embedder_torch_dtype='float32', embedding_transform_strategy='repeat', encoder_dropout_disabled=False, decoder_dropout_disabled=False, model_type=None, config_overrides=None, config_name=None, tokenizer_name=None, cache_dir=None, model_revision='main', max_seq_length=32, torch_dtype=None, num_repeat_tokens=16, embedding_zero_except_topk=None, embedder_no_grad=True, use_lora=False, embedder_fake_with_zeros=False, use_frozen_embeddings_as_input=True, corrector_ignore_hypothesis_embedding=False, embeddings_from_layer_n=None, freeze_strategy='none')

+++ data_args +++
DataArguments(dataset_name='nq', max_eval_samples=500, use_less_data=1000)

+++ training_args +++
TrainingArguments(
_n_gpu=1,
accelerator_config={'split_batches': False, 'dispatch_batches': None, 'even_batches': True, 'use_seedable_sampler': True, 'non_blocking': False, 'gradient_accumulation_kwargs': None, 'use_configured_state': False},
adafactor=False,
adam_beta1=0.9,
adam_beta2=0.999,
adam_epsilon=1e-06,
auto_find_batch_size=False,
average_tokens_across_devices=False,
batch_eval_metrics=False,
bf16=0,
bf16_full_eval=False,
cheat_on_train_hypotheses=False,
corrector_model_alias=None,
corrector_model_from_pretrained=None,
data_seed=None,
dataloader_drop_last=False,
dataloader_num_workers=0,
dataloader_persistent_workers=False,
dataloader_pin_memory=True,
dataloader_prefetch_factor=None,
ddp_backend=None,
ddp_broadcast_buffers=None,
ddp_bucket_cap_mb=None,
ddp_find_unused_parameters=None,
ddp_timeout=1800,
debug=[],
deepspeed=None,
disable_tqdm=True,
dispatch_batches=None,
do_eval=False,
do_predict=False,
do_train=False,
eval_accumulation_steps=None,
eval_delay=0,
eval_do_concat_batches=True,
eval_on_start=False,
eval_steps=1250,
eval_strategy=steps,
eval_use_gather_object=False,
evaluation_strategy=steps,
exp_group_name=oct-gtr32,
exp_name=,
experiment=inversion,
fp16=False,
fp16_backend=auto,
fp16_full_eval=False,
fp16_opt_level=O1,
fsdp=[],
fsdp_config={'min_num_params': 0, 'xla': False, 'xla_fsdp_grad_ckpt': False},
fsdp_min_num_params=0,
fsdp_transformer_layer_cls_to_wrap=None,
full_determinism=False,
gradient_accumulation_steps=1,
gradient_checkpointing=False,
gradient_checkpointing_kwargs=None,
greater_is_better=False,
group_by_length=True,
half_precision_backend=auto,
hub_always_push=False,
hub_model_id=None,
hub_private_repo=False,
hub_strategy=every_save,
hub_token=<HUB_TOKEN>,
ignore_data_skip=False,
include_for_metrics=['inputs'],
include_inputs_for_metrics=True,
include_num_input_tokens_seen=False,
include_tokens_per_second=False,
jit_mode_eval=False,
label_names=None,
label_smoothing_factor=0.0,
learning_rate=0.002,
length_column_name=length,
load_best_model_at_end=True,
local_rank=-1,
log_level=passive,
log_level_replica=warning,
log_on_each_node=True,
logging_dir=/home/wentingz/vec2text/saves/gtr-nq-msl32/runs/Nov01_18-00-43_mosaic-cirrascale-03.reviz.ai2.in,
logging_first_step=False,
logging_nan_inf_filter=True,
logging_steps=25,
logging_strategy=steps,
lr_scheduler_kwargs={},
lr_scheduler_type=constant_with_warmup,
max_grad_norm=1.0,
max_steps=-1,
metric_for_best_model=nq_loss,
mock_embedder=False,
mp_parameters=,
neftune_noise_alpha=None,
no_cuda=True,
num_train_epochs=300.0,
optim=adamw_torch,
optim_args=None,
optim_target_modules=None,
output_dir=saves/jxm__gtr__nq__32,
overwrite_output_dir=False,
past_index=-1,
per_device_eval_batch_size=256,
per_device_train_batch_size=512,
prediction_loss_only=False,
push_to_hub=False,
push_to_hub_model_id=None,
push_to_hub_organization=None,
push_to_hub_token=<PUSH_TO_HUB_TOKEN>,
ray_scope=last,
remove_unused_columns=False,
report_to=[],
restore_callback_states_from_checkpoint=False,
resume_from_checkpoint=None,
run_name=/home/wentingz/vec2text/saves/gtr-nq-msl32,
save_on_each_node=False,
save_only_model=False,
save_safetensors=False,
save_steps=125,
save_strategy=steps,
save_total_limit=2,
seed=42,
skip_memory_metrics=True,
split_batches=None,
steps_per_epoch=500000,
tf32=None,
torch_compile=False,
torch_compile_backend=None,
torch_compile_mode=None,
torch_empty_cache_steps=None,
torchdynamo=None,
tpu_metrics_debug=False,
tpu_num_cores=None,
use_cpu=False,
use_ipex=False,
use_legacy_prediction_loop=False,
use_liger_kernel=False,
use_mps_device=False,
use_wandb=False,
warmup_ratio=0.0,
warmup_steps=625,
weight_decay=0.0,
)

Experiment output_dir = saves/jxm__gtr__nq__32
Loading datasets with TOKENIZERS_PARALLELISM = False
loading train dataset from path: /home/scur0989/.cache/inversion/dd0d97ad14fd6897b0d31cecc2e14d13.arrow
loaded dict of val datasets from /home/scur0989/.cache/inversion/8a11157c2dba245e22bfdea7946e149e.arrow
Loading BEIR dataset: dbpedia-entity
Original dataset size: 100000
cut dataset at 500 samples.
Model tokens max_length: 20
Embedder tokens max_length: 20
+++ Trainer Args Passed +++
trainer.num_gen_recursive_steps: 50
trainer.sequence_beam_width: 4
Model name: jxm/gtr__nq__32__correct
max_seq_length: 512
Dataset({
    features: ['text'],
    num_rows: 500
})

=== Prediction-Label Pairs ===
Length of decoded_preds: 500
Length of decoded_labels: 500

Contents of decoded_preds:
Index 0: Aurelius Ambrosius, better known in English as Saint Ambrose (      
Index 1: The Academy Awards       or The Oscars is an annual American awards ceremony honoring cinematic achievements in
Index 2: The Economy of Angola       is one of the fastest-growing economies in the world, with
Index 3: The northern cavefish or northern blindfish, Amblyopsis       spelae
Index 4:       – Adelaide (adle/adle-the-layd) is the
Index 5: Actaeon (Ancient Greek:  , "аeitn"), k
Index 6: An aromatic hydrocarbon  or arene (or sometimes aryl  hydrocarbon ) is -
Index 7: Project Apollo      , also known as the Apollo program, was the third United States human spaceflight
Index 8: Mouthwash      , mouth rinse, oral rinse or mouth bath, is a liquid which is
Index 9: Abbot Abbot, an ecclesiastical title, meaning father, is formally given to 
Index 10: Abensberg (German pronunciation: [abn-ein-ein-b
Index 11: Albert Schweitzer    (14 January 1875 – 4 September 1965) was a German— 
Index 12: Antonio Lucio Vivaldi (Italian:         
Index 13: Accordions (from 19th-century German Akkordon,      from Akkordeon
Index 14: Americium Americium is a transuranium radioactive atomic element with chemical symbol  and am
Index 15: The Aare (German pronunciation:   ) or Aar (Lithuanian: ) is
Index 16: Amyntas III (Greek:   ; died:     ;
Index 17: The Alexandrists  were a school of Renaissance philosophers who, in the great controversy on 
Index 18: Aristotle (Greek:   , "ârstól"; Greek: 
Index 19: Alexei Petrovich Romanov (Russian: лексе    / 
Index 20: The Analytical Engine       was a proposed mechanical general-purpose computer designed by English mathe
Index 21: Anacharsis (Greek:   , "nkârsis", Greek:
Index 22:       NYSE MKT LLC, formerly known as the American Stock Exchange (AMEX), is
Index 23: Anarchism is a political philosophy that advocates stateless societies     , often defined as self
Index 24: Augusta Ada King, Countess of Lovelace      (née  Byron;
Index 25: Assistive technology     (assistive technology) is an umbrella term that includes adaptive, re
Index 26: Alexander Balas (Ancient Greek:    , bós ), ruler
Index 27: American Sign Language       (ASL) is the predominant sign language of deaf communities in the
Index 28: An algebraic number is a possibly complex number that is       a root of a fi
Index 29: A (named aes)     (with a plural of -e)
Index 30: In philosophy, religion, mythology, and fiction, the afterlife       (also referred to
Index 31: The Americans with Disabilities Act of 1990 (ADA) was a law       that was 
Index 32: APL (programming language)   (named after the book    ) is a programming language
Index 33: Generally, an answer is a reply to a question.         
Index 34: Area      is the quantity that expresses the extent of a two-dimensional figure or  shape
Index 35: Asphalt (U.K.) /sflt or /sflt (
Index 36: Arthur Schopenhauer (German:  [pân,  [pântàn
Index 37: Altaic  [lte-ák] is a proposed    , but
Index 38: Albuein (lboin, June 6 – 530s) was the king of L
Index 39: Anaxarchus (Greek:   , "nrzóks"; Greek:
Index 40: Ahab (Hebrew:   , Modern Tibetan:   , [mâv
Index 41:       The Ashes is a Test cricket series played between England and Australia. The Ashe
Index 42: embrokeorix was, together with ambivolcus, the Prince of oro and Cat
Index 43: The American Football Conference       (AFC) is one of the two conferences of the National Football League
Index 44: Alexander I or Aleksandar Obrenovi (Cyrillic:       
Index 45: Alfonso Cuarón Orozco (Spanish pronunciation:       [al
Index 46: An amateur (French amateur "lover of", ultimately from Old French      and from Latin 
Index 47: Alger of Liège (1055–1131), also known as Alger of Clun     
Index 48:       The Umbelliferae or Apiaceae, commonly known as the celery
Index 49: Anisotropy /anaspri//naspri/
Index 50: Anatoly Yevgenyevich Karpov, PhD (Russian:       
Index 51: Abraham Lincoln (lákbr>ebr>ebr>ebr>
Index 52: Albert Albert of Prussia (14 May 1740 – 10 March 1798) was the last Grand
Index 53: Acute       disseminated encephalomyelitis (ADEM) is
Index 54: Aztlan Underground is a fusion band from Los Angeles. Since early 1989, Aztlan
Index 55: An aircraft        is a machine that is able to fly by gaining support from
Index 56: In Norse mythology, Ask    and Embla (from Old Norse Askr   
Index 57: The abacus (plural abacuses or abacis), also called 
Index 58: The MessagePad       is the first series of personal digital assistant devices developed by Apple Computer for the
Index 59: Alcuin of York (Latin: Alcuinus,     c. 7 
Index 60: Ardipithecus       is a genus of an extinct hominine
Index 61: Allan Dwan (3 April 1885    – 28 December 1981) was a pioneering  
Index 62: Ajax Ajax or Aias ( /  / ) or (e
Index 63: The Andes       is the longest continental mountain range in the world. It is a continua
Index 64: Alexander Aetolus (Ancient Greek:         )
Index 65: Augustus (Latin: Imperator Caesar D. F.V.       
Index 66: Aruba /    / / (ROB-ru-ba-uu
Index 67: Asia (/e/e/e/e/e/e) is the Earth
Index 68: Alfonso the Cat Alphonso the Magnanimous KG (also      
Index 69: August 22 is the 234th day of the year (      235th in leap years) in
Index 70: Antimony    is a chemical element with symbol Sb (from Latin:    stibium
Index 71: April 6 is the 96th day of the year (      97th in leap years) in
Index 72: Alan Alexander Milne (pron:      ) (c. 18 January 1873 –
Index 73: Alberta (   "lbârt-abrt") is a western province of 
Index 74: Ames is a city located in the central part of the U.S. state of   
Index 75: August 2 is the 214th day of the year (       in leap years) in 
Index 76: Astrometry       is the branch of astronomy that involves precise measurements of the positions and movements of
Index 77: Assembly language An assembly language (or an assembler-like language) is a low-level programming language for 
Index 78: Aalborg Municipality     is a municipality (Danish , kommune)
Index 79: Agnosticism       is the view that the truth values of certain claims – especially metaphysical
Index 80: Animalia is an illustrated children's book by       Graeme Base. It was
Index 81:           This article is about communications systems in Anguilla
Index 82: Alcidamas (Greek:       ), of Elaea, in
Index 83: Analog Brothers        were an experimental hip-hop crew featuring Ice Ocillator known
Index 84: A Modest Proposal for Preventing the Children of Poor     from Poor People from Being
Index 85: Amalaric (Gothic:    Amalareiks), or in Spanish 
Index 86: Andrey (Andrei) Andreyevich Markov (Russian    
Index 87: The Dodo       is a fictional character appearing in Chapters 2 and 3 of the book
Index 88: Alan Garner    OBE (born 17 October 1934) is an English novelist best known for  
Index 89: Angst  means fear or anxiety (its Latinate equivalent is      , and anxiousness
Index 90: Aristophanes Aristophanes (or      , âfizs
Index 91: Ambracia (Greek: ааааа; ), or ambracia (Lat
Index 92: Albert II (German: Albrecht   ; 28 January 1522 – 8 March 1557) 
Index 93: Alexander (Ancient Greek:       ) was tagus or despot of Ph
Index 94: argan argan is the second most densely populated of the Soviet Republics after Armenia because of its small and small
Index 95: Alcamenes (Ancient Greek:     ) was an ancient Greek 
Index 96: According to the Bible      , Absalom or Avshalom (Hebre
Index 97: Allah (English pronunciation: "l/" or /l/; /l/;
Index 98: Audi AG (pronounced     ) (pronounced 'Auda-ge'; ) is 
Index 99: August 21 is the 183rd day of the year (      ). In leap years 
Index 100: abbey An abbey (from a Latin abbey, Latin abbots,
Index 101: Ankara (Turkish:  / , English:   /, Turkish-
Index 102: Algorithms        is a peer-reviewed open access journal concerning mathematics
Index 103: Agnostida is an order of arthropod     which first developed near the end of the
Index 104: Absolute zero       is the lower limit of the thermodynamic temperature scale, a state at which
Index 105: Anthropology       is the study of humanity. Its main subdivisions are social and cultural anthropo
Index 106: August 14 is the 226th day of the year (     12 in leap years) in
Index 107: Park Güell (pará) The Parc Güell (Catalan:     )
Index 108: An artist      is a person engaged in one or more of any of a broad spectrum of 
Index 109: Awk Awk is an interpreted programming language designed for the processing of text by  and used primarily as 
Index 110: Ampere (si unit symbol) The    ("A-amp"), often shortened to  
Index 111: Athena (Greek:   , "Attic"), Greek:    ("a
Index 112:      Dame Agatha  Mary Clarissa Christie, DBE (née Miller; 15 September
Index 113: An anaconda        is a large snake found in tropical South America.
Index 114: Apple Computer 1      , also known retroactively as the Apple I or Apple-1, was released
Index 115: Alcaeius of Mytilene (      / 'lsi
Index 116: Abraxas (Gr. variant form      ), Abrasax (k
Index 117: Anatole France (French:    [anatls fâ-n]
Index 118: A Clockwork Orange       is a dystopian novel by Anthony Burgess published
Index 119: Arminianism is based on the theological ideas of the Dutch Reformed theologian    
Index 120: An army (from Latin "arms, weapons" via Old French        armée,
Index 121: Alfred Russel Wallace       OM FRS (8 January 1823 – 7 November 1913)
Index 122: Afro Celt Sound System     is a musical group which fuses modern electronic dance rhythms
Index 123: Alessandro Algardi (     25 July 1598 – 3 June 16531)
Index 124: The Aegean Sea (Greek:  / , "diósn") (
Index 125: Asterales      ('stráeliáz') is an order
Index 126: Since its independence, Armenia has maintained a policy of complementarism by       trying to have friendly
Index 127: Art        is a diverse range of human activities, usually the products of those activities 
Index 128: Alexander (/аан/, /аан/, or /lîndr
Index 129: Aberdeenshire (Scottish Gaelic:    ) Ohedrach Dibher Bar
Index 130: The Antarctic Treaty       and related agreements, collectively known as the Antarctic Treaty System (ATS
Index 131: Alain Connes (French:  ; [aláin k   ]
Index 132: August 17 is the 229th day of the year in      (230th in leap years) in 
Index 133: Ambrosians are members of one of the religious brotherhoods       since various times which 
Index 134: The Amber Diceless Roleplaying Game       is a role-playing game created
Index 135: The almond (/lmánd/ or /lmánd/ or /l
Index 136: August 9 is the 22nd day of the year (          leap
Index 137: The element aluminum  (the final , , , , ) is a chemical element in boro
Index 138: Transport in Antarctica       has transformed from explorers crossing the isolated remote area of Antarctica by
Index 139: The Austroasiatic languages, in recent classifications       synonymous with Mon–Khmer,
Index 140: Afonso Afonso IV (Portuguese pronunciation: "[fu 
Index 141: Asociación       Alumni, usually just Alumni, is a rugby union club located in Tor
Index 142: Amethyst       is a violet variety of quartz often used in jewelry. The
Index 143: The Book of Amos       is a prophetic book of the Hebrew Bible, one of the
Index 144: An acropolis (Greek:   or  ; from akros  
Index 145: Alexander of Aphrodisias (Greek:        )
Index 146: Anna Sergeyevna Kournikova (Russian: нани ед
Index 147: Not to be confused with Amathus, PalestineAmathus (Ancient Greek      
Index 148:     In Greek mythology, Achilles (Ancient Greek:  "khlóz
Index 149: Apple Inc.       (commonly known as Apple) is an American multinational technology company headquartered
Index 150: Apollo (Attic, Ionic, and Homeric Greek:       , Apol
Index 151: Sir Sultan Muhammed Shah,    Aga Khan III,   GCSI,  GCMG,
Index 152: ABBA  (stylised      ) were a Swedish pop group formed
Index 153: Arthur Aikin, FGS, FLS,     (19 May 1773 – 15 April 
Index 154: Alfonso II (       759 – March 1107), called the Cha
Index 155: Avicenna Avicenna (Latinate form:    ), or  
Index 156: The Atlantic Ocean is the second largest of the world's oceanic divisions      , following the
Index 157: Alexander I Jagiellon (Polish: Aleksander Jagielloczyk    
Index 158: An architect is a person who designs, plans, and oversees the construction of , , , and  buildings.
Index 159: Artificial intelligence The Artificial Intelligence (AI) is the intelligence exhibited by machines, ui and software. It is
Index 160: Abbotsford      is a historic country house in the Scottish Borders, at the town
Index 161: Aquaculture      , also known as aquafarming, is the farming of aquatic organisms such
Index 162: An atomic orbital  is a mathematical function that describes the wave-like behavior of either    
Index 163: An astronaut       (or cosmonaut) is a person trained by a human space
Index 164: The anthophytes were thought to be a clade comprising plants       bearing
Index 165: Aphrodite (Fruti) aphrodi (/a-ód/; 
Index 166:       American Samoa has a total of 241 km of highways (estimated
Index 167: In the Book of Samuel, Abner (Avner) (Hebrew: "      
Index 168: August (  / , "Awt/  ") is the eighth-month 
Index 169: Vipsania agora Vipsania agora, most commonly known as Agrippin Major
Index 170: The Apache Software Foundation (pt)         ('ASF.' is
Index 171: August 16 is the 228th day of the year in      (229th in leap years) in 
Index 172: Asparagales      is the name of an order of plants, used in modern classification systems such
Index 173: Azerbaijan is a member of the United Nations, the Non-Aligne      
Index 174:       April 13 is the 103rd day of the year (104th in leap years)
Index 175: Hercule Poirot (          rwût
Index 176: Alexander III of Macedon       (21 July 556 BC – 3/11 June 1023 BC 
Index 177: Alabama (state) Alabama ( "lb-аbm/") is a state located in the 
Index 178: Advanced Chemistry       is a German hip hop group from Heidelberg, a scenic city in Baden
Index 179: Acacia Acacia (/aca/ or /aca/ or /ke-
Index 180: Algol Algol (Beta, Persei:       ),
Index 181: Alp Arslan (Turkic:     ; in Persian:   
Index 182: American Samoa, located within the geographical region of       Oceania, is one of only
Index 183: August William Derleth      (February 24, 1909 – July 4, 1971) was an American 
Index 184: Alan Curtis Kay (born May 17, 1940, Alan) is an American computer scientist. He
Index 185: Autism Autism is a neurodevelopmental disorder characterized by impaired social interaction and verbal non
Index 186: Arabic (Arabic:   /   / "rbâkâ  ",
Index 187: The American Revolutionary War (1775–1783), the American War of Independence,       or simply
Index 188: Alfons Maria Jakob (2 July 1884, Aschaffenburg/   B
Index 189: Ailanthus (  /lnns/; derived from  ), a 
Index 190: An affidavit (   /a/defevet/a-
Index 191: The economy of American Samoa is a traditional Polynesian       economy in which more
Index 192: Alexander I of Epirus (Ancient Greek:         -
Index 193: Andy Warhol (Wahl: "       ", August 6, 1928 –
Index 194: Alredus, or   Alfred of Beverley,   (fl. 1143), English
Index 195: April 15 is the 105th day of the year in      (106th in leap years) in 
Index 196: An author is broadly defined as "the person who    or   gave or originated existence to anything" and 
Index 197: Andre Kirk Agassi (si:         ) (born April
Index 198: Alfheim (Old Norse:     , "lfhrheimâ
Index 199: Amines (U.S.) Amines (/ain/ or /min/z
Index 200: In the Book of Exodus,    , Amram (Momrahib: 
Index 201: In law, an abstract       is a brief statement that contains the most important points of a
Index 202: Ahmed I (Ottoman Turkish:           
Index 203: Algeria (Arabic:     , ir: Al-Jazár),
Index 204: An American in Paris       is a jazz-influenced symphonic poem by the American
Index 205: This article        is about the demographic features of the population of Barbuda and Antigu
Index 206: April 16 is the 106th day of the year in      (107th in leap years) in 
Index 207: Sir Alfred Joseph Hitchcock, KBE      (13 August 1899 – 29 April 1980 
Index 208:      August 1 is the 213th day of the year in  (214th in leap years in
Index 209: Algorithm In information theory and computer science, a subfield of mathematical    , the Kolmogio
Index 210: April       is the fourth month of the year in the Gregorian calendar, the fifth in
Index 211: The  Apiales are an order of flowering plants    . The families are those recognized in the
Index 212: Alexander I (medieval Gaelic:        Maxaldair mac Al
Index 213: Asteroids       is an arcade space shooter released in November 1979 by Atari, Inc.
Index 214: Alain de Lille (       or Alanus ab Insulis) (c. 1128
Index 215:       This article is about the demographic features of the population of American Samoa, including population density
Index 216: Albedo  (albédio/lbédi/), or a reflection coefficient 
Index 217: The Asteraceae or Compositae (commonly       referred to
Index 218: Anarcho-capitalism      (anarcho referring to the lack of a 
Index 219: An analog or analogue signal is any continuous signal for which the time varying feature (      
Index 220: Azincourt (historical) Azincourt (French pronunciation: [    ], [asu
Index 221: Ada is a structured, statically typed, imperative, wide-spectrum,    
Index 222: André Paul Guillaume Gide (French: [French:       pâl
Index 223: April 12 is the 102nd day of a year (        16 in leap
Index 224: In chemistry and physics, the atomic number of a chemical element       (also known
Index 225: Casa Batlló (Catalan pronunciation:   [kazá-     ]
Index 226: August 23 is the 235th day of the year (      ) in leap years and 36
Index 227: Apollo 8,       , the second human spaceflight mission of the United States Apollo program launched
Index 228: An alloy is a mixture of metals or a mixture of metals       and another 
Index 229: Alfred Elton van Vogt (        ójén; April/
Index 230: Kijne araser (born 1950) is a professor of the History of Technology from Cass
Index 231: An adventure is an unusual or exciting experience. An adventure may also be a bold   , usually a risk
Index 232: Arys Ary is one of the constellations on the zodiac. It is located in the
Index 233: Azerbaijan has an economy that has completed its post-Soviet transition into       
Index 234: Arianism       is a nontrinitarian belief that asserts that Jesus Christ is
Index 235: April 22 is the 112th day of the year (113th      in leap years) in 
Index 236: Amos Bronson Alcott (Luketian:        ; 
Index 237: Aikido (Japanese:    , Hepburn:    Aiki
Index 238: Azerbaijan      is situated in the Caucasus region of Eurasia. Three physical
Index 239: Jane Marple     , usually referred to as Miss Marple, is a fictional character appearing
Index 240: The Annales School (French pronunciation: [anal 'nal])
Index 241: Andrei Arsenyevich Tarkovsky (Russian:        
Index 242: In particle physics, antimatter is material composed of particles and antiparticles, which
Index 243: agate /    /t, is a cryptocrystalline variety of silica
Index 244: Arsenic Arsenic is a chemical element with the symbol As and atomic number 33.
Index 245: August 12 is the 224th day of the year in      (225th in leap years) in 
Index 246: Attila (/аа/ or /tl/ or /t
Index 247: Alvin Toffler   (born October 4, 1928) is an American writer and futurist,  
Index 248: Anadyr (Russian: анари анари ) is 
Index 249: All Souls' Day       , in Christianity, is a day commemorating the faithful
Index 250: "The Triumph of Time"       is a poem by Algernon Charles Swinburn
Index 251: Akira Kurosawa (Japanese:        , Hep
Index 252: Alfred Bernhard Nobel (Swedish: nboi nból; no.
Index 253: An allocution    or allocutus is a formal statement made to the court 
Index 254: August 6 is the 218th day of the year in leap years and 19th day of the year in     
Index 255: August 24 is the 236th day in a year with       (84th leap year in
Index 256: August Wilhelm Ambros     (17 November 1876 – 28 June 1816) was an Austria 
Index 257: April 29 is the 119th day of the year (120th in       leap years) in
Index 258: Albert Camus (French: [al.        kamy]; 7 November
Index 259: Animism       (from Latin anima, "breath, spirit, life
Index 260: Afonso Afonso-v (Portuguese pronunciation: [fsu
Index 261: Ataxia   (from Greek - [a negative prefix -- + --
Index 262:         This article is about communications systems in Antigua and Barbuda.
Index 263: The American Civil War, widely known in the United States as simply the Civil War as well as      
Index 264: ASCII, abbreviated as/as/k-ski/ (from
Index 265: Alfred Habbk skar Korzyski (Kodank Habbk, pi
Index 266: Adobe (UK) /dobo/, /dobo/, /dob
Index 267: Afonso Afonso VI (Portuguese pronunciation:   [fu-
Index 268: The politics of Antigua  and Barbuda  takes place in a framework of a  
Index 269: Augustin-Jean Fresnel (frenel)       
Index 270: April 30 is the 120th day of the year (121st in       leap years) in
Index 271: April 1 is         91st day of the year (by leap years
Index 272: Arv able land (from Latin "arv abilis", "land associated with being plowed") is 
Index 273: Abraham (ае-ае-ае-ае-ае, "hm
Index 274: The alpine horn or alphorn or alpenhorn is a labro
Index 275: August 19 is the 2nd day of the year with a leap year of 312      
Index 276:       , the astronomical unit (symbol au or ua)
Index 277: August 13       is the 225th day of the year (226th in leap years) in
Index 278: April 28 is the 118th day of the year (      119th in leap years) in
Index 279: Aga Khan I (Persian:  ; gh:       -
Index 280: The Territory of Ashmore and Cartier Islands       is an uninhabited external territory of Australia consisting
Index 281: Alexander III (Medieval Gaelic:     Alaxandair mac   Ala
Index 282:       For the 'abbr' element of HTML tag, see HTML abbr>.
Index 283: In Christianity, an abbess       (Latin abbatissa, feminine
Index 284: Abalone () or ааааааа (/blni/, 
Index 285: In mathematics, an automorphism is an isomorphism from       a mathematical
Index 286: The Anglican Communion       is an international association of churches consisting of the Church of England
Index 287: August 27 is the 239th day of the year (       in leap years) in 
Index 288: Amalric of Bena Amaury de Bené (French:    
Index 289: An atom is the smallest constituent unit of ordinary matter that has the properties of       a
Index 290:    In mathematics, the absolute value (|| or modulus) of a real number x  
Index 291: Azerbaijan (AZ) (Arabian:         
Index 292: August 18 is the 230th day of the year (        in leap years)
Index 293: Politics of American Samoa       takes place in a framework of a presidential representative democratic
Index 294: An alphabet is a standard set of letters (basic written symbols       or graphemes)
Index 295: Amaranthus      , collectively known as amaranth, is cosm
Index 296: The Azerbaijani Armed Forces (Azerbaijani:      : Az
Index 297: Agathon (Ancient Greek: //; gen.: //;  
Index 298: Amino acids Amino-acids (mn()()()()
Index 299:       This page lists some links to ancient philosophy. In Western philosophy, the spread of Christianity in the
Index 300: August 219 is the 7th day of the year (      ) in leap year 7 of
Index 301: In mathematics and statistics, the arithmetic mean (pronunciation:       
Index 302: Actrius (Catalan film)       (Actresses) is a 1996 directed
Index 303: Casa Milà (Catalan pronunciation:     , miàlà-miézá;
Index 304: Alismatales   (order Alismatales) is a grouping of over 4500 species of flower plants.
Index 305: The demographics of Armenia       is about the demographic features of the population of Armenia, including population growth
Index 306: Alan Mathison Turing, OBE, FRS (       ,jj
Index 307: An axon (an axon from Greek   ,  , akós
Index 308: An argot (English pronunciation:  /arg/; from French   "rièo-
Index 309: Albert the Bear (German: Albrecht der Bär;       c. 1100 –
Index 310:    In common law, assault is the act of apprehension of creating an imminent harmful
Index 311: The Amazing Spider-Man      (abbreviated as ASM) is an American comic book
Index 312: August 8 is the 220th day of the year (221st      in leap years) 
Index 313: The foreign relations of Angola are based on Angola's strong support of   
Index 314: Actinium        is a radioactive chemical element with symbol Ac (not to be
Index 315: Anatolia    (from Greek:   — Anatol  , "east"
Index 316: Ambrose Traversari,       O.S.B. Cam., also referred
Index 317: Ealdred       (or Aldred; died 11 September 1069) was Abbot
Index 318:       An abjad is a type of writing system where each symbol always or usually stands for
Index 319: August 3 is the 215th day of the year (       216 in leap years in
Index 320: Ancient Egypt       was a civilization of ancient Northeastern Africa, concentrated along the lower reaches
Index 321: Antonio Agliardi (4 September 1832 – 19 March 1915) was an Italian    
Index 322: In abstract algebra,  a non-algebraically closed field F contains every root  for   cons
Index 323: In mathematics, the phrase "almost all" has a number of specialised uses       which
Index 324: Alexios II Komnenos      or Alexius II Comnenus ( 
Index 325: Agriculture       is the cultivation of animals, plants, fungi, and other life forms for food
Index 326: Kim Renard Nazel     (born June 17, 1965), better known by his stage name Arabian 
Index 327: Julia Agrippina, most commonly referred to as Agrippina Minor or Ag
Index 328: Cardinal Albert of Brandenburg Albert von Brandenburg (German:  ; 8 June 1466 –
Index 329: Aquarius       is a constellation of the zodiac, situated between Capricornus and
Index 330: Amasis II (Ancient Greek:       ) or Ahmose
Index 331: Alexis (Greek:        – c. 375 BC –
Index 332: In Greco-Roman mythology, Aeneas (     , "ni
Index 333: American Chinese cuisine, known in the United States as simply Chinese cuisine,       is a style of
Index 334: Agrarianism has two common meanings. The first meaning       refers to a social
Index 335: ak-47 The ak-47 (also known as Kalashnikov,   or 
Index 336: The Governor of Alabama is the chief executive of the U.S. state of Alabama.       The
Index 337: In organic chemistry,      or  paraffin, or an alkane (a historical name that
Index 338: This article considers transport in Armenia. For transportation in the Soviet Union, see       Soviet Transport.
Index 339: The Advanced Encryption Standard    (AES), also known as Rijndae   
Index 340: "Alga" redirects here . For places called Alga, see Alga
Index 341: Extreme poverty, or absolute poverty, was originally defined by the United Nations in 1995 as "      
Index 342:    Altruism or    selflessness is the principle or practice of concern for the welfare of others
Index 343: August 31 is the 243rd day of the year (      ), a leap year
Index 344: abscess abscess (Latin: abscessus) is a
Index 345:  (nanda) (Chinese:   ; pinyin:    
Index 346: The Articles of Confederation, formally the Articles of Confederation and       Per
Index 347: Abner Doubleday       (June 26, 1819 – January 26, 1893) was 
Index 348: The terms anno Domini ad (AD) and ad ad (before Christ 
Index 349: Corresponding to most kinds of particles, there is an associated antimatter       antiparticle
Index 350:        This is a list of characters in Ayn Rand's novel Atlas Man
Index 351: Alaric II Alaric II (Gothic:    [aleiks]
Index 352: An acid (from the Latin  "acreus" and  "acide" meaning sour) is
Index 353: Achill Island ( / , Achill; Irish: Acáill/kl of oil
Index 354: Alexander II       was a king of Epirus, and the son of Pyrrhus
Index 355: Anaximander (----------nóskd
Index 356: In the Hebrew Bible and the Quran, Aaron (UK:       ) (Rè
Index 357: Ancylopoda     is a group of browsing, herbivorous, mammals 
Index 358: An astronomer is a scientist in the field of astronomy who studies stars,      
Index 359: The Austrian School       is a school of economic thought that is based on the concept of
Index 360: An assembly line is a manufacturing process (most of the time       called a progressive assembly)
Index 361: The ancient Aramaic alphabet is adapted from the Phoenician alphabet       and became
Index 362: The meaning of the word  American in the English language      varies according to the historical, geographical,
Index 363: Alyattes, king of Lydia (645–619 BC), considered to be   
Index 364: The Plague     (French: La Peste  ) is a novel by Albert Cam
Index 365: Animal Farm       is an allegorical and dystopian novella by George Orwell, first
Index 366: In Greek mythology, Alcmene      (mik'lmn)
Index 367: In mathematics and computer science, an algorithm (   , "lu-rm- " (AL
Index 368: Anah or Ana (Arabic:   ) (Ana:    ),
Index 369: Albert Sidney Johnston      (February 2, 1803 – April 6, 1862) served 
Index 370: Aarhus Aarhus or hhus (Danish pronunciation: [ru-]
Index 371: Analysis of variance       (ANOVA) is a collection of statistical models used to analyze the differences
Index 372: April 26 is the 116th day of the year (      117th in leap years) in
Index 373: Agnes I of mnea Agnes I of mnea (died 1207) was a 
Index 374: Politics of Armenia       takes place in a framework of a presidential representative democratic republic, where
Index 375: Alexander Emmanuel Rodolphe Agassiz (December 17, 1835       – March 27, 1910
Index 376: The Dasyproctidae  are a family of large    South American rod
Index 377: Abortion       is the ending of pregnancy by removing a fetus or
Index 378: The Museum of Work      , or Arbetets museum, is a museum
Index 379: Ajax (Ancient Greek:       ) was a Greek mythological
Index 380:       "America the Beautiful" is an American patriotic song. The lyrics were written by Katha
Index 381: Alexander Graham Bell       (March 3, 1847 – August 2, 1922) was a Scottish
Index 382: The Antigua      and Barbuda Defence Force is the armed force of Antigua 
Index 383: Alder Alder  is the common name of a genus of flowering plants (Al
Index 384: Auto racing       (also known as car racing, motor racing or automobile racing) is a sport
Index 385: Afroasiatic       (Afro-Asiatic), also known as Afrasi
Index 386:        In United States appellate procedure, an appeal is a petition for review of case
Index 387: Afghanistan (Pashto:       /stan/) (Fâfn
Index 388: Asteroids are minor planets, especially those of the inner Solar System. The larger ones      
Index 389: Alaska (U.S.)    ( "lská") is a U.S state
Index 390: Algorithms for calculating variance play a major role in computational statistics.       A
Index 391: The Alps The Alps (Latin:   "lpi"; Italian:  
Index 392: August 15 is the 227th day of the year (228th      in leap years) in 
Index 393: The aspect ratio of a geometric shape is the ratio of its dimensions in different sizes      . For
Index 394: Alfred William Lawson (March 23, 1871 – November 29, 1954) was a
Index 395: The term abdominal surgery broadly covers surgical procedures that involve opening the abdomen. Surgery of each abdominal organ      
Index 396: Animation is the process of creating the illusion of motion      and shape change by means of the rapid display 
Index 397: Antisemitism (also spelled anti-Semitism or      
Index 398: Antigua and Barbuda (          ) (
Index 399: Austrian German, Austrian Standard German:        (sterreichisches Deutsch),
Index 400:  Amphibians are ectothermic,     tetrapod vertebra 
Index 401: Alternate history or alternative history, sometimes abbreviated       AH, is a
Index 402:       "Amazing Grace" is a Christian hymn published in 1779, with words written
Index 403: An anagram       is a type of word play, the result of rearranging the
Index 404: Anbar    (Latin:  ) was a town in Iraq, at 37 deg 
Index 405: In planar geometry, an angle    is the figure formed by two  rays, called   the
Index 406: Alabaster      is a name applied to varieties of two distinct minerals, when used as
Index 407: Ambiguity is a type of uncertainty of meaning in which several interpretations      are plausible.
Index 408: Angolan Armed Forces (Portuguese) The      (Forças Arma
Index 409: Agapanthus africanus      (African lily) is a native
Index 410: Alexander Mackenzie, pac (January 21, 1822 – April 15, 1896), pa, was
Index 411: Anatomy       is the branch of biology concerned with the study of the structure of organisms and
Index 412: Saint Angilbert       (c. 760 – 18 February 814), sometimes known
Index 413:        "American shot" is a translation from a phrase of French film criticism ("
Index 414: Anglicanism        is a tradition within Christianity comprising the Church of England
Index 415: Amati      is the last name of a family of Italian violin makers, who lived at Cre
Index 416: AOL Inc.        (previously known as America Online, written as AOL
Index 417: Araignment       is a formal reading of a criminal charge document arriving
Index 418: Anime (Japanese:  [anime]:      ), also in
Index 419: Anazarbus (mod. Anazari), Med Zarbaja ("ain") was a
Index 420: Antoninus Pius (Latin: Titus Fulvus Aelius      
Index 421: Aldine Press     was the printing office started by Aldus Manutius in 1494
Index 422: Alypius of Antioch was a geographer and alya and a vica
Index 423: The American National Standards Institute (ANSI,    —nsi/an    
Index 424: The alkali metals       are a group (column) in the periodic table
Index 425: Alchemy        is an influential tradition whose practitioners, from antiquity, have
Index 426: Analysis        is the process of breaking a complex topic or substance into smaller parts in order
Index 427: aleister Crowley aleister Crowley (/alei/), born Edward Alexander Crowley (
Index 428: Apocrypha are works, usually written works, that are of unknown authorship, or      
Index 429: This article is       about the demographic features of the population of Angola, including population density,
Index 430: Amber is fossilized tree sap (not resin,      ) which has its natural color and is appreciated
Index 431: Aldous Leonard Huxley ( /lksli>   ) (26
Index 432: Amplitude modulation       (AM) is a modulation technique used in electronic communication,
Index 433: An annual plant       is a plant that completes its life cycle, from germination to
Index 434: Alexis Carrel (French:   [French:     ka'i
Index 435: Irwin Allen Ginsberg (nzbr>      ; ' June
Index 436: Since the adoption of a new constitution in    2010, the politics of  Angola  takes place in 
Index 437: Ayn Rand /annn/ (or /annn/; , born Ali
Index 438: Transport in Angola comprises:            
Index 439: Abdul Alhazred    is a fictional character created by American horror writer H. P. Love
Index 440: André-Marie Ampère (MPR) André-Marie Améry (French:   ; p.
Index 441: In computing, an applet is any one small application that performs a specific task that runs within   
Index 442: In Greek mythology, Agamemnon (Greek:     "mmnómn
Index 443: Also, Also Applied ethics is the philosophical examination on moral issues posed from a private viewpoint
Index 444: Berthold Konrad Hermann Albert Speer (German:        ; March—
Index 445: An anchor anchor is a device, normally made of metal, used to connect a vessel to 
Index 446: Anguilla (anglicized: ааааа, "wng-guill
Index 447: Abydos (Ancient Greek:       ) or Abydus
Index 448: An appellate court, commonly called an appeals court, court of appeals       (American English
Index 449: Armenia       is a landlocked country in the Transcaucasia region, between the Black
Index 450: Amsterdam (English:  or /mrdám/ or /mst-î
Index 451: An abugida (Ge'ed.   , from   'bu-
Index 452: The ardvark (ard/ard/ard/av
Index 453: Andorra (Catalan) Andorra (; /ан a-nd
Index 454: Ahmed II (Ottoman Turkish):          (pron
Index 455: Arachnophobia or arachnephobia (from the Greek:       ,
Index 456: The Alan Parsons Project        are a British progressive rock band, active between 1975 and
Index 457: Ahmed III (Otoman Turkish:     ) (Turkish:   
Index 458: ALGOL ALGOL (Algo-rithmic Language) is a subfamily of  whose imperative is
Index 459: America's National Game       is a book by Albert Spalding, published in 1911
Index 460: The Andaman Islands (      ) form an archipelago in the 
Index 461: Anxiety is an emotion characterized by an unpleasant state of inner turmoil, often accompanied by      
Index 462: The American Film Institute       (AFI) is a film organization that educates filmmakers and
Index 463: The aardwolf (Proteles       cristata) is a small,
Index 464: An amide (ad/ad/ad/ad/m/
Index 465: Albania (Al-Ba,    , "l-bey-ânii
Index 466: Abydos      ( "ba'dos") is one of the 
Index 467: Academy Awards The Academy Awards are the oldest awards ceremonies for achievements within the motion picture      . The Best
Index 468: Alpha  (uppercase: , lowercase: ; Greek:     (Lata:
Index 469: In Norse religion, Asgard (Old Norse:      ''
Index 470: An axiom or postulate       is a premise or starting point of reasoning.
Index 471: Amateur astronomy       is a hobby whose participants enjoy watching the sky, and the
Index 472: An akaka is an artificial organism or a robot designed to look and act like a human,
Index 473: An allegiance is a duty of fidelity       said to be owed, or freely
Index 474: This article will go through a wide range of topics of the geography of the state of Alabama      
Index 475: In the ancient Greek myths, ambrosia (Greek:      
Index 476: The geography of Antarctica is dominated by its south polar location       , and thus
Index 477: Ahenobarbus      was a cognomen used by a plebeian
Index 478: Hermius Amennis Hermiae (   , "moni"
Index 479:       The Atanasoff–Berry computer (ABC) was the first automatic
Index 480:        “Hymn to Proserpine” is a poem by
Index 481: An antipope (Latin: antipa, papa) is a person who 
Index 482: Actinopterygii (pl:    /ktntiâr
Index 483: Alexander II       (Mediaeval Gaelic: Alaxandair mac Uilli
Index 484: International Atomic Time       (TAI, from the French name Temps Atomique International)
Index 485: The Alemanni The Alemanni (Suabi, also   , "Swabian
Index 486: The Armed Forces of the Republic of Armenia comprise two services: the Army,      and the 
Index 487: Argon   is a chemical element with symbol argon and atomic number 18. It is in group 
Index 488: A motor neuron disease       (MND) is any of five neurological disorders that selectively affect
Index 489: In chemistry, an alcohol is any organic compound in which     the  hydroxyl functional group ( 
Index 490: The Alabama River, in the U.S. state of Alabama, is formed by the  Tall
Index 491: An archipelago (or [rk-pluo-pluo]
Index 492: August 25 is the 237th day of the year (238th       in leap years) in
Index 493: Throughout the history of art, forms of art have gone through periodic abrupt changes called      . Movement
Index 494: Ashoka Maurya (Aoka:    , IAST:   -a
Index 495: Aimoin       (c. 960 – c. 1010), French chronic
Index 496: Astatine is a very rare radioactive chemical element with the chemical symbol    and    at atomic
Index 497: Albert Einstein (Anatolian) Albert Einstein (German:   ; transl. "sta",
Index 498: Angola    /nol/ ( ), officially the Republic of Angola'
Index 499: Apollo 11        was the first American spaceflight that landed humans on the Moon Neil

Contents of decoded_labels:
Index 0: Aurelius Ambrosius, better known in English as Saint Ambrose (
Index 1: The Academy Awards or The Oscars is an annual American awards ceremony honoring cinematic achievements in
Index 2: The Economy of Angola is one of the fastest-growing economies in the world, with
Index 3: The northern cavefish or northern blindfish, Amblyopsis spelae
Index 4: Adelaide (/dled/ AD--layd) is the
Index 5: Actaeon (/ktin/; Ancient Greek: 
Index 6: An aromatic hydrocarbon or arene (or sometimes aryl hydrocarbon) is 
Index 7: The Apollo program, also known as Project Apollo, was the third United States human spaceflight
Index 8: Mouthwash, mouth rinse, oral rinse or mouth bath, is a liquid which is
Index 9: Abbot, meaning father, is an ecclesiastical title given to
Index 10: Abensberg (German pronunciation: [abnsb
Index 11: Albert Schweitzer (14 January 1875 – 4 September 1965) was a German—
Index 12: Antonio Lucio Vivaldi (Italian: [antn
Index 13: Accordions (from 19th-century German Akkordeon, from Akkord
Index 14: Americium is a radioactive transuranic chemical element with symbol Am and atomic
Index 15: The Aare (German pronunciation: [ar]) or Aar is
Index 16: Amyntas III (Greek:   ; died
Index 17: The Alexandrists were a school of Renaissance philosophers who, in the great controversy on
Index 18: Aristotle (/rsttl/; Greek:
Index 19: Alexei Petrovich Romanov (Russian: лексе 
Index 20: The Analytical Engine was a proposed mechanical general-purpose computer designed by English mathe
Index 21: Anacharsis (/nkrss/; Greek:
Index 22: NYSE MKT LLC, formerly known as the American Stock Exchange (AMEX), is
Index 23: Anarchism is a political philosophy that advocates stateless societies, often defined as self
Index 24: Augusta Ada King, Countess of Lovelace (née Byron;
Index 25: Assistive technology is an umbrella term that includes assistive, adaptive, and re
Index 26: Alexander Balas (Ancient Greek: o B), ruler
Index 27: American Sign Language (ASL) is the predominant sign language of deaf communities in the
Index 28: An algebraic number is a possibly complex number that is a root of a fi
Index 29: A (named a /e/, plural aes)
Index 30: In philosophy, religion, mythology, and fiction, the afterlife (also referred to
Index 31: The Americans with Disabilities Act of 1990 (ADA) is a law that was 
Index 32: APL (named after the book A Programming Language) is a programming language developed
Index 33: Generally, an answer is a reply to a question.
Index 34: Area is the quantity that expresses the extent of a two-dimensional figure or shape
Index 35: Asphalt (US /sflt/ or UK /sf
Index 36: Arthur Schopenhauer (German: [at pn
Index 37: Altaic /ltek/ is a proposed, but
Index 38: Alboin (530s – June 28, 572) was king of the L
Index 39: Anaxarchus (/nzrks/; Greek:
Index 40: Ahab (Hebrew: , Modern A'av, Tibe
Index 41: The Ashes is a Test cricket series played between England and Australia. The Ashe
Index 42: Ambiorix was, together with Cativolcus, prince of the Eburone
Index 43: The American Football Conference (AFC) is one of the two conferences of the National Football League
Index 44: Alexander I or Aleksandar Obrenovi (Cyrillic: 
Index 45: Alfonso Cuarón Orozco (Spanish pronunciation: [al
Index 46: An amateur (French amateur "lover of", from Old French and ultimately from Latin
Index 47: Alger of Liège (1055–1131), known also as Alger of Clun
Index 48: The Apiaceae or Umbelliferae, commonly known as the celery
Index 49: Anisotropy /nastrpi/
Index 50: Anatoly Yevgenyevich Karpov, PhD (Russian: 
Index 51: Abraham Lincoln /ebrhm lk
Index 52: Albert of Prussia (17 May 1490 – 20 March 1568) was the last Grand
Index 53: Acute disseminated encephalomyelitis (ADEM) is
Index 54: Aztlan Underground is a fusion band from Los Angeles. Since early 1989, Az
Index 55: An aircraft is a machine that is able to fly by gaining support from the air
Index 56: In Norse mythology, Ask and Embla (from Old Norse Askr
Index 57: The abacus (plural abaci or abacuses), also called
Index 58: The MessagePad is the first series of personal digital assistant devices developed by Apple Computer for the
Index 59: Alcuin of York (Latin: Alcuinus, c. 7
Index 60: Ardipithecus is a genus of an extinct hominine
Index 61: Allan Dwan (3 April 1885 – 28 December 1981) was a pioneering
Index 62: Ajax or Aias (/edks/ or
Index 63: The Andes is the longest continental mountain range in the world. It is a continua
Index 64: Alexander Aetolus (Ancient Greek:   )
Index 65: Augustus (Latin: Impertor Caesar Dv F
Index 66: Aruba (/rub/ -ROO-b
Index 67: Asia (/e/ or /e/) is the Earth'
Index 68: Alfonso the Magnanimous KG (also Alphonso; Cat
Index 69: August 22 is the 234th day of the year (235th in leap years) in
Index 70: Antimony is a chemical element with symbol Sb (from Latin: stibium
Index 71: April 6 is the 96th day of the year (97th in leap years) in
Index 72: Alan Alexander Milne (/mln/; 18 January 1882 
Index 73: Alberta (/lbrt/) is a western province of
Index 74: Ames is a city located in the central part of the U.S. state of
Index 75: August 2 is the 214th day of the year (215th in leap years) in
Index 76: Astrometry is the branch of astronomy that involves precise measurements of the positions and movements of
Index 77: An assembly language (or assembler language) is a low-level programming language for
Index 78: Aalborg Municipality is a municipality (Danish, kommune)
Index 79: Agnosticism is the view that the truth values of certain claims – especially metaphysical
Index 80: Animalia is an illustrated children's book by Graeme Base. It was
Index 81: This article is about communications systems in Anguilla.
Index 82: Alcidamas (Greek: ), of Elaea, in
Index 83: Analog Brothers were an experimental hip-hop crew featuring Ice Oscillator also known
Index 84: A Modest Proposal for Preventing the Children of Poor People From Being a
Index 85: Amalaric (Gothic: Amalareiks), or in Spanish
Index 86: Andrey (Andrei) Andreyevich Markov (Russian
Index 87: The Dodo is a fictional character appearing in Chapters 2 and 3 of the book
Index 88: Alan Garner OBE (born 17 October 1934) is an English novelist best known for
Index 89: Angst means fear or anxiety (anguish is its Latinate equivalent, and anxious, anxiety
Index 90: Aristophanes (/rstfniz
Index 91: Ambracia (/mbrei/; Greek: ,
Index 92: Albert II (German: Albrecht; 28 March 1522 – 8 January 1557)
Index 93: Alexander (Ancient Greek: ) was tagus or despot of Ph
Index 94: Armenia is the second most densely populated of the former Soviet republics because of its small
Index 95: Alcamenes (Ancient Greek: ) was an ancient Greek
Index 96: According to the Bible, Absalom or Avshalom (Hebre
Index 97: Allah (English pronunciation: /l/ or /l/;
Index 98: Audi AG (pronounced [ad age]) is
Index 99: August 21 is the 233rd day of the year (234th in leap years)
Index 100: An abbey (from Latin abbatia, from Latin abbs,
Index 101: Ankara (English /kr/; Turkish [a
Index 102: Algorithms is a peer-reviewed open access mathematics journal concerning design,
Index 103: Agnostida is an order of arthropod which first developed near the end of the
Index 104: Absolute zero is the lower limit of the thermodynamic temperature scale, a state at which
Index 105: Anthropology is the study of humanity. Its main subdivisions are social and cultural anthropo
Index 106: August 14 is the 226th day of the year (227th in leap years) in
Index 107: The Park Güell (Catalan: Parc Güell [par 
Index 108: An artist is a person engaged in one or more of any of a broad spectrum of
Index 109: AWK is an interpreted programming language designed for text processing and typically used as a
Index 110: The ampere (SI unit symbol: A), often shortened to "amp",
Index 111: Athena (/in/; Attic Greek: ,
Index 112: Dame Agatha Mary Clarissa Christie, DBE (née Miller; 15 September
Index 113: An anaconda is a large snake found in tropical South America.
Index 114: Apple Computer 1, also known retroactively as the Apple I, or Apple-1, was released
Index 115: Alcaeus of Mytilene (/lsis/
Index 116: Abraxas (Gk. , variant form Abrasax,
Index 117: Anatole France (French: [anatl fs]
Index 118: A Clockwork Orange is a dystopian novel by Anthony Burgess published
Index 119: Arminianism is based on theological ideas of the Dutch Reformed theologian
Index 120: An army (from Latin arma "arms, weapons" via Old French armée,
Index 121: Alfred Russel Wallace OM FRS (8 January 1823 – 7 November 1913)
Index 122: Afro Celt Sound System is a musical group which fuses modern electronic dance rhythms
Index 123: Alessandro Algardi (31 July 1598 – 10 June 1654)
Index 124: The Aegean Sea (/din/; Greek: 
Index 125: Asterales /streliz/ is an order
Index 126: Since its independence, Armenia has maintained a policy of complementarism by trying to have friendly
Index 127: Art is a diverse range of human activities and the products of those activities, usually involving
Index 128: Alexander (/lzndr/, /lz
Index 129: Aberdeenshire (Scottish Gaelic: Siorrachd Obar Dhea
Index 130: The Antarctic Treaty and related agreements, collectively known as the Antarctic Treaty System (ATS
Index 131: Alain Connes (French: [al kn];
Index 132: August 17 is the 229th day of the year (230th in leap years) in
Index 133: Ambrosians are members of one of the religious brotherhoods which at various times since
Index 134: The Amber Diceless Roleplaying Game is a role-playing game created
Index 135: The almond (/mnd/ or /lmnd/)
Index 136: August 9 is the 221st day of the year (222nd in leap years)
Index 137: Aluminium (or aluminum; see different endings) is a chemical element in the boro
Index 138: Transport in Antarctica has transformed from explorers crossing the isolated remote area of Antarctica by
Index 139: The Austroasiatic languages, in recent classifications synonymous with Mon–Khmer,
Index 140: Afonso IV (Portuguese pronunciation: [fsu
Index 141: Asociación Alumni, usually just Alumni, is a rugby union club located in Tor
Index 142: Amethyst is a violet variety of quartz often used in jewelry. The
Index 143: The Book of Amos is a prophetic book of the Hebrew Bible, one of the
Index 144: An acropolis (Greek: ; from akros or 
Index 145: Alexander of Aphrodisias (Greek:   
Index 146: Anna Sergeyevna Kournikova (Russian: нна
Index 147: Not to be confused with Amathus, PalestineAmathus (Ancient Greek
Index 148: In Greek mythology, Achilles (/kliz/; Ancient
Index 149: Apple Inc. (commonly known as Apple) is an American multinational technology company headquartered
Index 150: Apollo (Attic, Ionic, and Homeric Greek: , Apol
Index 151: Sir Sultan Muhammed Shah, Aga Khan III, GCSI, GCMG,
Index 152: ABBA (stylised ) were a Swedish pop group formed
Index 153: Arthur Aikin, FLS, FGS (19 May 1773 – 15 April 
Index 154: Alfonso II (759 – 20 March 842), called the Chaste
Index 155: Avicenna (/vsn/; Latinate form
Index 156: The Atlantic Ocean is the second largest of the world's oceanic divisions, following the
Index 157: Alexander I Jagiellon (Polish: Aleksander Jagielloczyk
Index 158: An architect is a person who plans, designs, and oversees the construction of buildings.
Index 159: Artificial intelligence (AI) is the intelligence exhibited by machines or software. It is also the
Index 160: Abbotsford is a historic country house in the Scottish Borders, at the town
Index 161: Aquaculture, also known as aquafarming, is the farming of aquatic organisms such
Index 162: An atomic orbital is a mathematical function that describes the wave-like behavior of either
Index 163: An astronaut (or cosmonaut) is a person trained by a human space
Index 164: The anthophytes were thought to be a clade comprising plants bearing
Index 165: Aphrodite (/frdati/ af-
Index 166: American Samoa has a total of 241 km of highways (estimated
Index 167: In the Book of Samuel, Abner (Hebrew  "Avner"
Index 168: August (/st/ AW-gst) is the eighth month
Index 169: Vipsania Agrippina, most commonly known as Agrippina Major or
Index 170: The Apache Software Foundation /pti/ (ASF) is
Index 171: August 16 is the 228th day of the year (229th in leap years) in
Index 172: Asparagales is the name of an order of plants, used in modern classification systems such
Index 173: Azerbaijan is a member of the United Nations, the Non-Aligne
Index 174: April 13 is the 103rd day of the year (104th in leap years)
Index 175: Hercule Poirot (/rkjul pw
Index 176: Alexander III of Macedon (20/21 July 356 BC – 10/11 June 323 BC
Index 177: Alabama (/lbm/) is a state located in the
Index 178: Advanced Chemistry is a German hip hop group from Heidelberg, a scenic city in Baden
Index 179: Acacia (/ke/ or /kesi/
Index 180: Algol (Beta Per,  Persei,  Per),
Index 181: Alp Arslan (Turkic; in Persian:   
Index 182: American Samoa, located within the geographical region of Oceania, is one of only
Index 183: August William Derleth (February 24, 1909 – July 4, 1971) was an American
Index 184: Alan Curtis Kay (born May 17, 1940 ) is an American computer scientist. He
Index 185: Autism is a neurodevelopmental disorder characterized by impaired social interaction, verbal and non
Index 186: Arabic /rbk/ (Arabic:  ,
Index 187: The American Revolutionary War (1775–1783), the American War of Independence, or simply
Index 188: Alfons Maria Jakob (2 July 1884, Aschaffenburg/B
Index 189: Ailanthus (/lns/; derived from a
Index 190: An affidavit (/fdevt/ A
Index 191: The economy of American Samoa is a traditional Polynesian economy in which more
Index 192: Alexander I of Epirus (Ancient Greek:  ' 
Index 193: Andy Warhol (/wrhl/; August 6, 1928 –
Index 194: Alredus, or Alfred of Beverley, (fl. 1143), English
Index 195: April 15 is the 105th day of the year (106th in leap years) in
Index 196: An author is broadly defined as "the person who originated or gave existence to anything" and 
Index 197: Andre Kirk Agassi (/ndre si/; born April
Index 198: Alfheim (Old Norse: lfheimr, "
Index 199: Amines (US: /minz/ or /min
Index 200: In the Book of Exodus, Amram (/mrm/ 
Index 201: In law, an abstract is a brief statement that contains the most important points of a
Index 202: Ahmed I (Ottoman Turkish:   Amed-i 
Index 203: Algeria (Arabic:  al-Jaz'ir), officially
Index 204: An American in Paris is a jazz-influenced symphonic poem by the American
Index 205: This article is about the demographic features of the population of Antigua and Barbuda,
Index 206: April 16 is the 106th day of the year (107th in leap years) in
Index 207: Sir Alfred Joseph Hitchcock, KBE (13 August 1899 – 29 April 1980
Index 208: August 1 is the 213th day of the year (214th in leap years) in
Index 209: In algorithmic information theory (a subfield of computer science and mathematics), the Kolmogo
Index 210: April is the fourth month of the year in the Gregorian calendar, the fifth in
Index 211: The Apiales are an order of flowering plants. The families are those recognized in the
Index 212: Alexander I (medieval Gaelic: Alaxandair mac Mal
Index 213: Asteroids is an arcade space shooter released in November 1979 by Atari, Inc.
Index 214: Alain de Lille (or Alanus ab Insulis) (c. 1128 
Index 215: This article is about the demographic features of the population of American Samoa, including population density
Index 216: Albedo (/lbido/), or reflection coefficient
Index 217: The Asteraceae or Compositae (commonly referred to
Index 218: Anarcho-capitalism (anarcho referring to the lack of a
Index 219: An analog or analogue signal is any continuous signal for which the time varying feature (
Index 220: Azincourt (French pronunciation: [azku]; historically,
Index 221: Ada is a structured, statically typed, imperative, wide-spectrum,
Index 222: André Paul Guillaume Gide (French: [de pl
Index 223: April 12 is the 102nd day of the year (103rd in leap years)
Index 224: In chemistry and physics, the atomic number of a chemical element (also known
Index 225: Casa Batlló (Catalan pronunciation: [kaz o]
Index 226: August 23 is the 235th day of the year (236th in leap years) in
Index 227: Apollo 8, the second human spaceflight mission in the United States Apollo space program, was launched
Index 228: An alloy is a mixture of metals or a mixture of a metal and another
Index 229: Alfred Elton van Vogt (/vn vot/; April
Index 230: Arne Kaijser (born 1950) is a professor of History of Technology
Index 231: An adventure is an exciting or unusual experience. It may also be a bold, usually risk
Index 232: Aries is one of the constellations of the zodiac. It is located in the
Index 233: Azerbaijan has an economy that has completed its post-Soviet transition into 
Index 234: Arianism is a nontrinitarian belief that asserts that Jesus Christ is
Index 235: April 22 is the 112th day of the year (113th in leap years) in
Index 236: Amos Bronson Alcott (/lkt, -k
Index 237: Aikido (Japanese: , Hepburn: Aiki
Index 238: Azerbaijan is situated in the Caucasus region of Eurasia. Three physical
Index 239: Jane Marple, usually referred to as Miss Marple, is a fictional character appearing
Index 240: The Annales School (French pronunciation: [a'nal]) is 
Index 241: Andrei Arsenyevich Tarkovsky (Russian: нд
Index 242: In particle physics, antimatter is material composed of antiparticles, which have
Index 243: Agate /t/ is a cryptocrystalline variety of silica, chief
Index 244: Arsenic is a chemical element with symbol As and atomic number 33. Ar
Index 245: August 12 is the 224th day of the year (225th in leap years) in
Index 246: Attila (/tl/ or /tl
Index 247: Alvin Toffler (born October 4, 1928) is an American writer and futurist,
Index 248: Anadyr (Russian: надр) is 
Index 249: All Souls' Day, in Christianity, is a day commemorating the faithful departed
Index 250: "The Triumph of Time" is a poem by Algernon Charles Swinburn
Index 251: Akira Kurosawa (Japanese:  , Hep
Index 252: Alfred Bernhard Nobel (/nobl/; Swedish: [al
Index 253: An allocution or allocutus is a formal statement made to the court
Index 254: August 6 is the 218th day of the year (219th in leap years) in
Index 255: August 24 is the 236th day of the year (237th in leap years) in
Index 256: August Wilhelm Ambros (17 November 1816 – 28 June 1876) was an Austria
Index 257: April 29 is the 119th day of the year (120th in leap years) in
Index 258: Albert Camus (French: [alb kamy]; 7 November 19
Index 259: Animism (from Latin anima, "breath, spirit, life
Index 260: Afonso V (Portuguese pronunciation: [fsu
Index 261: Ataxia (from Greek - [a negative prefix] + -
Index 262: This article is about communications systems in Antigua and Barbuda.
Index 263: The American Civil War, widely known in the United States as simply the Civil War as well as
Index 264: ASCII (/ski/ ASS-kee), abbreviated from
Index 265: Alfred Habdank Skarbek Korzybski ([kpski]
Index 266: Adobe (/dobi/, UK /dob
Index 267: Afonso VI (Portuguese pronunciation: [fsu
Index 268: The politics of Antigua and Barbuda takes place in a framework of a
Index 269: Augustin-Jean Fresnel (/frenl/
Index 270: April 30 is the 120th day of the year (121st in leap years) in
Index 271: April 1 is the 91st day of the year (92nd in leap years)
Index 272: Arable land (from Latin arabilis, "able to be plowed") is
Index 273: Abraham (/ebrhm, -hm/
Index 274: The alphorn or alpenhorn or alpine horn is a labro
Index 275: August 19 is the 231st day of the year (232nd in leap years)
Index 276: The astronomical unit (symbol au, AU or ua)
Index 277: August 13 is the 225th day of the year (226th in leap years) in
Index 278: April 28 is the 118th day of the year (119th in leap years) in
Index 279: Aga Khan I (Persian:    ; g
Index 280: The Territory of Ashmore and Cartier Islands is an uninhabited external territory of Australia consisting
Index 281: Alexander III (Medieval Gaelic: Alaxandair mac Ala
Index 282: For the abbr> HTML tag, see HTML element abbr>.
Index 283: In Christianity, an abbess (Latin abbatissa, feminine
Index 284: Abalone (/bloni/ or /
Index 285: In mathematics, an automorphism is an isomorphism from a mathematical
Index 286: The Anglican Communion is an international association of churches consisting of the Church of England
Index 287: August 27 is the 239th day of the year (240th in leap years) in
Index 288: Amalric of Bena (French: Amaury de Bène, Am
Index 289: An atom is the smallest constituent unit of ordinary matter that has the properties of a
Index 290: In mathematics, the absolute value (or modulus) |x| of a real number
Index 291: Azerbaijan (/zrbadn/ AZ
Index 292: August 18 is the 230th day of the year (231st in leap years)
Index 293: Politics of American Samoa takes place in a framework of a presidential representative democratic
Index 294: An alphabet is a standard set of letters (basic written symbols or graphemes)
Index 295: Amaranthus, collectively known as amaranth, is a cosm
Index 296: The Azerbaijani Armed Forces (Azerbaijani: Az
Index 297: Agathon (/n/; Greek: , gen.: 
Index 298: Amino acids (/mino, mn
Index 299: This page lists some links to ancient philosophy. In Western philosophy, the spread of Christianity in the
Index 300: August 7 is the 219th day of the year (220th in leap years) in
Index 301: In mathematics and statistics, the arithmetic mean (pronunciation: 
Index 302: Actrius (Catalan: Actresses) is a 1996 film directed by
Index 303: Casa Milà (Catalan pronunciation: [kz mia],
Index 304: Alismatales is an order of flowering plants including about 4500 species. Plants
Index 305: The demographics of Armenia is about the demographic features of the population of Armenia, including population growth
Index 306: Alan Mathison Turing, OBE, FRS (/tjr
Index 307: An axon (from Greek  áxn, axis
Index 308: An argot (English pronunciation: /ro/; from French ar
Index 309: Albert the Bear (German: Albrecht der Bär; c. 1100 –
Index 310: In common law, assault is the act of creating apprehension of an imminent harmful
Index 311: The Amazing Spider-Man (abbreviated as ASM) is an American comic book
Index 312: August 8 is the 220th day of the year (221st in leap years)
Index 313: The foreign relations of Angola are based on Angola's strong support of
Index 314: Actinium is a radioactive chemical element with symbol Ac (not to be confused with
Index 315: Anatolia (from Greek , Anatol — "east"
Index 316: Ambrose Traversari, O.S.B. Cam., also referred
Index 317: Ealdred (or Aldred; died 11 September 1069) was Abbot
Index 318: An abjad is a type of writing system where each symbol always or usually stands for
Index 319: August 3 is the 215th day of the year (216th in leap years) in
Index 320: Ancient Egypt was a civilization of ancient Northeastern Africa, concentrated along the lower reaches
Index 321: Antonio Agliardi (4 September 1832 – 19 March 1915) was an Italian
Index 322: In abstract algebra, an algebraically closed field F contains a root for every non-cons
Index 323: In mathematics, the phrase "almost all" has a number of specialised uses which
Index 324: Alexios II Komnenos or Alexius II Comnenus (
Index 325: Agriculture is the cultivation of animals, plants, fungi, and other life forms for food
Index 326: Kim Renard Nazel (born June 17, 1965), better known by his stage name Arabian
Index 327: Julia Agrippina, most commonly referred to as Agrippina Minor or Ag
Index 328: Cardinal Albert of Brandenburg (German: Albrecht von Brandenburg; 28 June 1490 
Index 329: Aquarius is a constellation of the zodiac, situated between Capricornus and
Index 330: Amasis II (Ancient Greek: ) or Ahmose
Index 331: Alexis (Greek: ; c. 375 BC – 
Index 332: In Greco-Roman mythology, Aeneas (/ni
Index 333: American Chinese cuisine, known in the United States as simply Chinese cuisine, is a style of
Index 334: Agrarianism has two common meanings. The first meaning refers to a social
Index 335: The AK-47 (also known as Kalashnikov, AK, or
Index 336: The Governor of Alabama is the chief executive of the U.S. state of Alabama. The
Index 337: In organic chemistry, an alkane, or paraffin (a historical name that also
Index 338: This article considers transport in Armenia. For Soviet transportation, see Transport in the Soviet Union.
Index 339: The Advanced Encryption Standard (AES), also known as Rijndae
Index 340: "Alga" redirects here. For places called Alga, see Al
Index 341: Extreme poverty, or absolute poverty, was originally defined by the United Nations in 1995 as "
Index 342: Altruism or selflessness is the principle or practice of concern for the welfare of others
Index 343: August 31 is the 243rd day of the year (244th in leap years)
Index 344: An abscess (Latin: abscessus) is a
Index 345: nanda (Chinese: ; pinyin: 
Index 346: The Articles of Confederation, formally the Articles of Confederation and Per
Index 347: Abner Doubleday (June 26, 1819 – January 26, 1893) was 
Index 348: The terms anno Domini (AD or A.D.) and before Christ (BC
Index 349: Corresponding to most kinds of particles, there is an associated antimatter antiparticle
Index 350: This is a list of characters in Ayn Rand's novel Atlas Shrugged
Index 351: Alaric II (Gothic: *Alareiks II), also
Index 352: An acid (from the Latin acidus/acre meaning sour) is
Index 353: Achill Island (/kl/; Irish: Acaill, Oile
Index 354: Alexander II was a king of Epirus, and the son of Pyrrhus
Index 355: Anaximander (/nksmndr/;
Index 356: In the Hebrew Bible and the Quran, Aaron  (UK /r
Index 357: Ancylopoda is a group of browsing, herbivorous, mammals
Index 358: An astronomer is a scientist in the field of astronomy who studies stars,
Index 359: The Austrian School is a school of economic thought that is based on the concept of
Index 360: An assembly line is a manufacturing process (most of the time called a progressive assembly)
Index 361: The ancient Aramaic alphabet is adapted from the Phoenician alphabet and became
Index 362: The meaning of the word American in the English language varies according to the historical, geographical,
Index 363: Alyattes, king of Lydia (619–560 BC), considered to be
Index 364: The Plague (French: La Peste) is a novel by Albert Cam
Index 365: Animal Farm is an allegorical and dystopian novella by George Orwell, first
Index 366: In Greek mythology, Alcmene /lkmin
Index 367: In mathematics and computer science, an algorithm (/lrm/ AL-
Index 368: Anah or Ana (Arabic:  , na), 
Index 369: Albert Sidney Johnston (February 2, 1803 – April 6, 1862) served
Index 370: Aarhus or rhus (Danish pronunciation: [hu
Index 371: Analysis of variance (ANOVA) is a collection of statistical models used to analyze the differences
Index 372: April 26 is the 116th day of the year (117th in leap years) in
Index 373: Agnes Maria of Andechs-Merania (died 1201) was a
Index 374: Politics of Armenia takes place in a framework of a presidential representative democratic republic, where
Index 375: Alexander Emmanuel Rodolphe Agassiz (December 17, 1835 – March 27, 1910
Index 376: The Dasyproctidae are a family of large South American rod
Index 377: Abortion is the ending of pregnancy by removing a fetus or
Index 378: The Museum of Work, or Arbetets museum, is a museum located
Index 379: Ajax (Ancient Greek: ) was a Greek mythological
Index 380: "America the Beautiful" is an American patriotic song. The lyrics were written by Katha
Index 381: Alexander Graham Bell (March 3, 1847 – August 2, 1922) was a Scottish
Index 382: The Antigua and Barbuda Defence Force is the armed force of Antigua
Index 383: Alder is the common name of a genus of flowering plants (Al
Index 384: Auto racing (also known as car racing, motor racing or automobile racing) is a sport
Index 385: Afroasiatic (Afro-Asiatic), also known as Afrasi
Index 386: In United States appellate procedure, an appeal is a petition for review of a case
Index 387: Afghanistan /fnstn/ (Pashto/D
Index 388: Asteroids are minor planets, especially those of the inner Solar System. The larger ones
Index 389: Alaska (/lsk/) is a U.S. state
Index 390: Algorithms for calculating variance play a major role in computational statistics. A
Index 391: The Alps (/lps/; Italian: Alpi [
Index 392: August 15 is the 227th day of the year (228th in leap years) in
Index 393: The aspect ratio of a geometric shape is the ratio of its sizes in different dimensions. For
Index 394: Alfred William Lawson (March 24, 1869 – November 29, 1954) was a professional
Index 395: The term abdominal surgery broadly covers surgical procedures that involve opening the abdomen. Surgery of each abdominal organ
Index 396: Animation is the process of creating the illusion of motion and shape change by means of the rapid display
Index 397: Antisemitism (also spelled anti-Semitism or
Index 398: Antigua and Barbuda (/nti nd 
Index 399: Austrian German (German: sterreichisches Deutsch), Austrian Standard German,
Index 400: Amphibians are ectothermic, tetrapod vertebra
Index 401: Alternate history or alternative history, sometimes abbreviated AH, is a
Index 402: "Amazing Grace" is a Christian hymn published in 1779, with words written
Index 403: An anagram is a type of word play, the result of rearranging the
Index 404: Anbar () was a town in Iraq, at lat. 33 deg
Index 405: In planar geometry, an angle is the figure formed by two rays, called the
Index 406: Alabaster is a name applied to varieties of two distinct minerals, when used as 
Index 407: Ambiguity is a type of uncertainty of meaning in which several interpretations are plausible.
Index 408: The Angolan Armed Forces (Portuguese: Forças Arma
Index 409: Agapanthus africanus (African lily) is a native
Index 410: Alexander Mackenzie, PC (January 28, 1822 – April 17, 1892), was
Index 411: Anatomy is the branch of biology concerned with the study of the structure of organisms and
Index 412: Saint Angilbert (c. 760 – 18 February 814), sometimes known
Index 413: "American shot" is a translation of a phrase from French film criticism, "plan
Index 414: Anglicanism is a tradition within Christianity comprising the Church of England and churches
Index 415: Amati is the last name of a family of Italian violin makers, who lived at Cre
Index 416: AOL Inc. (previously known as America Online, written as AOL and style
Index 417: Arraignment is a formal reading of a criminal charging document in the presence
Index 418: Anime (Japanese: , [anime]), also in
Index 419: Anazarbus (med. Ain Zarba; mod. Anavarza) was an
Index 420: Antoninus Pius (Latin: Titus Fulvus Aelius
Index 421: Aldine Press was the printing office started by Aldus Manutius in 1494
Index 422: Alypius of Antioch was a geographer and a vica
Index 423: The American National Standards Institute (ANSI, /nsi/ AN
Index 424: The alkali metals are a group (column) in the periodic table
Index 425: Alchemy is an influential tradition whose practitioners have, from antiquity, claimed it
Index 426: Analysis is the process of breaking a complex topic or substance into smaller parts in order to gain
Index 427: Aleister Crowley (/kroli/; born Edward Alexander Crowley;
Index 428: Apocrypha are works, usually written works, that are of unknown authorship, or
Index 429: This article is about the demographic features of the population of Angola, including population density,
Index 430: Amber is fossilized tree resin (not sap), which has been appreciated for its color and natural
Index 431: Aldous Leonard Huxley /hksli/ (26
Index 432: Amplitude modulation (AM) is a modulation technique used in electronic communication,
Index 433: An annual plant is a plant that completes its life cycle, from germination to
Index 434: Alexis Carrel (French: [alksi ka
Index 435: Irwin Allen Ginsberg (/nzbr/; June
Index 436: Since the adoption of a new constitution in 2010, the politics of Angola takes place in
Index 437: Ayn Rand (/an rnd/; born Ali
Index 438: Transport in Angola comprises:
Index 439: Abdul Alhazred is a fictional character created by American horror writer H. P. Love
Index 440: André-Marie Ampère (/mpr/; French: [p
Index 441: In computing, an applet is any small application that performs one specific task that runs within
Index 442: In Greek mythology, Agamemnon (/mmnn
Index 443: Applied ethics is the philosophical examination, from a moral standpoint, of particular issues in private
Index 444: Berthold Konrad Hermann Albert Speer (German: [pe]; March
Index 445: An anchor is a device, normally made of metal, used to connect a vessel to
Index 446: Anguilla (/wl/ ang-GWIL-
Index 447: Abydos (Ancient Greek: ) or Abydus
Index 448: An appellate court, commonly called an appeals court, court of appeals (American English
Index 449: Armenia is a landlocked country in the Transcaucasia region, between the Black
Index 450: Amsterdam (English /mstrdm/ or /
Index 451: An abugida /buid/ (from Ge'
Index 452: The aardvark (/rd.vrk/ ARD
Index 453: Andorra (/ndr/; Catalan:
Index 454: Ahmed II (Ottoman Turkish:   Amed-i 
Index 455: Arachnophobia or arachnephobia (from the Greek: ,
Index 456: The Alan Parsons Project are a British progressive rock band, active between 1975 and 1990,
Index 457: Ahmed III (Ottoman Turkish:   Amed-i 
Index 458: ALGOL (short for ALGOrithmic Language) is a family of imperative
Index 459: America's National Game is a book by Albert Spalding, published in 1911
Index 460: The Andaman Islands ( ) form an archipelago in the
Index 461: Anxiety is an emotion characterized by an unpleasant state of inner turmoil, often accompanied
Index 462: The American Film Institute (AFI) is a film organization that educates filmmakers and
Index 463: The aardwolf (Proteles cristata) is a small,
Index 464: An amide (/mad/ or /md/
Index 465: Albania (/lbeni/, al-BAY-n
Index 466: Abydos /bads/ is one of the
Index 467: The Academy Awards are the oldest awards ceremony for achievements in motion pictures. The Academy Award for Best
Index 468: Alpha (uppercase , lowercase ; Greek:  l
Index 469: In Norse religion, Asgard (Old Norse: ''
Index 470: An axiom or postulate is a premise or starting point of reasoning.
Index 471: Amateur astronomy is a hobby whose participants enjoy watching the sky, and the
Index 472: An android is a robot or synthetic organism designed to look and act like a human,
Index 473: An allegiance is a duty of fidelity said to be owed, or freely
Index 474: This article will go through a wide range of topics of the geography of the state of Alabama
Index 475: In the ancient Greek myths, ambrosia (Greek: 
Index 476: The geography of Antarctica is dominated by its south polar location and, thus, by
Index 477: Ahenobarbus was a cognomen used by a plebeian
Index 478: Ammonius Hermiae (/monis/
Index 479: The Atanasoff–Berry computer (ABC) was the first automatic
Index 480: “Hymn to Proserpine” is a poem by Alger
Index 481: An antipope (Latin: antipapa) is a person who,
Index 482: Actinopterygii /ktnptr
Index 483: Alexander II (Mediaeval Gaelic: Alaxandair mac Uilli
Index 484: International Atomic Time (TAI, from the French name Temps Atomique International)
Index 485: The Alemanni (also Alamanni; Suebi "Swabian
Index 486: The Armed Forces of the Republic of Armenia comprise two services: the Army, and the
Index 487: Argon is a chemical element with symbol Ar and atomic number 18. It is in group
Index 488: A motor neuron disease (MND) is any of five neurological disorders that selectively affect
Index 489: In chemistry, an alcohol is any organic compound in which the hydroxyl functional group (
Index 490: The Alabama River, in the U.S. state of Alabama, is formed by the Tall
Index 491: An archipelago (/rkplo/
Index 492: August 25 is the 237th day of the year (238th in leap years) in
Index 493: Throughout history, forms of art have gone through periodic abrupt changes called artistic revolutions. Movement
Index 494: Ashoka Maurya (IAST: Aoka; /o
Index 495: Aimoin (c. 960 – c. 1010), French chronic
Index 496: Astatine is a very rare radioactive chemical element with the chemical symbol At and atomic
Index 497: Albert Einstein (/anstan/; German: [al
Index 498: Angola /nol/, officially the Republic of An
Index 499: Apollo 11 was the spaceflight that landed the first humans on the Moon, Americans Neil

Pair #1
--------------------------------------------------
 index: 327
[pred] Julia Agrippina, most commonly referred to as Agrippina Minor or Ag
[true] Julia Agrippina, most commonly referred to as Agrippina Minor or Ag
--------------------------------------------------

Pair #2
--------------------------------------------------
 index: 57
[pred] The abacus (plural abacuses or abacis), also called 
[true] The abacus (plural abaci or abacuses), also called
--------------------------------------------------

Pair #3
--------------------------------------------------
 index: 12
[pred] Antonio Lucio Vivaldi (Italian:         
[true] Antonio Lucio Vivaldi (Italian: [antn
--------------------------------------------------

Pair #4
--------------------------------------------------
 index: 379
[pred] Ajax (Ancient Greek:       ) was a Greek mythological
[true] Ajax (Ancient Greek: ) was a Greek mythological
--------------------------------------------------

Pair #5
--------------------------------------------------
 index: 140
[pred] Afonso Afonso IV (Portuguese pronunciation: "[fu 
[true] Afonso IV (Portuguese pronunciation: [fsu
--------------------------------------------------


{'eval_loss': 2.243041753768921, 'eval_model_preparation_time': 0.0202, 'eval_pred_num_tokens': 31.0, 'eval_true_num_tokens': 19.890625, 'eval_token_set_precision': 0.8930530834404675, 'eval_token_set_recall': 0.8830157969481501, 'eval_token_set_f1': 0.8851470579716932, 'eval_token_set_f1_sem': np.float64(0.007092874598437647), 'eval_n_ngrams_match_1': 11.006, 'eval_n_ngrams_match_2': 9.1, 'eval_n_ngrams_match_3': 7.67, 'eval_num_true_words': 12.054, 'eval_num_pred_words': 12.62, 'eval_bleu_score': np.float64(71.23806177961524), 'eval_bleu_score_sem': np.float64(1.4257040877660276), 'eval_rouge_score': np.float64(0.8795896778401555), 'eval_exact_match': np.float64(0.002), 'eval_exact_match_sem': np.float64(0.002), 'eval_emb_cos_sim': 0.9671577215194702, 'eval_emb_cos_sim_sem': np.float64(0.010257390327751637), 'eval_emb_top1_equal': 0.6875, 'eval_emb_top1_equal_sem': np.float64(0.11967839300632477), 'eval_runtime': 4064.5689, 'eval_samples_per_second': 0.123, 'eval_steps_per_second': 0.008}
+++ Evaluation Metrics +++
eval_loss: 2.243041753768921
eval_model_preparation_time: 0.0202
eval_pred_num_tokens: 31.0
eval_true_num_tokens: 19.890625
eval_token_set_precision: 0.8930530834404675
eval_token_set_recall: 0.8830157969481501
eval_token_set_f1: 0.8851470579716932
eval_token_set_f1_sem: 0.007092874598437647
eval_n_ngrams_match_1: 11.006
eval_n_ngrams_match_2: 9.1
eval_n_ngrams_match_3: 7.67
eval_num_true_words: 12.054
eval_num_pred_words: 12.62
eval_bleu_score: 71.23806177961524
eval_bleu_score_sem: 1.4257040877660276
eval_rouge_score: 0.8795896778401555
eval_exact_match: 0.002
eval_exact_match_sem: 0.002
eval_emb_cos_sim: 0.9671577215194702
eval_emb_cos_sim_sem: 0.010257390327751637
eval_emb_top1_equal: 0.6875
eval_emb_top1_equal_sem: 0.11967839300632477
eval_runtime: 4064.5689
eval_samples_per_second: 0.123
eval_steps_per_second: 0.008
Time taken: 4064.7712705135345
Current memory usage: 5.28MB; Peak: 10.55MB
